CRITICAL - 2022-06-10 00:52:01 --> syntax error, unexpected token "class", expecting ")"
#0 C:\xampp\htdocs\Parodi\system\View\View.php(213): CodeIgniter\View\View->CodeIgniter\View\{closure}()
#1 C:\xampp\htdocs\Parodi\system\Common.php(1089): CodeIgniter\View\View->render('productos', Array, true)
#2 C:\xampp\htdocs\Parodi\app\Controllers\Productos_Controllers.php(125): view('productos', Array)
#3 C:\xampp\htdocs\Parodi\system\CodeIgniter.php(832): App\Controllers\Productos_Controllers->mostrarProductos()
#4 C:\xampp\htdocs\Parodi\system\CodeIgniter.php(419): CodeIgniter\CodeIgniter->runController(Object(App\Controllers\Productos_Controllers))
#5 C:\xampp\htdocs\Parodi\system\CodeIgniter.php(326): CodeIgniter\CodeIgniter->handleRequest(NULL, Object(Config\Cache), false)
#6 C:\xampp\htdocs\Parodi\index.php(37): CodeIgniter\CodeIgniter->run()
#7 {main}
CRITICAL - 2022-06-10 01:29:41 --> syntax error, unexpected token "}", expecting ";"
#0 C:\xampp\htdocs\Parodi\system\Autoloader\Autoloader.php(241): CodeIgniter\Autoloader\Autoloader->includeFile('C:\\xampp\\htdocs...')
#1 C:\xampp\htdocs\Parodi\system\Autoloader\Autoloader.php(219): CodeIgniter\Autoloader\Autoloader->loadInNamespace('App\\Controllers...')
#2 [internal function]: CodeIgniter\Autoloader\Autoloader->loadClass('App\\Controllers...')
#3 C:\xampp\htdocs\Parodi\system\CodeIgniter.php(797): class_exists('\\App\\Controller...', true)
#4 C:\xampp\htdocs\Parodi\system\CodeIgniter.php(406): CodeIgniter\CodeIgniter->startController()
#5 C:\xampp\htdocs\Parodi\system\CodeIgniter.php(326): CodeIgniter\CodeIgniter->handleRequest(NULL, Object(Config\Cache), false)
#6 C:\xampp\htdocs\Parodi\index.php(37): CodeIgniter\CodeIgniter->run()
#7 {main}
CRITICAL - 2022-06-10 01:29:43 --> syntax error, unexpected token "}", expecting ";"
#0 C:\xampp\htdocs\Parodi\system\Autoloader\Autoloader.php(241): CodeIgniter\Autoloader\Autoloader->includeFile('C:\\xampp\\htdocs...')
#1 C:\xampp\htdocs\Parodi\system\Autoloader\Autoloader.php(219): CodeIgniter\Autoloader\Autoloader->loadInNamespace('App\\Controllers...')
#2 [internal function]: CodeIgniter\Autoloader\Autoloader->loadClass('App\\Controllers...')
#3 C:\xampp\htdocs\Parodi\system\CodeIgniter.php(797): class_exists('\\App\\Controller...', true)
#4 C:\xampp\htdocs\Parodi\system\CodeIgniter.php(406): CodeIgniter\CodeIgniter->startController()
#5 C:\xampp\htdocs\Parodi\system\CodeIgniter.php(326): CodeIgniter\CodeIgniter->handleRequest(NULL, Object(Config\Cache), false)
#6 C:\xampp\htdocs\Parodi\index.php(37): CodeIgniter\CodeIgniter->run()
#7 {main}
CRITICAL - 2022-06-10 01:29:45 --> syntax error, unexpected token "}", expecting ";"
#0 C:\xampp\htdocs\Parodi\system\Autoloader\Autoloader.php(241): CodeIgniter\Autoloader\Autoloader->includeFile('C:\\xampp\\htdocs...')
#1 C:\xampp\htdocs\Parodi\system\Autoloader\Autoloader.php(219): CodeIgniter\Autoloader\Autoloader->loadInNamespace('App\\Controllers...')
#2 [internal function]: CodeIgniter\Autoloader\Autoloader->loadClass('App\\Controllers...')
#3 C:\xampp\htdocs\Parodi\system\CodeIgniter.php(797): class_exists('\\App\\Controller...', true)
#4 C:\xampp\htdocs\Parodi\system\CodeIgniter.php(406): CodeIgniter\CodeIgniter->startController()
#5 C:\xampp\htdocs\Parodi\system\CodeIgniter.php(326): CodeIgniter\CodeIgniter->handleRequest(NULL, Object(Config\Cache), false)
#6 C:\xampp\htdocs\Parodi\index.php(37): CodeIgniter\CodeIgniter->run()
#7 {main}
CRITICAL - 2022-06-10 01:31:02 --> Undefined variable $cart
#0 C:\xampp\htdocs\Parodi\app\Views\carrito.php(32): CodeIgniter\Debug\Exceptions->errorHandler(2, 'Undefined varia...', 'C:\\xampp\\htdocs...', 32)
#1 C:\xampp\htdocs\Parodi\system\View\View.php(210): include('C:\\xampp\\htdocs...')
#2 C:\xampp\htdocs\Parodi\system\View\View.php(213): CodeIgniter\View\View->CodeIgniter\View\{closure}()
#3 C:\xampp\htdocs\Parodi\system\Common.php(1089): CodeIgniter\View\View->render('carrito', Array, true)
#4 C:\xampp\htdocs\Parodi\app\Controllers\Carrito_Controller.php(31): view('carrito')
#5 C:\xampp\htdocs\Parodi\system\CodeIgniter.php(832): App\Controllers\Carrito_Controller->verCarrito()
#6 C:\xampp\htdocs\Parodi\system\CodeIgniter.php(419): CodeIgniter\CodeIgniter->runController(Object(App\Controllers\Carrito_Controller))
#7 C:\xampp\htdocs\Parodi\system\CodeIgniter.php(326): CodeIgniter\CodeIgniter->handleRequest(NULL, Object(Config\Cache), false)
#8 C:\xampp\htdocs\Parodi\index.php(37): CodeIgniter\CodeIgniter->run()
#9 {main}
CRITICAL - 2022-06-10 01:31:04 --> Undefined variable $cart
#0 C:\xampp\htdocs\Parodi\app\Views\carrito.php(32): CodeIgniter\Debug\Exceptions->errorHandler(2, 'Undefined varia...', 'C:\\xampp\\htdocs...', 32)
#1 C:\xampp\htdocs\Parodi\system\View\View.php(210): include('C:\\xampp\\htdocs...')
#2 C:\xampp\htdocs\Parodi\system\View\View.php(213): CodeIgniter\View\View->CodeIgniter\View\{closure}()
#3 C:\xampp\htdocs\Parodi\system\Common.php(1089): CodeIgniter\View\View->render('carrito', Array, true)
#4 C:\xampp\htdocs\Parodi\app\Controllers\Carrito_Controller.php(31): view('carrito')
#5 C:\xampp\htdocs\Parodi\system\CodeIgniter.php(832): App\Controllers\Carrito_Controller->verCarrito()
#6 C:\xampp\htdocs\Parodi\system\CodeIgniter.php(419): CodeIgniter\CodeIgniter->runController(Object(App\Controllers\Carrito_Controller))
#7 C:\xampp\htdocs\Parodi\system\CodeIgniter.php(326): CodeIgniter\CodeIgniter->handleRequest(NULL, Object(Config\Cache), false)
#8 C:\xampp\htdocs\Parodi\index.php(37): CodeIgniter\CodeIgniter->run()
#9 {main}
CRITICAL - 2022-06-10 01:31:08 --> Undefined variable $cart
#0 C:\xampp\htdocs\Parodi\app\Views\carrito.php(32): CodeIgniter\Debug\Exceptions->errorHandler(2, 'Undefined varia...', 'C:\\xampp\\htdocs...', 32)
#1 C:\xampp\htdocs\Parodi\system\View\View.php(210): include('C:\\xampp\\htdocs...')
#2 C:\xampp\htdocs\Parodi\system\View\View.php(213): CodeIgniter\View\View->CodeIgniter\View\{closure}()
#3 C:\xampp\htdocs\Parodi\system\Common.php(1089): CodeIgniter\View\View->render('carrito', Array, true)
#4 C:\xampp\htdocs\Parodi\app\Controllers\Carrito_Controller.php(31): view('carrito')
#5 C:\xampp\htdocs\Parodi\system\CodeIgniter.php(832): App\Controllers\Carrito_Controller->verCarrito()
#6 C:\xampp\htdocs\Parodi\system\CodeIgniter.php(419): CodeIgniter\CodeIgniter->runController(Object(App\Controllers\Carrito_Controller))
#7 C:\xampp\htdocs\Parodi\system\CodeIgniter.php(326): CodeIgniter\CodeIgniter->handleRequest(NULL, Object(Config\Cache), false)
#8 C:\xampp\htdocs\Parodi\index.php(37): CodeIgniter\CodeIgniter->run()
#9 {main}
CRITICAL - 2022-06-10 01:31:09 --> Undefined variable $cart
#0 C:\xampp\htdocs\Parodi\app\Views\carrito.php(32): CodeIgniter\Debug\Exceptions->errorHandler(2, 'Undefined varia...', 'C:\\xampp\\htdocs...', 32)
#1 C:\xampp\htdocs\Parodi\system\View\View.php(210): include('C:\\xampp\\htdocs...')
#2 C:\xampp\htdocs\Parodi\system\View\View.php(213): CodeIgniter\View\View->CodeIgniter\View\{closure}()
#3 C:\xampp\htdocs\Parodi\system\Common.php(1089): CodeIgniter\View\View->render('carrito', Array, true)
#4 C:\xampp\htdocs\Parodi\app\Controllers\Carrito_Controller.php(31): view('carrito')
#5 C:\xampp\htdocs\Parodi\system\CodeIgniter.php(832): App\Controllers\Carrito_Controller->verCarrito()
#6 C:\xampp\htdocs\Parodi\system\CodeIgniter.php(419): CodeIgniter\CodeIgniter->runController(Object(App\Controllers\Carrito_Controller))
#7 C:\xampp\htdocs\Parodi\system\CodeIgniter.php(326): CodeIgniter\CodeIgniter->handleRequest(NULL, Object(Config\Cache), false)
#8 C:\xampp\htdocs\Parodi\index.php(37): CodeIgniter\CodeIgniter->run()
#9 {main}
CRITICAL - 2022-06-10 19:47:33 --> No se puede encontrar la ruta  mientras se realiza el enrutamiento inverso.
#0 C:\xampp\htdocs\Parodi\system\HTTP\RedirectResponse.php(56): CodeIgniter\HTTP\Exceptions\HTTPException::forInvalidRedirectRoute('')
#1 C:\xampp\htdocs\Parodi\app\Controllers\Carrito_Controller.php(44): CodeIgniter\HTTP\RedirectResponse->route(false)
#2 C:\xampp\htdocs\Parodi\system\CodeIgniter.php(832): App\Controllers\Carrito_Controller->eliminarCarrito()
#3 C:\xampp\htdocs\Parodi\system\CodeIgniter.php(419): CodeIgniter\CodeIgniter->runController(Object(App\Controllers\Carrito_Controller))
#4 C:\xampp\htdocs\Parodi\system\CodeIgniter.php(326): CodeIgniter\CodeIgniter->handleRequest(NULL, Object(Config\Cache), false)
#5 C:\xampp\htdocs\Parodi\index.php(37): CodeIgniter\CodeIgniter->run()
#6 {main}
CRITICAL - 2022-06-10 19:47:57 --> No se puede encontrar la ruta  mientras se realiza el enrutamiento inverso.
#0 C:\xampp\htdocs\Parodi\system\HTTP\RedirectResponse.php(56): CodeIgniter\HTTP\Exceptions\HTTPException::forInvalidRedirectRoute('')
#1 C:\xampp\htdocs\Parodi\app\Controllers\Carrito_Controller.php(44): CodeIgniter\HTTP\RedirectResponse->route(false)
#2 C:\xampp\htdocs\Parodi\system\CodeIgniter.php(832): App\Controllers\Carrito_Controller->eliminarCarrito()
#3 C:\xampp\htdocs\Parodi\system\CodeIgniter.php(419): CodeIgniter\CodeIgniter->runController(Object(App\Controllers\Carrito_Controller))
#4 C:\xampp\htdocs\Parodi\system\CodeIgniter.php(326): CodeIgniter\CodeIgniter->handleRequest(NULL, Object(Config\Cache), false)
#5 C:\xampp\htdocs\Parodi\index.php(37): CodeIgniter\CodeIgniter->run()
#6 {main}
