CRITICAL - 2022-06-12 00:10:59 --> Undefined variable $titulo
#0 C:\xampp\htdocs\Parodi\app\Views\head.php(9): CodeIgniter\Debug\Exceptions->errorHandler(2, 'Undefined varia...', 'C:\\xampp\\htdocs...', 9)
#1 C:\xampp\htdocs\Parodi\system\View\View.php(210): include('C:\\xampp\\htdocs...')
#2 C:\xampp\htdocs\Parodi\system\View\View.php(213): CodeIgniter\View\View->CodeIgniter\View\{closure}()
#3 C:\xampp\htdocs\Parodi\system\Common.php(1089): CodeIgniter\View\View->render('head', Array, true)
#4 C:\xampp\htdocs\Parodi\app\Controllers\Galeria_Controller.php(25): view('head')
#5 C:\xampp\htdocs\Parodi\system\CodeIgniter.php(832): App\Controllers\Galeria_Controller->index()
#6 C:\xampp\htdocs\Parodi\system\CodeIgniter.php(419): CodeIgniter\CodeIgniter->runController(Object(App\Controllers\Galeria_Controller))
#7 C:\xampp\htdocs\Parodi\system\CodeIgniter.php(326): CodeIgniter\CodeIgniter->handleRequest(NULL, Object(Config\Cache), false)
#8 C:\xampp\htdocs\Parodi\index.php(37): CodeIgniter\CodeIgniter->run()
#9 {main}
ERROR - 2022-06-12 00:17:41 --> Table 'parodi.images' doesn't exist
CRITICAL - 2022-06-12 00:17:41 --> Table 'parodi.images' doesn't exist
#0 C:\xampp\htdocs\Parodi\system\Database\MySQLi\Connection.php(292): mysqli->query('INSERT INTO `im...', 0)
#1 C:\xampp\htdocs\Parodi\system\Database\BaseConnection.php(670): CodeIgniter\Database\MySQLi\Connection->execute('INSERT INTO `im...')
#2 C:\xampp\htdocs\Parodi\system\Database\BaseConnection.php(598): CodeIgniter\Database\BaseConnection->simpleQuery('INSERT INTO `im...')
#3 C:\xampp\htdocs\Parodi\system\Database\BaseBuilder.php(1771): CodeIgniter\Database\BaseConnection->query('INSERT INTO `im...', Array, false)
#4 C:\xampp\htdocs\Parodi\system\Model.php(239): CodeIgniter\Database\BaseBuilder->insert()
#5 C:\xampp\htdocs\Parodi\system\BaseModel.php(738): CodeIgniter\Model->doInsert(Array)
#6 C:\xampp\htdocs\Parodi\system\Model.php(625): CodeIgniter\BaseModel->insert(Array, false)
#7 C:\xampp\htdocs\Parodi\system\BaseModel.php(658): CodeIgniter\Model->insert(Array, false)
#8 C:\xampp\htdocs\Parodi\app\Controllers\Galeria_Controller.php(63): CodeIgniter\BaseModel->save(Array)
#9 C:\xampp\htdocs\Parodi\system\CodeIgniter.php(832): App\Controllers\Galeria_Controller->uploadImage()
#10 C:\xampp\htdocs\Parodi\system\CodeIgniter.php(419): CodeIgniter\CodeIgniter->runController(Object(App\Controllers\Galeria_Controller))
#11 C:\xampp\htdocs\Parodi\system\CodeIgniter.php(326): CodeIgniter\CodeIgniter->handleRequest(NULL, Object(Config\Cache), false)
#12 C:\xampp\htdocs\Parodi\index.php(37): CodeIgniter\CodeIgniter->run()
#13 {main}
CRITICAL - 2022-06-12 00:55:51 --> Undefined variable $usuarios
#0 C:\xampp\htdocs\Parodi\app\Views\back\galeria\galeria.php(8): CodeIgniter\Debug\Exceptions->errorHandler(2, 'Undefined varia...', 'C:\\xampp\\htdocs...', 8)
#1 C:\xampp\htdocs\Parodi\system\View\View.php(210): include('C:\\xampp\\htdocs...')
#2 C:\xampp\htdocs\Parodi\system\View\View.php(213): CodeIgniter\View\View->CodeIgniter\View\{closure}()
#3 C:\xampp\htdocs\Parodi\system\Common.php(1089): CodeIgniter\View\View->render('back/galeria/ga...', Array, true)
#4 C:\xampp\htdocs\Parodi\app\Controllers\Productos_Controllers.php(129): view('back/galeria/ga...', Array)
#5 C:\xampp\htdocs\Parodi\system\CodeIgniter.php(832): App\Controllers\Productos_Controllers->mostrarProductos()
#6 C:\xampp\htdocs\Parodi\system\CodeIgniter.php(419): CodeIgniter\CodeIgniter->runController(Object(App\Controllers\Productos_Controllers))
#7 C:\xampp\htdocs\Parodi\system\CodeIgniter.php(326): CodeIgniter\CodeIgniter->handleRequest(NULL, Object(Config\Cache), false)
#8 C:\xampp\htdocs\Parodi\index.php(37): CodeIgniter\CodeIgniter->run()
#9 {main}
CRITICAL - 2022-06-12 00:56:56 --> Undefined variable $dato
#0 C:\xampp\htdocs\Parodi\app\Views\back\galeria\galeria.php(12): CodeIgniter\Debug\Exceptions->errorHandler(2, 'Undefined varia...', 'C:\\xampp\\htdocs...', 12)
#1 C:\xampp\htdocs\Parodi\system\View\View.php(210): include('C:\\xampp\\htdocs...')
#2 C:\xampp\htdocs\Parodi\system\View\View.php(213): CodeIgniter\View\View->CodeIgniter\View\{closure}()
#3 C:\xampp\htdocs\Parodi\system\Common.php(1089): CodeIgniter\View\View->render('back/galeria/ga...', Array, true)
#4 C:\xampp\htdocs\Parodi\app\Controllers\Productos_Controllers.php(129): view('back/galeria/ga...', Array)
#5 C:\xampp\htdocs\Parodi\system\CodeIgniter.php(832): App\Controllers\Productos_Controllers->mostrarProductos()
#6 C:\xampp\htdocs\Parodi\system\CodeIgniter.php(419): CodeIgniter\CodeIgniter->runController(Object(App\Controllers\Productos_Controllers))
#7 C:\xampp\htdocs\Parodi\system\CodeIgniter.php(326): CodeIgniter\CodeIgniter->handleRequest(NULL, Object(Config\Cache), false)
#8 C:\xampp\htdocs\Parodi\index.php(37): CodeIgniter\CodeIgniter->run()
#9 {main}
CRITICAL - 2022-06-12 01:07:19 --> Undefined variable $galeria
#0 C:\xampp\htdocs\Parodi\app\Views\back\galeria\galeria.php(8): CodeIgniter\Debug\Exceptions->errorHandler(2, 'Undefined varia...', 'C:\\xampp\\htdocs...', 8)
#1 C:\xampp\htdocs\Parodi\system\View\View.php(210): include('C:\\xampp\\htdocs...')
#2 C:\xampp\htdocs\Parodi\system\View\View.php(213): CodeIgniter\View\View->CodeIgniter\View\{closure}()
#3 C:\xampp\htdocs\Parodi\system\Common.php(1089): CodeIgniter\View\View->render('back/galeria/ga...', Array, true)
#4 C:\xampp\htdocs\Parodi\app\Controllers\Productos_Controllers.php(129): view('back/galeria/ga...')
#5 C:\xampp\htdocs\Parodi\system\CodeIgniter.php(832): App\Controllers\Productos_Controllers->mostrarProductos()
#6 C:\xampp\htdocs\Parodi\system\CodeIgniter.php(419): CodeIgniter\CodeIgniter->runController(Object(App\Controllers\Productos_Controllers))
#7 C:\xampp\htdocs\Parodi\system\CodeIgniter.php(326): CodeIgniter\CodeIgniter->handleRequest(NULL, Object(Config\Cache), false)
#8 C:\xampp\htdocs\Parodi\index.php(37): CodeIgniter\CodeIgniter->run()
#9 {main}
CRITICAL - 2022-06-12 17:58:16 --> Undefined variable $router
#0 C:\xampp\htdocs\Parodi\app\Config\Routes.php(102): CodeIgniter\Debug\Exceptions->errorHandler(2, 'Undefined varia...', 'C:\\xampp\\htdocs...', 102)
#1 C:\xampp\htdocs\Parodi\system\CodeIgniter.php(713): require('C:\\xampp\\htdocs...')
#2 C:\xampp\htdocs\Parodi\system\CodeIgniter.php(368): CodeIgniter\CodeIgniter->tryToRouteIt(Object(CodeIgniter\Router\RouteCollection))
#3 C:\xampp\htdocs\Parodi\system\CodeIgniter.php(326): CodeIgniter\CodeIgniter->handleRequest(NULL, Object(Config\Cache), false)
#4 C:\xampp\htdocs\Parodi\index.php(37): CodeIgniter\CodeIgniter->run()
#5 {main}
CRITICAL - 2022-06-12 17:58:21 --> Undefined variable $router
#0 C:\xampp\htdocs\Parodi\app\Config\Routes.php(102): CodeIgniter\Debug\Exceptions->errorHandler(2, 'Undefined varia...', 'C:\\xampp\\htdocs...', 102)
#1 C:\xampp\htdocs\Parodi\system\CodeIgniter.php(713): require('C:\\xampp\\htdocs...')
#2 C:\xampp\htdocs\Parodi\system\CodeIgniter.php(368): CodeIgniter\CodeIgniter->tryToRouteIt(Object(CodeIgniter\Router\RouteCollection))
#3 C:\xampp\htdocs\Parodi\system\CodeIgniter.php(326): CodeIgniter\CodeIgniter->handleRequest(NULL, Object(Config\Cache), false)
#4 C:\xampp\htdocs\Parodi\index.php(37): CodeIgniter\CodeIgniter->run()
#5 {main}
CRITICAL - 2022-06-12 17:58:23 --> Undefined variable $router
#0 C:\xampp\htdocs\Parodi\app\Config\Routes.php(102): CodeIgniter\Debug\Exceptions->errorHandler(2, 'Undefined varia...', 'C:\\xampp\\htdocs...', 102)
#1 C:\xampp\htdocs\Parodi\system\CodeIgniter.php(713): require('C:\\xampp\\htdocs...')
#2 C:\xampp\htdocs\Parodi\system\CodeIgniter.php(368): CodeIgniter\CodeIgniter->tryToRouteIt(Object(CodeIgniter\Router\RouteCollection))
#3 C:\xampp\htdocs\Parodi\system\CodeIgniter.php(326): CodeIgniter\CodeIgniter->handleRequest(NULL, Object(Config\Cache), false)
#4 C:\xampp\htdocs\Parodi\index.php(37): CodeIgniter\CodeIgniter->run()
#5 {main}
CRITICAL - 2022-06-12 17:58:24 --> Undefined variable $router
#0 C:\xampp\htdocs\Parodi\app\Config\Routes.php(102): CodeIgniter\Debug\Exceptions->errorHandler(2, 'Undefined varia...', 'C:\\xampp\\htdocs...', 102)
#1 C:\xampp\htdocs\Parodi\system\CodeIgniter.php(713): require('C:\\xampp\\htdocs...')
#2 C:\xampp\htdocs\Parodi\system\CodeIgniter.php(368): CodeIgniter\CodeIgniter->tryToRouteIt(Object(CodeIgniter\Router\RouteCollection))
#3 C:\xampp\htdocs\Parodi\system\CodeIgniter.php(326): CodeIgniter\CodeIgniter->handleRequest(NULL, Object(Config\Cache), false)
#4 C:\xampp\htdocs\Parodi\index.php(37): CodeIgniter\CodeIgniter->run()
#5 {main}
CRITICAL - 2022-06-12 18:08:30 --> Namespace declaration statement has to be the very first statement or after any declare call in the script
#0 [internal function]: CodeIgniter\Debug\Exceptions->shutdownHandler()
#1 {main}
CRITICAL - 2022-06-12 18:08:53 --> required  no es una regla de validación válida.
#0 C:\xampp\htdocs\Parodi\system\Validation\Validation.php(300): CodeIgniter\Validation\Exceptions\ValidationException::forRuleNotFound('required ')
#1 C:\xampp\htdocs\Parodi\system\Validation\Validation.php(157): CodeIgniter\Validation\Validation->processRules('nombrecompleto', 'nombrecompleto', '', Array, Array)
#2 C:\xampp\htdocs\Parodi\system\Controller.php(160): CodeIgniter\Validation\Validation->run()
#3 C:\xampp\htdocs\Parodi\app\Controllers\Consulta_Controller.php(24): CodeIgniter\Controller->validate(Array)
#4 C:\xampp\htdocs\Parodi\system\CodeIgniter.php(832): App\Controllers\Consulta_Controller->cargarConsulta()
#5 C:\xampp\htdocs\Parodi\system\CodeIgniter.php(419): CodeIgniter\CodeIgniter->runController(Object(App\Controllers\Consulta_Controller))
#6 C:\xampp\htdocs\Parodi\system\CodeIgniter.php(326): CodeIgniter\CodeIgniter->handleRequest(NULL, Object(Config\Cache), false)
#7 C:\xampp\htdocs\Parodi\index.php(37): CodeIgniter\CodeIgniter->run()
#8 {main}
CRITICAL - 2022-06-12 18:09:41 --> required  no es una regla de validación válida.
#0 C:\xampp\htdocs\Parodi\system\Validation\Validation.php(300): CodeIgniter\Validation\Exceptions\ValidationException::forRuleNotFound('required ')
#1 C:\xampp\htdocs\Parodi\system\Validation\Validation.php(157): CodeIgniter\Validation\Validation->processRules('nombrecompleto', 'nombrecompleto', '', Array, Array)
#2 C:\xampp\htdocs\Parodi\system\Controller.php(160): CodeIgniter\Validation\Validation->run()
#3 C:\xampp\htdocs\Parodi\app\Controllers\Consulta_Controller.php(24): CodeIgniter\Controller->validate(Array)
#4 C:\xampp\htdocs\Parodi\system\CodeIgniter.php(832): App\Controllers\Consulta_Controller->cargarConsulta()
#5 C:\xampp\htdocs\Parodi\system\CodeIgniter.php(419): CodeIgniter\CodeIgniter->runController(Object(App\Controllers\Consulta_Controller))
#6 C:\xampp\htdocs\Parodi\system\CodeIgniter.php(326): CodeIgniter\CodeIgniter->handleRequest(NULL, Object(Config\Cache), false)
#7 C:\xampp\htdocs\Parodi\index.php(37): CodeIgniter\CodeIgniter->run()
#8 {main}
CRITICAL - 2022-06-12 18:11:08 --> required  no es una regla de validación válida.
#0 C:\xampp\htdocs\Parodi\system\Validation\Validation.php(300): CodeIgniter\Validation\Exceptions\ValidationException::forRuleNotFound('required ')
#1 C:\xampp\htdocs\Parodi\system\Validation\Validation.php(157): CodeIgniter\Validation\Validation->processRules('nombrecompleto', 'nombrecompleto', '', Array, Array)
#2 C:\xampp\htdocs\Parodi\system\Controller.php(160): CodeIgniter\Validation\Validation->run()
#3 C:\xampp\htdocs\Parodi\app\Controllers\Consulta_Controller.php(24): CodeIgniter\Controller->validate(Array)
#4 C:\xampp\htdocs\Parodi\system\CodeIgniter.php(832): App\Controllers\Consulta_Controller->cargarConsulta()
#5 C:\xampp\htdocs\Parodi\system\CodeIgniter.php(419): CodeIgniter\CodeIgniter->runController(Object(App\Controllers\Consulta_Controller))
#6 C:\xampp\htdocs\Parodi\system\CodeIgniter.php(326): CodeIgniter\CodeIgniter->handleRequest(NULL, Object(Config\Cache), false)
#7 C:\xampp\htdocs\Parodi\index.php(37): CodeIgniter\CodeIgniter->run()
#8 {main}
CRITICAL - 2022-06-12 18:11:13 --> required  no es una regla de validación válida.
#0 C:\xampp\htdocs\Parodi\system\Validation\Validation.php(300): CodeIgniter\Validation\Exceptions\ValidationException::forRuleNotFound('required ')
#1 C:\xampp\htdocs\Parodi\system\Validation\Validation.php(157): CodeIgniter\Validation\Validation->processRules('nombrecompleto', 'nombrecompleto', '', Array, Array)
#2 C:\xampp\htdocs\Parodi\system\Controller.php(160): CodeIgniter\Validation\Validation->run()
#3 C:\xampp\htdocs\Parodi\app\Controllers\Consulta_Controller.php(24): CodeIgniter\Controller->validate(Array)
#4 C:\xampp\htdocs\Parodi\system\CodeIgniter.php(832): App\Controllers\Consulta_Controller->cargarConsulta()
#5 C:\xampp\htdocs\Parodi\system\CodeIgniter.php(419): CodeIgniter\CodeIgniter->runController(Object(App\Controllers\Consulta_Controller))
#6 C:\xampp\htdocs\Parodi\system\CodeIgniter.php(326): CodeIgniter\CodeIgniter->handleRequest(NULL, Object(Config\Cache), false)
#7 C:\xampp\htdocs\Parodi\index.php(37): CodeIgniter\CodeIgniter->run()
#8 {main}
CRITICAL - 2022-06-12 18:12:45 --> required  no es una regla de validación válida.
#0 C:\xampp\htdocs\Parodi\system\Validation\Validation.php(300): CodeIgniter\Validation\Exceptions\ValidationException::forRuleNotFound('required ')
#1 C:\xampp\htdocs\Parodi\system\Validation\Validation.php(157): CodeIgniter\Validation\Validation->processRules('nombrecompleto', 'nombrecompleto', '', Array, Array)
#2 C:\xampp\htdocs\Parodi\system\Controller.php(160): CodeIgniter\Validation\Validation->run()
#3 C:\xampp\htdocs\Parodi\app\Controllers\Consulta_Controller.php(24): CodeIgniter\Controller->validate(Array)
#4 C:\xampp\htdocs\Parodi\system\CodeIgniter.php(832): App\Controllers\Consulta_Controller->cargarConsulta()
#5 C:\xampp\htdocs\Parodi\system\CodeIgniter.php(419): CodeIgniter\CodeIgniter->runController(Object(App\Controllers\Consulta_Controller))
#6 C:\xampp\htdocs\Parodi\system\CodeIgniter.php(326): CodeIgniter\CodeIgniter->handleRequest(NULL, Object(Config\Cache), false)
#7 C:\xampp\htdocs\Parodi\index.php(37): CodeIgniter\CodeIgniter->run()
#8 {main}
CRITICAL - 2022-06-12 18:15:07 --> required  no es una regla de validación válida.
#0 C:\xampp\htdocs\Parodi\system\Validation\Validation.php(300): CodeIgniter\Validation\Exceptions\ValidationException::forRuleNotFound('required ')
#1 C:\xampp\htdocs\Parodi\system\Validation\Validation.php(157): CodeIgniter\Validation\Validation->processRules('nombreCompleto', 'nombreCompleto', NULL, Array, Array)
#2 C:\xampp\htdocs\Parodi\system\Controller.php(160): CodeIgniter\Validation\Validation->run()
#3 C:\xampp\htdocs\Parodi\app\Controllers\Consulta_Controller.php(24): CodeIgniter\Controller->validate(Array)
#4 C:\xampp\htdocs\Parodi\system\CodeIgniter.php(832): App\Controllers\Consulta_Controller->cargarConsulta()
#5 C:\xampp\htdocs\Parodi\system\CodeIgniter.php(419): CodeIgniter\CodeIgniter->runController(Object(App\Controllers\Consulta_Controller))
#6 C:\xampp\htdocs\Parodi\system\CodeIgniter.php(326): CodeIgniter\CodeIgniter->handleRequest(NULL, Object(Config\Cache), false)
#7 C:\xampp\htdocs\Parodi\index.php(37): CodeIgniter\CodeIgniter->run()
#8 {main}
CRITICAL - 2022-06-12 18:15:11 --> required  no es una regla de validación válida.
#0 C:\xampp\htdocs\Parodi\system\Validation\Validation.php(300): CodeIgniter\Validation\Exceptions\ValidationException::forRuleNotFound('required ')
#1 C:\xampp\htdocs\Parodi\system\Validation\Validation.php(157): CodeIgniter\Validation\Validation->processRules('nombreCompleto', 'nombreCompleto', NULL, Array, Array)
#2 C:\xampp\htdocs\Parodi\system\Controller.php(160): CodeIgniter\Validation\Validation->run()
#3 C:\xampp\htdocs\Parodi\app\Controllers\Consulta_Controller.php(24): CodeIgniter\Controller->validate(Array)
#4 C:\xampp\htdocs\Parodi\system\CodeIgniter.php(832): App\Controllers\Consulta_Controller->cargarConsulta()
#5 C:\xampp\htdocs\Parodi\system\CodeIgniter.php(419): CodeIgniter\CodeIgniter->runController(Object(App\Controllers\Consulta_Controller))
#6 C:\xampp\htdocs\Parodi\system\CodeIgniter.php(326): CodeIgniter\CodeIgniter->handleRequest(NULL, Object(Config\Cache), false)
#7 C:\xampp\htdocs\Parodi\index.php(37): CodeIgniter\CodeIgniter->run()
#8 {main}
CRITICAL - 2022-06-12 18:16:02 --> required  no es una regla de validación válida.
#0 C:\xampp\htdocs\Parodi\system\Validation\Validation.php(300): CodeIgniter\Validation\Exceptions\ValidationException::forRuleNotFound('required ')
#1 C:\xampp\htdocs\Parodi\system\Validation\Validation.php(157): CodeIgniter\Validation\Validation->processRules('email', 'email', '', Array, Array)
#2 C:\xampp\htdocs\Parodi\system\Controller.php(160): CodeIgniter\Validation\Validation->run()
#3 C:\xampp\htdocs\Parodi\app\Controllers\Consulta_Controller.php(24): CodeIgniter\Controller->validate(Array)
#4 C:\xampp\htdocs\Parodi\system\CodeIgniter.php(832): App\Controllers\Consulta_Controller->cargarConsulta()
#5 C:\xampp\htdocs\Parodi\system\CodeIgniter.php(419): CodeIgniter\CodeIgniter->runController(Object(App\Controllers\Consulta_Controller))
#6 C:\xampp\htdocs\Parodi\system\CodeIgniter.php(326): CodeIgniter\CodeIgniter->handleRequest(NULL, Object(Config\Cache), false)
#7 C:\xampp\htdocs\Parodi\index.php(37): CodeIgniter\CodeIgniter->run()
#8 {main}
CRITICAL - 2022-06-12 18:16:06 --> required  no es una regla de validación válida.
#0 C:\xampp\htdocs\Parodi\system\Validation\Validation.php(300): CodeIgniter\Validation\Exceptions\ValidationException::forRuleNotFound('required ')
#1 C:\xampp\htdocs\Parodi\system\Validation\Validation.php(157): CodeIgniter\Validation\Validation->processRules('email', 'email', '', Array, Array)
#2 C:\xampp\htdocs\Parodi\system\Controller.php(160): CodeIgniter\Validation\Validation->run()
#3 C:\xampp\htdocs\Parodi\app\Controllers\Consulta_Controller.php(24): CodeIgniter\Controller->validate(Array)
#4 C:\xampp\htdocs\Parodi\system\CodeIgniter.php(832): App\Controllers\Consulta_Controller->cargarConsulta()
#5 C:\xampp\htdocs\Parodi\system\CodeIgniter.php(419): CodeIgniter\CodeIgniter->runController(Object(App\Controllers\Consulta_Controller))
#6 C:\xampp\htdocs\Parodi\system\CodeIgniter.php(326): CodeIgniter\CodeIgniter->handleRequest(NULL, Object(Config\Cache), false)
#7 C:\xampp\htdocs\Parodi\index.php(37): CodeIgniter\CodeIgniter->run()
#8 {main}
CRITICAL - 2022-06-12 18:16:10 --> required  no es una regla de validación válida.
#0 C:\xampp\htdocs\Parodi\system\Validation\Validation.php(300): CodeIgniter\Validation\Exceptions\ValidationException::forRuleNotFound('required ')
#1 C:\xampp\htdocs\Parodi\system\Validation\Validation.php(157): CodeIgniter\Validation\Validation->processRules('email', 'email', '', Array, Array)
#2 C:\xampp\htdocs\Parodi\system\Controller.php(160): CodeIgniter\Validation\Validation->run()
#3 C:\xampp\htdocs\Parodi\app\Controllers\Consulta_Controller.php(24): CodeIgniter\Controller->validate(Array)
#4 C:\xampp\htdocs\Parodi\system\CodeIgniter.php(832): App\Controllers\Consulta_Controller->cargarConsulta()
#5 C:\xampp\htdocs\Parodi\system\CodeIgniter.php(419): CodeIgniter\CodeIgniter->runController(Object(App\Controllers\Consulta_Controller))
#6 C:\xampp\htdocs\Parodi\system\CodeIgniter.php(326): CodeIgniter\CodeIgniter->handleRequest(NULL, Object(Config\Cache), false)
#7 C:\xampp\htdocs\Parodi\index.php(37): CodeIgniter\CodeIgniter->run()
#8 {main}
CRITICAL - 2022-06-12 18:21:42 --> required  no es una regla de validación válida.
#0 C:\xampp\htdocs\Parodi\system\Validation\Validation.php(300): CodeIgniter\Validation\Exceptions\ValidationException::forRuleNotFound('required ')
#1 C:\xampp\htdocs\Parodi\system\Validation\Validation.php(157): CodeIgniter\Validation\Validation->processRules('email', 'email', '', Array, Array)
#2 C:\xampp\htdocs\Parodi\system\Controller.php(160): CodeIgniter\Validation\Validation->run()
#3 C:\xampp\htdocs\Parodi\app\Controllers\Consulta_Controller.php(24): CodeIgniter\Controller->validate(Array)
#4 C:\xampp\htdocs\Parodi\system\CodeIgniter.php(832): App\Controllers\Consulta_Controller->cargarConsulta()
#5 C:\xampp\htdocs\Parodi\system\CodeIgniter.php(419): CodeIgniter\CodeIgniter->runController(Object(App\Controllers\Consulta_Controller))
#6 C:\xampp\htdocs\Parodi\system\CodeIgniter.php(326): CodeIgniter\CodeIgniter->handleRequest(NULL, Object(Config\Cache), false)
#7 C:\xampp\htdocs\Parodi\index.php(37): CodeIgniter\CodeIgniter->run()
#8 {main}
CRITICAL - 2022-06-12 18:23:52 --> Undefined variable $validation
#0 C:\xampp\htdocs\Parodi\app\Views\formulario-consulta.php(8): CodeIgniter\Debug\Exceptions->errorHandler(2, 'Undefined varia...', 'C:\\xampp\\htdocs...', 8)
#1 C:\xampp\htdocs\Parodi\system\View\View.php(210): include('C:\\xampp\\htdocs...')
#2 C:\xampp\htdocs\Parodi\system\View\View.php(213): CodeIgniter\View\View->CodeIgniter\View\{closure}()
#3 C:\xampp\htdocs\Parodi\system\Common.php(1089): CodeIgniter\View\View->render('formulario-cons...', Array, true)
#4 C:\xampp\htdocs\Parodi\app\Controllers\Home.php(46): view('formulario-cons...')
#5 C:\xampp\htdocs\Parodi\system\CodeIgniter.php(832): App\Controllers\Home->contacto()
#6 C:\xampp\htdocs\Parodi\system\CodeIgniter.php(419): CodeIgniter\CodeIgniter->runController(Object(App\Controllers\Home))
#7 C:\xampp\htdocs\Parodi\system\CodeIgniter.php(326): CodeIgniter\CodeIgniter->handleRequest(NULL, Object(Config\Cache), false)
#8 C:\xampp\htdocs\Parodi\index.php(37): CodeIgniter\CodeIgniter->run()
#9 {main}
CRITICAL - 2022-06-12 18:24:45 --> Undefined variable $validation
#0 C:\xampp\htdocs\Parodi\app\Views\formulario-consulta.php(8): CodeIgniter\Debug\Exceptions->errorHandler(2, 'Undefined varia...', 'C:\\xampp\\htdocs...', 8)
#1 C:\xampp\htdocs\Parodi\system\View\View.php(210): include('C:\\xampp\\htdocs...')
#2 C:\xampp\htdocs\Parodi\system\View\View.php(213): CodeIgniter\View\View->CodeIgniter\View\{closure}()
#3 C:\xampp\htdocs\Parodi\system\Common.php(1089): CodeIgniter\View\View->render('formulario-cons...', Array, true)
#4 C:\xampp\htdocs\Parodi\app\Controllers\Home.php(46): view('formulario-cons...')
#5 C:\xampp\htdocs\Parodi\system\CodeIgniter.php(832): App\Controllers\Home->contacto()
#6 C:\xampp\htdocs\Parodi\system\CodeIgniter.php(419): CodeIgniter\CodeIgniter->runController(Object(App\Controllers\Home))
#7 C:\xampp\htdocs\Parodi\system\CodeIgniter.php(326): CodeIgniter\CodeIgniter->handleRequest(NULL, Object(Config\Cache), false)
#8 C:\xampp\htdocs\Parodi\index.php(37): CodeIgniter\CodeIgniter->run()
#9 {main}
CRITICAL - 2022-06-12 18:24:46 --> Undefined variable $validation
#0 C:\xampp\htdocs\Parodi\app\Views\formulario-consulta.php(8): CodeIgniter\Debug\Exceptions->errorHandler(2, 'Undefined varia...', 'C:\\xampp\\htdocs...', 8)
#1 C:\xampp\htdocs\Parodi\system\View\View.php(210): include('C:\\xampp\\htdocs...')
#2 C:\xampp\htdocs\Parodi\system\View\View.php(213): CodeIgniter\View\View->CodeIgniter\View\{closure}()
#3 C:\xampp\htdocs\Parodi\system\Common.php(1089): CodeIgniter\View\View->render('formulario-cons...', Array, true)
#4 C:\xampp\htdocs\Parodi\app\Controllers\Home.php(46): view('formulario-cons...')
#5 C:\xampp\htdocs\Parodi\system\CodeIgniter.php(832): App\Controllers\Home->contacto()
#6 C:\xampp\htdocs\Parodi\system\CodeIgniter.php(419): CodeIgniter\CodeIgniter->runController(Object(App\Controllers\Home))
#7 C:\xampp\htdocs\Parodi\system\CodeIgniter.php(326): CodeIgniter\CodeIgniter->handleRequest(NULL, Object(Config\Cache), false)
#8 C:\xampp\htdocs\Parodi\index.php(37): CodeIgniter\CodeIgniter->run()
#9 {main}
CRITICAL - 2022-06-12 18:24:46 --> Undefined variable $validation
#0 C:\xampp\htdocs\Parodi\app\Views\formulario-consulta.php(8): CodeIgniter\Debug\Exceptions->errorHandler(2, 'Undefined varia...', 'C:\\xampp\\htdocs...', 8)
#1 C:\xampp\htdocs\Parodi\system\View\View.php(210): include('C:\\xampp\\htdocs...')
#2 C:\xampp\htdocs\Parodi\system\View\View.php(213): CodeIgniter\View\View->CodeIgniter\View\{closure}()
#3 C:\xampp\htdocs\Parodi\system\Common.php(1089): CodeIgniter\View\View->render('formulario-cons...', Array, true)
#4 C:\xampp\htdocs\Parodi\app\Controllers\Home.php(46): view('formulario-cons...')
#5 C:\xampp\htdocs\Parodi\system\CodeIgniter.php(832): App\Controllers\Home->contacto()
#6 C:\xampp\htdocs\Parodi\system\CodeIgniter.php(419): CodeIgniter\CodeIgniter->runController(Object(App\Controllers\Home))
#7 C:\xampp\htdocs\Parodi\system\CodeIgniter.php(326): CodeIgniter\CodeIgniter->handleRequest(NULL, Object(Config\Cache), false)
#8 C:\xampp\htdocs\Parodi\index.php(37): CodeIgniter\CodeIgniter->run()
#9 {main}
CRITICAL - 2022-06-12 18:24:46 --> Undefined variable $validation
#0 C:\xampp\htdocs\Parodi\app\Views\formulario-consulta.php(8): CodeIgniter\Debug\Exceptions->errorHandler(2, 'Undefined varia...', 'C:\\xampp\\htdocs...', 8)
#1 C:\xampp\htdocs\Parodi\system\View\View.php(210): include('C:\\xampp\\htdocs...')
#2 C:\xampp\htdocs\Parodi\system\View\View.php(213): CodeIgniter\View\View->CodeIgniter\View\{closure}()
#3 C:\xampp\htdocs\Parodi\system\Common.php(1089): CodeIgniter\View\View->render('formulario-cons...', Array, true)
#4 C:\xampp\htdocs\Parodi\app\Controllers\Home.php(46): view('formulario-cons...')
#5 C:\xampp\htdocs\Parodi\system\CodeIgniter.php(832): App\Controllers\Home->contacto()
#6 C:\xampp\htdocs\Parodi\system\CodeIgniter.php(419): CodeIgniter\CodeIgniter->runController(Object(App\Controllers\Home))
#7 C:\xampp\htdocs\Parodi\system\CodeIgniter.php(326): CodeIgniter\CodeIgniter->handleRequest(NULL, Object(Config\Cache), false)
#8 C:\xampp\htdocs\Parodi\index.php(37): CodeIgniter\CodeIgniter->run()
#9 {main}
CRITICAL - 2022-06-12 18:24:46 --> Undefined variable $validation
#0 C:\xampp\htdocs\Parodi\app\Views\formulario-consulta.php(8): CodeIgniter\Debug\Exceptions->errorHandler(2, 'Undefined varia...', 'C:\\xampp\\htdocs...', 8)
#1 C:\xampp\htdocs\Parodi\system\View\View.php(210): include('C:\\xampp\\htdocs...')
#2 C:\xampp\htdocs\Parodi\system\View\View.php(213): CodeIgniter\View\View->CodeIgniter\View\{closure}()
#3 C:\xampp\htdocs\Parodi\system\Common.php(1089): CodeIgniter\View\View->render('formulario-cons...', Array, true)
#4 C:\xampp\htdocs\Parodi\app\Controllers\Home.php(46): view('formulario-cons...')
#5 C:\xampp\htdocs\Parodi\system\CodeIgniter.php(832): App\Controllers\Home->contacto()
#6 C:\xampp\htdocs\Parodi\system\CodeIgniter.php(419): CodeIgniter\CodeIgniter->runController(Object(App\Controllers\Home))
#7 C:\xampp\htdocs\Parodi\system\CodeIgniter.php(326): CodeIgniter\CodeIgniter->handleRequest(NULL, Object(Config\Cache), false)
#8 C:\xampp\htdocs\Parodi\index.php(37): CodeIgniter\CodeIgniter->run()
#9 {main}
CRITICAL - 2022-06-12 18:24:47 --> Undefined variable $validation
#0 C:\xampp\htdocs\Parodi\app\Views\formulario-consulta.php(8): CodeIgniter\Debug\Exceptions->errorHandler(2, 'Undefined varia...', 'C:\\xampp\\htdocs...', 8)
#1 C:\xampp\htdocs\Parodi\system\View\View.php(210): include('C:\\xampp\\htdocs...')
#2 C:\xampp\htdocs\Parodi\system\View\View.php(213): CodeIgniter\View\View->CodeIgniter\View\{closure}()
#3 C:\xampp\htdocs\Parodi\system\Common.php(1089): CodeIgniter\View\View->render('formulario-cons...', Array, true)
#4 C:\xampp\htdocs\Parodi\app\Controllers\Home.php(46): view('formulario-cons...')
#5 C:\xampp\htdocs\Parodi\system\CodeIgniter.php(832): App\Controllers\Home->contacto()
#6 C:\xampp\htdocs\Parodi\system\CodeIgniter.php(419): CodeIgniter\CodeIgniter->runController(Object(App\Controllers\Home))
#7 C:\xampp\htdocs\Parodi\system\CodeIgniter.php(326): CodeIgniter\CodeIgniter->handleRequest(NULL, Object(Config\Cache), false)
#8 C:\xampp\htdocs\Parodi\index.php(37): CodeIgniter\CodeIgniter->run()
#9 {main}
CRITICAL - 2022-06-12 18:24:47 --> Undefined variable $validation
#0 C:\xampp\htdocs\Parodi\app\Views\formulario-consulta.php(8): CodeIgniter\Debug\Exceptions->errorHandler(2, 'Undefined varia...', 'C:\\xampp\\htdocs...', 8)
#1 C:\xampp\htdocs\Parodi\system\View\View.php(210): include('C:\\xampp\\htdocs...')
#2 C:\xampp\htdocs\Parodi\system\View\View.php(213): CodeIgniter\View\View->CodeIgniter\View\{closure}()
#3 C:\xampp\htdocs\Parodi\system\Common.php(1089): CodeIgniter\View\View->render('formulario-cons...', Array, true)
#4 C:\xampp\htdocs\Parodi\app\Controllers\Home.php(46): view('formulario-cons...')
#5 C:\xampp\htdocs\Parodi\system\CodeIgniter.php(832): App\Controllers\Home->contacto()
#6 C:\xampp\htdocs\Parodi\system\CodeIgniter.php(419): CodeIgniter\CodeIgniter->runController(Object(App\Controllers\Home))
#7 C:\xampp\htdocs\Parodi\system\CodeIgniter.php(326): CodeIgniter\CodeIgniter->handleRequest(NULL, Object(Config\Cache), false)
#8 C:\xampp\htdocs\Parodi\index.php(37): CodeIgniter\CodeIgniter->run()
#9 {main}
CRITICAL - 2022-06-12 18:29:42 --> Undefined variable $validation
#0 C:\xampp\htdocs\Parodi\app\Views\formulario-consulta.php(8): CodeIgniter\Debug\Exceptions->errorHandler(2, 'Undefined varia...', 'C:\\xampp\\htdocs...', 8)
#1 C:\xampp\htdocs\Parodi\system\View\View.php(210): include('C:\\xampp\\htdocs...')
#2 C:\xampp\htdocs\Parodi\system\View\View.php(213): CodeIgniter\View\View->CodeIgniter\View\{closure}()
#3 C:\xampp\htdocs\Parodi\system\Common.php(1089): CodeIgniter\View\View->render('formulario-cons...', Array, true)
#4 C:\xampp\htdocs\Parodi\app\Controllers\Consulta_Controller.php(13): view('formulario-cons...')
#5 C:\xampp\htdocs\Parodi\system\CodeIgniter.php(832): App\Controllers\Consulta_Controller->contacto()
#6 C:\xampp\htdocs\Parodi\system\CodeIgniter.php(419): CodeIgniter\CodeIgniter->runController(Object(App\Controllers\Consulta_Controller))
#7 C:\xampp\htdocs\Parodi\system\CodeIgniter.php(326): CodeIgniter\CodeIgniter->handleRequest(NULL, Object(Config\Cache), false)
#8 C:\xampp\htdocs\Parodi\index.php(37): CodeIgniter\CodeIgniter->run()
#9 {main}
CRITICAL - 2022-06-12 18:53:31 --> Undefined variable $validation
#0 C:\xampp\htdocs\Parodi\app\Views\formulario-consulta.php(8): CodeIgniter\Debug\Exceptions->errorHandler(2, 'Undefined varia...', 'C:\\xampp\\htdocs...', 8)
#1 C:\xampp\htdocs\Parodi\system\View\View.php(210): include('C:\\xampp\\htdocs...')
#2 C:\xampp\htdocs\Parodi\system\View\View.php(213): CodeIgniter\View\View->CodeIgniter\View\{closure}()
#3 C:\xampp\htdocs\Parodi\system\Common.php(1089): CodeIgniter\View\View->render('formulario-cons...', Array, true)
#4 C:\xampp\htdocs\Parodi\app\Controllers\Home.php(46): view('formulario-cons...')
#5 C:\xampp\htdocs\Parodi\system\CodeIgniter.php(832): App\Controllers\Home->contacto()
#6 C:\xampp\htdocs\Parodi\system\CodeIgniter.php(419): CodeIgniter\CodeIgniter->runController(Object(App\Controllers\Home))
#7 C:\xampp\htdocs\Parodi\system\CodeIgniter.php(326): CodeIgniter\CodeIgniter->handleRequest(NULL, Object(Config\Cache), false)
#8 C:\xampp\htdocs\Parodi\index.php(37): CodeIgniter\CodeIgniter->run()
#9 {main}
CRITICAL - 2022-06-12 18:53:47 --> Undefined variable $validation
#0 C:\xampp\htdocs\Parodi\app\Views\formulario-consulta.php(8): CodeIgniter\Debug\Exceptions->errorHandler(2, 'Undefined varia...', 'C:\\xampp\\htdocs...', 8)
#1 C:\xampp\htdocs\Parodi\system\View\View.php(210): include('C:\\xampp\\htdocs...')
#2 C:\xampp\htdocs\Parodi\system\View\View.php(213): CodeIgniter\View\View->CodeIgniter\View\{closure}()
#3 C:\xampp\htdocs\Parodi\system\Common.php(1089): CodeIgniter\View\View->render('formulario-cons...', Array, true)
#4 C:\xampp\htdocs\Parodi\app\Controllers\Home.php(46): view('formulario-cons...')
#5 C:\xampp\htdocs\Parodi\system\CodeIgniter.php(832): App\Controllers\Home->contacto()
#6 C:\xampp\htdocs\Parodi\system\CodeIgniter.php(419): CodeIgniter\CodeIgniter->runController(Object(App\Controllers\Home))
#7 C:\xampp\htdocs\Parodi\system\CodeIgniter.php(326): CodeIgniter\CodeIgniter->handleRequest(NULL, Object(Config\Cache), false)
#8 C:\xampp\htdocs\Parodi\index.php(37): CodeIgniter\CodeIgniter->run()
#9 {main}
CRITICAL - 2022-06-12 18:53:50 --> Undefined variable $validation
#0 C:\xampp\htdocs\Parodi\app\Views\formulario-consulta.php(8): CodeIgniter\Debug\Exceptions->errorHandler(2, 'Undefined varia...', 'C:\\xampp\\htdocs...', 8)
#1 C:\xampp\htdocs\Parodi\system\View\View.php(210): include('C:\\xampp\\htdocs...')
#2 C:\xampp\htdocs\Parodi\system\View\View.php(213): CodeIgniter\View\View->CodeIgniter\View\{closure}()
#3 C:\xampp\htdocs\Parodi\system\Common.php(1089): CodeIgniter\View\View->render('formulario-cons...', Array, true)
#4 C:\xampp\htdocs\Parodi\app\Controllers\Home.php(46): view('formulario-cons...')
#5 C:\xampp\htdocs\Parodi\system\CodeIgniter.php(832): App\Controllers\Home->contacto()
#6 C:\xampp\htdocs\Parodi\system\CodeIgniter.php(419): CodeIgniter\CodeIgniter->runController(Object(App\Controllers\Home))
#7 C:\xampp\htdocs\Parodi\system\CodeIgniter.php(326): CodeIgniter\CodeIgniter->handleRequest(NULL, Object(Config\Cache), false)
#8 C:\xampp\htdocs\Parodi\index.php(37): CodeIgniter\CodeIgniter->run()
#9 {main}
CRITICAL - 2022-06-12 19:23:16 --> Object of class CodeIgniter\Validation\Validation could not be converted to string
#0 C:\xampp\htdocs\Parodi\system\CodeIgniter.php(832): App\Controllers\Consulta_Controller->cargarConsulta()
#1 C:\xampp\htdocs\Parodi\system\CodeIgniter.php(419): CodeIgniter\CodeIgniter->runController(Object(App\Controllers\Consulta_Controller))
#2 C:\xampp\htdocs\Parodi\system\CodeIgniter.php(326): CodeIgniter\CodeIgniter->handleRequest(NULL, Object(Config\Cache), false)
#3 C:\xampp\htdocs\Parodi\index.php(37): CodeIgniter\CodeIgniter->run()
#4 {main}
CRITICAL - 2022-06-12 19:23:53 --> Array to string conversion
#0 C:\xampp\htdocs\Parodi\app\Controllers\Consulta_Controller.php(48): CodeIgniter\Debug\Exceptions->errorHandler(2, 'Array to string...', 'C:\\xampp\\htdocs...', 48)
#1 C:\xampp\htdocs\Parodi\system\CodeIgniter.php(832): App\Controllers\Consulta_Controller->cargarConsulta()
#2 C:\xampp\htdocs\Parodi\system\CodeIgniter.php(419): CodeIgniter\CodeIgniter->runController(Object(App\Controllers\Consulta_Controller))
#3 C:\xampp\htdocs\Parodi\system\CodeIgniter.php(326): CodeIgniter\CodeIgniter->handleRequest(NULL, Object(Config\Cache), false)
#4 C:\xampp\htdocs\Parodi\index.php(37): CodeIgniter\CodeIgniter->run()
#5 {main}
ERROR - 2022-06-12 19:25:01 --> Unknown column 'email' in 'field list'
CRITICAL - 2022-06-12 19:25:01 --> Unknown column 'email' in 'field list'
#0 C:\xampp\htdocs\Parodi\system\Database\MySQLi\Connection.php(292): mysqli->query('INSERT INTO `co...', 0)
#1 C:\xampp\htdocs\Parodi\system\Database\BaseConnection.php(670): CodeIgniter\Database\MySQLi\Connection->execute('INSERT INTO `co...')
#2 C:\xampp\htdocs\Parodi\system\Database\BaseConnection.php(598): CodeIgniter\Database\BaseConnection->simpleQuery('INSERT INTO `co...')
#3 C:\xampp\htdocs\Parodi\system\Database\BaseBuilder.php(1771): CodeIgniter\Database\BaseConnection->query('INSERT INTO `co...', Array, false)
#4 C:\xampp\htdocs\Parodi\system\Model.php(239): CodeIgniter\Database\BaseBuilder->insert()
#5 C:\xampp\htdocs\Parodi\system\BaseModel.php(738): CodeIgniter\Model->doInsert(Array)
#6 C:\xampp\htdocs\Parodi\system\Model.php(625): CodeIgniter\BaseModel->insert(Array, true)
#7 C:\xampp\htdocs\Parodi\app\Controllers\Consulta_Controller.php(43): CodeIgniter\Model->insert(Array)
#8 C:\xampp\htdocs\Parodi\system\CodeIgniter.php(832): App\Controllers\Consulta_Controller->cargarConsulta()
#9 C:\xampp\htdocs\Parodi\system\CodeIgniter.php(419): CodeIgniter\CodeIgniter->runController(Object(App\Controllers\Consulta_Controller))
#10 C:\xampp\htdocs\Parodi\system\CodeIgniter.php(326): CodeIgniter\CodeIgniter->handleRequest(NULL, Object(Config\Cache), false)
#11 C:\xampp\htdocs\Parodi\index.php(37): CodeIgniter\CodeIgniter->run()
#12 {main}
ERROR - 2022-06-12 19:25:03 --> Unknown column 'email' in 'field list'
CRITICAL - 2022-06-12 19:25:03 --> Unknown column 'email' in 'field list'
#0 C:\xampp\htdocs\Parodi\system\Database\MySQLi\Connection.php(292): mysqli->query('INSERT INTO `co...', 0)
#1 C:\xampp\htdocs\Parodi\system\Database\BaseConnection.php(670): CodeIgniter\Database\MySQLi\Connection->execute('INSERT INTO `co...')
#2 C:\xampp\htdocs\Parodi\system\Database\BaseConnection.php(598): CodeIgniter\Database\BaseConnection->simpleQuery('INSERT INTO `co...')
#3 C:\xampp\htdocs\Parodi\system\Database\BaseBuilder.php(1771): CodeIgniter\Database\BaseConnection->query('INSERT INTO `co...', Array, false)
#4 C:\xampp\htdocs\Parodi\system\Model.php(239): CodeIgniter\Database\BaseBuilder->insert()
#5 C:\xampp\htdocs\Parodi\system\BaseModel.php(738): CodeIgniter\Model->doInsert(Array)
#6 C:\xampp\htdocs\Parodi\system\Model.php(625): CodeIgniter\BaseModel->insert(Array, true)
#7 C:\xampp\htdocs\Parodi\app\Controllers\Consulta_Controller.php(43): CodeIgniter\Model->insert(Array)
#8 C:\xampp\htdocs\Parodi\system\CodeIgniter.php(832): App\Controllers\Consulta_Controller->cargarConsulta()
#9 C:\xampp\htdocs\Parodi\system\CodeIgniter.php(419): CodeIgniter\CodeIgniter->runController(Object(App\Controllers\Consulta_Controller))
#10 C:\xampp\htdocs\Parodi\system\CodeIgniter.php(326): CodeIgniter\CodeIgniter->handleRequest(NULL, Object(Config\Cache), false)
#11 C:\xampp\htdocs\Parodi\index.php(37): CodeIgniter\CodeIgniter->run()
#12 {main}
ERROR - 2022-06-12 19:25:06 --> Unknown column 'email' in 'field list'
CRITICAL - 2022-06-12 19:25:06 --> Unknown column 'email' in 'field list'
#0 C:\xampp\htdocs\Parodi\system\Database\MySQLi\Connection.php(292): mysqli->query('INSERT INTO `co...', 0)
#1 C:\xampp\htdocs\Parodi\system\Database\BaseConnection.php(670): CodeIgniter\Database\MySQLi\Connection->execute('INSERT INTO `co...')
#2 C:\xampp\htdocs\Parodi\system\Database\BaseConnection.php(598): CodeIgniter\Database\BaseConnection->simpleQuery('INSERT INTO `co...')
#3 C:\xampp\htdocs\Parodi\system\Database\BaseBuilder.php(1771): CodeIgniter\Database\BaseConnection->query('INSERT INTO `co...', Array, false)
#4 C:\xampp\htdocs\Parodi\system\Model.php(239): CodeIgniter\Database\BaseBuilder->insert()
#5 C:\xampp\htdocs\Parodi\system\BaseModel.php(738): CodeIgniter\Model->doInsert(Array)
#6 C:\xampp\htdocs\Parodi\system\Model.php(625): CodeIgniter\BaseModel->insert(Array, true)
#7 C:\xampp\htdocs\Parodi\app\Controllers\Consulta_Controller.php(43): CodeIgniter\Model->insert(Array)
#8 C:\xampp\htdocs\Parodi\system\CodeIgniter.php(832): App\Controllers\Consulta_Controller->cargarConsulta()
#9 C:\xampp\htdocs\Parodi\system\CodeIgniter.php(419): CodeIgniter\CodeIgniter->runController(Object(App\Controllers\Consulta_Controller))
#10 C:\xampp\htdocs\Parodi\system\CodeIgniter.php(326): CodeIgniter\CodeIgniter->handleRequest(NULL, Object(Config\Cache), false)
#11 C:\xampp\htdocs\Parodi\index.php(37): CodeIgniter\CodeIgniter->run()
#12 {main}
ERROR - 2022-06-12 19:25:27 --> Unknown column 'email' in 'field list'
CRITICAL - 2022-06-12 19:25:27 --> Unknown column 'email' in 'field list'
#0 C:\xampp\htdocs\Parodi\system\Database\MySQLi\Connection.php(292): mysqli->query('INSERT INTO `co...', 0)
#1 C:\xampp\htdocs\Parodi\system\Database\BaseConnection.php(670): CodeIgniter\Database\MySQLi\Connection->execute('INSERT INTO `co...')
#2 C:\xampp\htdocs\Parodi\system\Database\BaseConnection.php(598): CodeIgniter\Database\BaseConnection->simpleQuery('INSERT INTO `co...')
#3 C:\xampp\htdocs\Parodi\system\Database\BaseBuilder.php(1771): CodeIgniter\Database\BaseConnection->query('INSERT INTO `co...', Array, false)
#4 C:\xampp\htdocs\Parodi\system\Model.php(239): CodeIgniter\Database\BaseBuilder->insert()
#5 C:\xampp\htdocs\Parodi\system\BaseModel.php(738): CodeIgniter\Model->doInsert(Array)
#6 C:\xampp\htdocs\Parodi\system\Model.php(625): CodeIgniter\BaseModel->insert(Array, true)
#7 C:\xampp\htdocs\Parodi\app\Controllers\Consulta_Controller.php(43): CodeIgniter\Model->insert(Array)
#8 C:\xampp\htdocs\Parodi\system\CodeIgniter.php(832): App\Controllers\Consulta_Controller->cargarConsulta()
#9 C:\xampp\htdocs\Parodi\system\CodeIgniter.php(419): CodeIgniter\CodeIgniter->runController(Object(App\Controllers\Consulta_Controller))
#10 C:\xampp\htdocs\Parodi\system\CodeIgniter.php(326): CodeIgniter\CodeIgniter->handleRequest(NULL, Object(Config\Cache), false)
#11 C:\xampp\htdocs\Parodi\index.php(37): CodeIgniter\CodeIgniter->run()
#12 {main}
ERROR - 2022-06-12 19:26:31 --> Column 'nombreCompleto' cannot be null
CRITICAL - 2022-06-12 19:26:31 --> Column 'nombreCompleto' cannot be null
#0 C:\xampp\htdocs\Parodi\system\Database\MySQLi\Connection.php(292): mysqli->query('INSERT INTO `co...', 0)
#1 C:\xampp\htdocs\Parodi\system\Database\BaseConnection.php(670): CodeIgniter\Database\MySQLi\Connection->execute('INSERT INTO `co...')
#2 C:\xampp\htdocs\Parodi\system\Database\BaseConnection.php(598): CodeIgniter\Database\BaseConnection->simpleQuery('INSERT INTO `co...')
#3 C:\xampp\htdocs\Parodi\system\Database\BaseBuilder.php(1771): CodeIgniter\Database\BaseConnection->query('INSERT INTO `co...', Array, false)
#4 C:\xampp\htdocs\Parodi\system\Model.php(239): CodeIgniter\Database\BaseBuilder->insert()
#5 C:\xampp\htdocs\Parodi\system\BaseModel.php(738): CodeIgniter\Model->doInsert(Array)
#6 C:\xampp\htdocs\Parodi\system\Model.php(625): CodeIgniter\BaseModel->insert(Array, true)
#7 C:\xampp\htdocs\Parodi\app\Controllers\Consulta_Controller.php(43): CodeIgniter\Model->insert(Array)
#8 C:\xampp\htdocs\Parodi\system\CodeIgniter.php(832): App\Controllers\Consulta_Controller->cargarConsulta()
#9 C:\xampp\htdocs\Parodi\system\CodeIgniter.php(419): CodeIgniter\CodeIgniter->runController(Object(App\Controllers\Consulta_Controller))
#10 C:\xampp\htdocs\Parodi\system\CodeIgniter.php(326): CodeIgniter\CodeIgniter->handleRequest(NULL, Object(Config\Cache), false)
#11 C:\xampp\htdocs\Parodi\index.php(37): CodeIgniter\CodeIgniter->run()
#12 {main}
