ERROR - 2022-06-20 00:05:59 --> Unknown column 'usuario' in 'field list'
CRITICAL - 2022-06-20 00:05:59 --> Unknown column 'usuario' in 'field list'
#0 C:\xampp\htdocs\Parodi\system\Database\MySQLi\Connection.php(292): mysqli->query('INSERT INTO `ve...', 0)
#1 C:\xampp\htdocs\Parodi\system\Database\BaseConnection.php(670): CodeIgniter\Database\MySQLi\Connection->execute('INSERT INTO `ve...')
#2 C:\xampp\htdocs\Parodi\system\Database\BaseConnection.php(598): CodeIgniter\Database\BaseConnection->simpleQuery('INSERT INTO `ve...')
#3 C:\xampp\htdocs\Parodi\system\Database\BaseBuilder.php(1771): CodeIgniter\Database\BaseConnection->query('INSERT INTO `ve...', Array, false)
#4 C:\xampp\htdocs\Parodi\system\Model.php(239): CodeIgniter\Database\BaseBuilder->insert()
#5 C:\xampp\htdocs\Parodi\system\BaseModel.php(738): CodeIgniter\Model->doInsert(Array)
#6 C:\xampp\htdocs\Parodi\system\Model.php(625): CodeIgniter\BaseModel->insert(Array, true)
#7 C:\xampp\htdocs\Parodi\app\Controllers\Carrito_Controller.php(122): CodeIgniter\Model->insert(Array)
#8 C:\xampp\htdocs\Parodi\system\CodeIgniter.php(832): App\Controllers\Carrito_Controller->comprar()
#9 C:\xampp\htdocs\Parodi\system\CodeIgniter.php(419): CodeIgniter\CodeIgniter->runController(Object(App\Controllers\Carrito_Controller))
#10 C:\xampp\htdocs\Parodi\system\CodeIgniter.php(326): CodeIgniter\CodeIgniter->handleRequest(NULL, Object(Config\Cache), false)
#11 C:\xampp\htdocs\Parodi\index.php(37): CodeIgniter\CodeIgniter->run()
#12 {main}
CRITICAL - 2022-06-20 00:06:38 --> Undefined array key "usuario"
#0 C:\xampp\htdocs\Parodi\app\Views\back\carrito\misVentas.php(11): CodeIgniter\Debug\Exceptions->errorHandler(2, 'Undefined array...', 'C:\\xampp\\htdocs...', 11)
#1 C:\xampp\htdocs\Parodi\system\View\View.php(210): include('C:\\xampp\\htdocs...')
#2 C:\xampp\htdocs\Parodi\system\View\View.php(213): CodeIgniter\View\View->CodeIgniter\View\{closure}()
#3 C:\xampp\htdocs\Parodi\system\Common.php(1089): CodeIgniter\View\View->render('back/carrito/mi...', Array, true)
#4 C:\xampp\htdocs\Parodi\app\Controllers\Carrito_Controller.php(155): view('back/carrito/mi...', Array)
#5 C:\xampp\htdocs\Parodi\system\CodeIgniter.php(832): App\Controllers\Carrito_Controller->misVentas()
#6 C:\xampp\htdocs\Parodi\system\CodeIgniter.php(419): CodeIgniter\CodeIgniter->runController(Object(App\Controllers\Carrito_Controller))
#7 C:\xampp\htdocs\Parodi\system\CodeIgniter.php(326): CodeIgniter\CodeIgniter->handleRequest(NULL, Object(Config\Cache), false)
#8 C:\xampp\htdocs\Parodi\index.php(37): CodeIgniter\CodeIgniter->run()
#9 {main}
CRITICAL - 2022-06-20 00:07:10 --> Undefined array key "fecha_venta"
#0 C:\xampp\htdocs\Parodi\app\Views\back\carrito\misVentas.php(20): CodeIgniter\Debug\Exceptions->errorHandler(2, 'Undefined array...', 'C:\\xampp\\htdocs...', 20)
#1 C:\xampp\htdocs\Parodi\system\View\View.php(210): include('C:\\xampp\\htdocs...')
#2 C:\xampp\htdocs\Parodi\system\View\View.php(213): CodeIgniter\View\View->CodeIgniter\View\{closure}()
#3 C:\xampp\htdocs\Parodi\system\Common.php(1089): CodeIgniter\View\View->render('back/carrito/mi...', Array, true)
#4 C:\xampp\htdocs\Parodi\app\Controllers\Carrito_Controller.php(155): view('back/carrito/mi...', Array)
#5 C:\xampp\htdocs\Parodi\system\CodeIgniter.php(832): App\Controllers\Carrito_Controller->misVentas()
#6 C:\xampp\htdocs\Parodi\system\CodeIgniter.php(419): CodeIgniter\CodeIgniter->runController(Object(App\Controllers\Carrito_Controller))
#7 C:\xampp\htdocs\Parodi\system\CodeIgniter.php(326): CodeIgniter\CodeIgniter->handleRequest(NULL, Object(Config\Cache), false)
#8 C:\xampp\htdocs\Parodi\index.php(37): CodeIgniter\CodeIgniter->run()
#9 {main}
CRITICAL - 2022-06-20 00:56:57 --> Undefined array key "usuario"
#0 C:\xampp\htdocs\Parodi\app\Views\back\carrito\misVentas.php(11): CodeIgniter\Debug\Exceptions->errorHandler(2, 'Undefined array...', 'C:\\xampp\\htdocs...', 11)
#1 C:\xampp\htdocs\Parodi\system\View\View.php(210): include('C:\\xampp\\htdocs...')
#2 C:\xampp\htdocs\Parodi\system\View\View.php(213): CodeIgniter\View\View->CodeIgniter\View\{closure}()
#3 C:\xampp\htdocs\Parodi\system\Common.php(1089): CodeIgniter\View\View->render('back/carrito/mi...', Array, true)
#4 C:\xampp\htdocs\Parodi\app\Controllers\Carrito_Controller.php(155): view('back/carrito/mi...', Array)
#5 C:\xampp\htdocs\Parodi\system\CodeIgniter.php(832): App\Controllers\Carrito_Controller->misVentas()
#6 C:\xampp\htdocs\Parodi\system\CodeIgniter.php(419): CodeIgniter\CodeIgniter->runController(Object(App\Controllers\Carrito_Controller))
#7 C:\xampp\htdocs\Parodi\system\CodeIgniter.php(326): CodeIgniter\CodeIgniter->handleRequest(NULL, Object(Config\Cache), false)
#8 C:\xampp\htdocs\Parodi\index.php(37): CodeIgniter\CodeIgniter->run()
#9 {main}
CRITICAL - 2022-06-20 00:57:34 --> Cannot access offset of type string on string
#0 C:\xampp\htdocs\Parodi\system\View\View.php(210): include()
#1 C:\xampp\htdocs\Parodi\system\View\View.php(213): CodeIgniter\View\View->CodeIgniter\View\{closure}()
#2 C:\xampp\htdocs\Parodi\system\Common.php(1089): CodeIgniter\View\View->render('back/carrito/mi...', Array, true)
#3 C:\xampp\htdocs\Parodi\app\Controllers\Carrito_Controller.php(155): view('back/carrito/mi...', Array)
#4 C:\xampp\htdocs\Parodi\system\CodeIgniter.php(832): App\Controllers\Carrito_Controller->misVentas()
#5 C:\xampp\htdocs\Parodi\system\CodeIgniter.php(419): CodeIgniter\CodeIgniter->runController(Object(App\Controllers\Carrito_Controller))
#6 C:\xampp\htdocs\Parodi\system\CodeIgniter.php(326): CodeIgniter\CodeIgniter->handleRequest(NULL, Object(Config\Cache), false)
#7 C:\xampp\htdocs\Parodi\index.php(37): CodeIgniter\CodeIgniter->run()
#8 {main}
CRITICAL - 2022-06-20 00:58:31 --> Cannot access offset of type string on string
#0 C:\xampp\htdocs\Parodi\system\View\View.php(210): include()
#1 C:\xampp\htdocs\Parodi\system\View\View.php(213): CodeIgniter\View\View->CodeIgniter\View\{closure}()
#2 C:\xampp\htdocs\Parodi\system\Common.php(1089): CodeIgniter\View\View->render('back/carrito/mi...', Array, true)
#3 C:\xampp\htdocs\Parodi\app\Controllers\Carrito_Controller.php(155): view('back/carrito/mi...', Array)
#4 C:\xampp\htdocs\Parodi\system\CodeIgniter.php(832): App\Controllers\Carrito_Controller->misVentas()
#5 C:\xampp\htdocs\Parodi\system\CodeIgniter.php(419): CodeIgniter\CodeIgniter->runController(Object(App\Controllers\Carrito_Controller))
#6 C:\xampp\htdocs\Parodi\system\CodeIgniter.php(326): CodeIgniter\CodeIgniter->handleRequest(NULL, Object(Config\Cache), false)
#7 C:\xampp\htdocs\Parodi\index.php(37): CodeIgniter\CodeIgniter->run()
#8 {main}
CRITICAL - 2022-06-20 00:59:00 --> Undefined array key "usuario"
#0 C:\xampp\htdocs\Parodi\app\Views\back\carrito\misVentas.php(11): CodeIgniter\Debug\Exceptions->errorHandler(2, 'Undefined array...', 'C:\\xampp\\htdocs...', 11)
#1 C:\xampp\htdocs\Parodi\system\View\View.php(210): include('C:\\xampp\\htdocs...')
#2 C:\xampp\htdocs\Parodi\system\View\View.php(213): CodeIgniter\View\View->CodeIgniter\View\{closure}()
#3 C:\xampp\htdocs\Parodi\system\Common.php(1089): CodeIgniter\View\View->render('back/carrito/mi...', Array, true)
#4 C:\xampp\htdocs\Parodi\app\Controllers\Carrito_Controller.php(155): view('back/carrito/mi...', Array)
#5 C:\xampp\htdocs\Parodi\system\CodeIgniter.php(832): App\Controllers\Carrito_Controller->misVentas()
#6 C:\xampp\htdocs\Parodi\system\CodeIgniter.php(419): CodeIgniter\CodeIgniter->runController(Object(App\Controllers\Carrito_Controller))
#7 C:\xampp\htdocs\Parodi\system\CodeIgniter.php(326): CodeIgniter\CodeIgniter->handleRequest(NULL, Object(Config\Cache), false)
#8 C:\xampp\htdocs\Parodi\index.php(37): CodeIgniter\CodeIgniter->run()
#9 {main}
CRITICAL - 2022-06-20 01:08:12 --> Undefined array key "usuario"
#0 C:\xampp\htdocs\Parodi\app\Views\back\carrito\misVentas.php(12): CodeIgniter\Debug\Exceptions->errorHandler(2, 'Undefined array...', 'C:\\xampp\\htdocs...', 12)
#1 C:\xampp\htdocs\Parodi\system\View\View.php(210): include('C:\\xampp\\htdocs...')
#2 C:\xampp\htdocs\Parodi\system\View\View.php(213): CodeIgniter\View\View->CodeIgniter\View\{closure}()
#3 C:\xampp\htdocs\Parodi\system\Common.php(1089): CodeIgniter\View\View->render('back/carrito/mi...', Array, true)
#4 C:\xampp\htdocs\Parodi\app\Controllers\Carrito_Controller.php(155): view('back/carrito/mi...', Array)
#5 C:\xampp\htdocs\Parodi\system\CodeIgniter.php(832): App\Controllers\Carrito_Controller->misVentas()
#6 C:\xampp\htdocs\Parodi\system\CodeIgniter.php(419): CodeIgniter\CodeIgniter->runController(Object(App\Controllers\Carrito_Controller))
#7 C:\xampp\htdocs\Parodi\system\CodeIgniter.php(326): CodeIgniter\CodeIgniter->handleRequest(NULL, Object(Config\Cache), false)
#8 C:\xampp\htdocs\Parodi\index.php(37): CodeIgniter\CodeIgniter->run()
#9 {main}
CRITICAL - 2022-06-20 01:09:11 --> Undefined array key "usuario"
#0 C:\xampp\htdocs\Parodi\app\Views\back\carrito\misVentas.php(3): CodeIgniter\Debug\Exceptions->errorHandler(2, 'Undefined array...', 'C:\\xampp\\htdocs...', 3)
#1 C:\xampp\htdocs\Parodi\system\View\View.php(210): include('C:\\xampp\\htdocs...')
#2 C:\xampp\htdocs\Parodi\system\View\View.php(213): CodeIgniter\View\View->CodeIgniter\View\{closure}()
#3 C:\xampp\htdocs\Parodi\system\Common.php(1089): CodeIgniter\View\View->render('back/carrito/mi...', Array, true)
#4 C:\xampp\htdocs\Parodi\app\Controllers\Carrito_Controller.php(155): view('back/carrito/mi...', Array)
#5 C:\xampp\htdocs\Parodi\system\CodeIgniter.php(832): App\Controllers\Carrito_Controller->misVentas()
#6 C:\xampp\htdocs\Parodi\system\CodeIgniter.php(419): CodeIgniter\CodeIgniter->runController(Object(App\Controllers\Carrito_Controller))
#7 C:\xampp\htdocs\Parodi\system\CodeIgniter.php(326): CodeIgniter\CodeIgniter->handleRequest(NULL, Object(Config\Cache), false)
#8 C:\xampp\htdocs\Parodi\index.php(37): CodeIgniter\CodeIgniter->run()
#9 {main}
CRITICAL - 2022-06-20 01:09:40 --> Array callback must have exactly two elements
#0 C:\xampp\htdocs\Parodi\system\View\View.php(210): include()
#1 C:\xampp\htdocs\Parodi\system\View\View.php(213): CodeIgniter\View\View->CodeIgniter\View\{closure}()
#2 C:\xampp\htdocs\Parodi\system\Common.php(1089): CodeIgniter\View\View->render('back/carrito/mi...', Array, true)
#3 C:\xampp\htdocs\Parodi\app\Controllers\Carrito_Controller.php(155): view('back/carrito/mi...', Array)
#4 C:\xampp\htdocs\Parodi\system\CodeIgniter.php(832): App\Controllers\Carrito_Controller->misVentas()
#5 C:\xampp\htdocs\Parodi\system\CodeIgniter.php(419): CodeIgniter\CodeIgniter->runController(Object(App\Controllers\Carrito_Controller))
#6 C:\xampp\htdocs\Parodi\system\CodeIgniter.php(326): CodeIgniter\CodeIgniter->handleRequest(NULL, Object(Config\Cache), false)
#7 C:\xampp\htdocs\Parodi\index.php(37): CodeIgniter\CodeIgniter->run()
#8 {main}
CRITICAL - 2022-06-20 01:09:57 --> Array callback must have exactly two elements
#0 C:\xampp\htdocs\Parodi\system\View\View.php(210): include()
#1 C:\xampp\htdocs\Parodi\system\View\View.php(213): CodeIgniter\View\View->CodeIgniter\View\{closure}()
#2 C:\xampp\htdocs\Parodi\system\Common.php(1089): CodeIgniter\View\View->render('back/carrito/mi...', Array, true)
#3 C:\xampp\htdocs\Parodi\app\Controllers\Carrito_Controller.php(155): view('back/carrito/mi...', Array)
#4 C:\xampp\htdocs\Parodi\system\CodeIgniter.php(832): App\Controllers\Carrito_Controller->misVentas()
#5 C:\xampp\htdocs\Parodi\system\CodeIgniter.php(419): CodeIgniter\CodeIgniter->runController(Object(App\Controllers\Carrito_Controller))
#6 C:\xampp\htdocs\Parodi\system\CodeIgniter.php(326): CodeIgniter\CodeIgniter->handleRequest(NULL, Object(Config\Cache), false)
#7 C:\xampp\htdocs\Parodi\index.php(37): CodeIgniter\CodeIgniter->run()
#8 {main}
CRITICAL - 2022-06-20 01:11:33 --> Undefined array key "fecha_venta"
#0 C:\xampp\htdocs\Parodi\app\Views\back\carrito\misVentas.php(3): CodeIgniter\Debug\Exceptions->errorHandler(2, 'Undefined array...', 'C:\\xampp\\htdocs...', 3)
#1 C:\xampp\htdocs\Parodi\system\View\View.php(210): include('C:\\xampp\\htdocs...')
#2 C:\xampp\htdocs\Parodi\system\View\View.php(213): CodeIgniter\View\View->CodeIgniter\View\{closure}()
#3 C:\xampp\htdocs\Parodi\system\Common.php(1089): CodeIgniter\View\View->render('back/carrito/mi...', Array, true)
#4 C:\xampp\htdocs\Parodi\app\Controllers\Carrito_Controller.php(155): view('back/carrito/mi...', Array)
#5 C:\xampp\htdocs\Parodi\system\CodeIgniter.php(832): App\Controllers\Carrito_Controller->misVentas()
#6 C:\xampp\htdocs\Parodi\system\CodeIgniter.php(419): CodeIgniter\CodeIgniter->runController(Object(App\Controllers\Carrito_Controller))
#7 C:\xampp\htdocs\Parodi\system\CodeIgniter.php(326): CodeIgniter\CodeIgniter->handleRequest(NULL, Object(Config\Cache), false)
#8 C:\xampp\htdocs\Parodi\index.php(37): CodeIgniter\CodeIgniter->run()
#9 {main}
CRITICAL - 2022-06-20 01:13:19 --> Undefined array key "fecha_venta"
#0 C:\xampp\htdocs\Parodi\app\Views\back\carrito\misVentas.php(3): CodeIgniter\Debug\Exceptions->errorHandler(2, 'Undefined array...', 'C:\\xampp\\htdocs...', 3)
#1 C:\xampp\htdocs\Parodi\system\View\View.php(210): include('C:\\xampp\\htdocs...')
#2 C:\xampp\htdocs\Parodi\system\View\View.php(213): CodeIgniter\View\View->CodeIgniter\View\{closure}()
#3 C:\xampp\htdocs\Parodi\system\Common.php(1089): CodeIgniter\View\View->render('back/carrito/mi...', Array, true)
#4 C:\xampp\htdocs\Parodi\app\Controllers\Carrito_Controller.php(155): view('back/carrito/mi...', Array)
#5 C:\xampp\htdocs\Parodi\system\CodeIgniter.php(832): App\Controllers\Carrito_Controller->misVentas()
#6 C:\xampp\htdocs\Parodi\system\CodeIgniter.php(419): CodeIgniter\CodeIgniter->runController(Object(App\Controllers\Carrito_Controller))
#7 C:\xampp\htdocs\Parodi\system\CodeIgniter.php(326): CodeIgniter\CodeIgniter->handleRequest(NULL, Object(Config\Cache), false)
#8 C:\xampp\htdocs\Parodi\index.php(37): CodeIgniter\CodeIgniter->run()
#9 {main}
CRITICAL - 2022-06-20 01:18:37 --> Undefined array key "usuario"
#0 C:\xampp\htdocs\Parodi\app\Views\back\carrito\misVentas.php(12): CodeIgniter\Debug\Exceptions->errorHandler(2, 'Undefined array...', 'C:\\xampp\\htdocs...', 12)
#1 C:\xampp\htdocs\Parodi\system\View\View.php(210): include('C:\\xampp\\htdocs...')
#2 C:\xampp\htdocs\Parodi\system\View\View.php(213): CodeIgniter\View\View->CodeIgniter\View\{closure}()
#3 C:\xampp\htdocs\Parodi\system\Common.php(1089): CodeIgniter\View\View->render('back/carrito/mi...', Array, true)
#4 C:\xampp\htdocs\Parodi\app\Controllers\Carrito_Controller.php(155): view('back/carrito/mi...', Array)
#5 C:\xampp\htdocs\Parodi\system\CodeIgniter.php(832): App\Controllers\Carrito_Controller->misVentas()
#6 C:\xampp\htdocs\Parodi\system\CodeIgniter.php(419): CodeIgniter\CodeIgniter->runController(Object(App\Controllers\Carrito_Controller))
#7 C:\xampp\htdocs\Parodi\system\CodeIgniter.php(326): CodeIgniter\CodeIgniter->handleRequest(NULL, Object(Config\Cache), false)
#8 C:\xampp\htdocs\Parodi\index.php(37): CodeIgniter\CodeIgniter->run()
#9 {main}
CRITICAL - 2022-06-20 01:18:46 --> syntax error, unexpected token ")"
#0 C:\xampp\htdocs\Parodi\system\View\View.php(213): CodeIgniter\View\View->CodeIgniter\View\{closure}()
#1 C:\xampp\htdocs\Parodi\system\Common.php(1089): CodeIgniter\View\View->render('back/carrito/mi...', Array, true)
#2 C:\xampp\htdocs\Parodi\app\Controllers\Carrito_Controller.php(155): view('back/carrito/mi...', Array)
#3 C:\xampp\htdocs\Parodi\system\CodeIgniter.php(832): App\Controllers\Carrito_Controller->misVentas()
#4 C:\xampp\htdocs\Parodi\system\CodeIgniter.php(419): CodeIgniter\CodeIgniter->runController(Object(App\Controllers\Carrito_Controller))
#5 C:\xampp\htdocs\Parodi\system\CodeIgniter.php(326): CodeIgniter\CodeIgniter->handleRequest(NULL, Object(Config\Cache), false)
#6 C:\xampp\htdocs\Parodi\index.php(37): CodeIgniter\CodeIgniter->run()
#7 {main}
CRITICAL - 2022-06-20 01:20:25 --> syntax error, unexpected token "=>", expecting ")"
#0 C:\xampp\htdocs\Parodi\system\View\View.php(213): CodeIgniter\View\View->CodeIgniter\View\{closure}()
#1 C:\xampp\htdocs\Parodi\system\Common.php(1089): CodeIgniter\View\View->render('back/carrito/mi...', Array, true)
#2 C:\xampp\htdocs\Parodi\app\Controllers\Carrito_Controller.php(155): view('back/carrito/mi...', Array)
#3 C:\xampp\htdocs\Parodi\system\CodeIgniter.php(832): App\Controllers\Carrito_Controller->misVentas()
#4 C:\xampp\htdocs\Parodi\system\CodeIgniter.php(419): CodeIgniter\CodeIgniter->runController(Object(App\Controllers\Carrito_Controller))
#5 C:\xampp\htdocs\Parodi\system\CodeIgniter.php(326): CodeIgniter\CodeIgniter->handleRequest(NULL, Object(Config\Cache), false)
#6 C:\xampp\htdocs\Parodi\index.php(37): CodeIgniter\CodeIgniter->run()
#7 {main}
CRITICAL - 2022-06-20 01:33:23 --> Cannot use [] for reading
#0 [internal function]: CodeIgniter\Debug\Exceptions->shutdownHandler()
#1 {main}
CRITICAL - 2022-06-20 01:36:57 --> Attempt to read property "array" on array
#0 C:\xampp\htdocs\Parodi\app\Views\back\carrito\misVentas.php(5): CodeIgniter\Debug\Exceptions->errorHandler(2, 'Attempt to read...', 'C:\\xampp\\htdocs...', 5)
#1 C:\xampp\htdocs\Parodi\system\View\View.php(210): include('C:\\xampp\\htdocs...')
#2 C:\xampp\htdocs\Parodi\system\View\View.php(213): CodeIgniter\View\View->CodeIgniter\View\{closure}()
#3 C:\xampp\htdocs\Parodi\system\Common.php(1089): CodeIgniter\View\View->render('back/carrito/mi...', Array, true)
#4 C:\xampp\htdocs\Parodi\app\Controllers\Carrito_Controller.php(155): view('back/carrito/mi...', Array)
#5 C:\xampp\htdocs\Parodi\system\CodeIgniter.php(832): App\Controllers\Carrito_Controller->misVentas()
#6 C:\xampp\htdocs\Parodi\system\CodeIgniter.php(419): CodeIgniter\CodeIgniter->runController(Object(App\Controllers\Carrito_Controller))
#7 C:\xampp\htdocs\Parodi\system\CodeIgniter.php(326): CodeIgniter\CodeIgniter->handleRequest(NULL, Object(Config\Cache), false)
#8 C:\xampp\htdocs\Parodi\index.php(37): CodeIgniter\CodeIgniter->run()
#9 {main}
CRITICAL - 2022-06-20 01:37:09 --> Undefined variable $array
#0 C:\xampp\htdocs\Parodi\app\Views\back\carrito\misVentas.php(5): CodeIgniter\Debug\Exceptions->errorHandler(2, 'Undefined varia...', 'C:\\xampp\\htdocs...', 5)
#1 C:\xampp\htdocs\Parodi\system\View\View.php(210): include('C:\\xampp\\htdocs...')
#2 C:\xampp\htdocs\Parodi\system\View\View.php(213): CodeIgniter\View\View->CodeIgniter\View\{closure}()
#3 C:\xampp\htdocs\Parodi\system\Common.php(1089): CodeIgniter\View\View->render('back/carrito/mi...', Array, true)
#4 C:\xampp\htdocs\Parodi\app\Controllers\Carrito_Controller.php(155): view('back/carrito/mi...', Array)
#5 C:\xampp\htdocs\Parodi\system\CodeIgniter.php(832): App\Controllers\Carrito_Controller->misVentas()
#6 C:\xampp\htdocs\Parodi\system\CodeIgniter.php(419): CodeIgniter\CodeIgniter->runController(Object(App\Controllers\Carrito_Controller))
#7 C:\xampp\htdocs\Parodi\system\CodeIgniter.php(326): CodeIgniter\CodeIgniter->handleRequest(NULL, Object(Config\Cache), false)
#8 C:\xampp\htdocs\Parodi\index.php(37): CodeIgniter\CodeIgniter->run()
#9 {main}
CRITICAL - 2022-06-20 01:37:48 --> Undefined array key "usuario"
#0 C:\xampp\htdocs\Parodi\app\Views\back\carrito\misVentas.php(5): CodeIgniter\Debug\Exceptions->errorHandler(2, 'Undefined array...', 'C:\\xampp\\htdocs...', 5)
#1 C:\xampp\htdocs\Parodi\system\View\View.php(210): include('C:\\xampp\\htdocs...')
#2 C:\xampp\htdocs\Parodi\system\View\View.php(213): CodeIgniter\View\View->CodeIgniter\View\{closure}()
#3 C:\xampp\htdocs\Parodi\system\Common.php(1089): CodeIgniter\View\View->render('back/carrito/mi...', Array, true)
#4 C:\xampp\htdocs\Parodi\app\Controllers\Carrito_Controller.php(155): view('back/carrito/mi...', Array)
#5 C:\xampp\htdocs\Parodi\system\CodeIgniter.php(832): App\Controllers\Carrito_Controller->misVentas()
#6 C:\xampp\htdocs\Parodi\system\CodeIgniter.php(419): CodeIgniter\CodeIgniter->runController(Object(App\Controllers\Carrito_Controller))
#7 C:\xampp\htdocs\Parodi\system\CodeIgniter.php(326): CodeIgniter\CodeIgniter->handleRequest(NULL, Object(Config\Cache), false)
#8 C:\xampp\htdocs\Parodi\index.php(37): CodeIgniter\CodeIgniter->run()
#9 {main}
CRITICAL - 2022-06-20 01:40:28 --> syntax error, unexpected token ";", expecting ")"
#0 C:\xampp\htdocs\Parodi\system\View\View.php(213): CodeIgniter\View\View->CodeIgniter\View\{closure}()
#1 C:\xampp\htdocs\Parodi\system\Common.php(1089): CodeIgniter\View\View->render('back/carrito/mi...', Array, true)
#2 C:\xampp\htdocs\Parodi\app\Controllers\Carrito_Controller.php(155): view('back/carrito/mi...', Array)
#3 C:\xampp\htdocs\Parodi\system\CodeIgniter.php(832): App\Controllers\Carrito_Controller->misVentas()
#4 C:\xampp\htdocs\Parodi\system\CodeIgniter.php(419): CodeIgniter\CodeIgniter->runController(Object(App\Controllers\Carrito_Controller))
#5 C:\xampp\htdocs\Parodi\system\CodeIgniter.php(326): CodeIgniter\CodeIgniter->handleRequest(NULL, Object(Config\Cache), false)
#6 C:\xampp\htdocs\Parodi\index.php(37): CodeIgniter\CodeIgniter->run()
#7 {main}
CRITICAL - 2022-06-20 01:41:30 --> Array callback must have exactly two elements
#0 C:\xampp\htdocs\Parodi\system\View\View.php(210): include()
#1 C:\xampp\htdocs\Parodi\system\View\View.php(213): CodeIgniter\View\View->CodeIgniter\View\{closure}()
#2 C:\xampp\htdocs\Parodi\system\Common.php(1089): CodeIgniter\View\View->render('back/carrito/mi...', Array, true)
#3 C:\xampp\htdocs\Parodi\app\Controllers\Carrito_Controller.php(155): view('back/carrito/mi...', Array)
#4 C:\xampp\htdocs\Parodi\system\CodeIgniter.php(832): App\Controllers\Carrito_Controller->misVentas()
#5 C:\xampp\htdocs\Parodi\system\CodeIgniter.php(419): CodeIgniter\CodeIgniter->runController(Object(App\Controllers\Carrito_Controller))
#6 C:\xampp\htdocs\Parodi\system\CodeIgniter.php(326): CodeIgniter\CodeIgniter->handleRequest(NULL, Object(Config\Cache), false)
#7 C:\xampp\htdocs\Parodi\index.php(37): CodeIgniter\CodeIgniter->run()
#8 {main}
ERROR - 2022-06-20 01:46:32 --> Unknown column 'id' in 'order clause'
CRITICAL - 2022-06-20 01:46:32 --> Unknown column 'id' in 'order clause'
#0 C:\xampp\htdocs\Parodi\system\Database\MySQLi\Connection.php(292): mysqli->query('SELECT *\nFROM `...', 0)
#1 C:\xampp\htdocs\Parodi\system\Database\BaseConnection.php(670): CodeIgniter\Database\MySQLi\Connection->execute('SELECT *\nFROM `...')
#2 C:\xampp\htdocs\Parodi\system\Database\BaseConnection.php(598): CodeIgniter\Database\BaseConnection->simpleQuery('SELECT *\nFROM `...')
#3 C:\xampp\htdocs\Parodi\system\Database\BaseBuilder.php(1455): CodeIgniter\Database\BaseConnection->query('SELECT *\nFROM `...', Array, false)
#4 C:\xampp\htdocs\Parodi\system\Model.php(183): CodeIgniter\Database\BaseBuilder->get()
#5 C:\xampp\htdocs\Parodi\system\BaseModel.php(584): CodeIgniter\Model->doFindAll(0, 0)
#6 C:\xampp\htdocs\Parodi\app\Controllers\Carrito_Controller.php(135): CodeIgniter\BaseModel->findAll()
#7 C:\xampp\htdocs\Parodi\system\CodeIgniter.php(832): App\Controllers\Carrito_Controller->verVentas()
#8 C:\xampp\htdocs\Parodi\system\CodeIgniter.php(419): CodeIgniter\CodeIgniter->runController(Object(App\Controllers\Carrito_Controller))
#9 C:\xampp\htdocs\Parodi\system\CodeIgniter.php(326): CodeIgniter\CodeIgniter->handleRequest(NULL, Object(Config\Cache), false)
#10 C:\xampp\htdocs\Parodi\index.php(37): CodeIgniter\CodeIgniter->run()
#11 {main}
ERROR - 2022-06-20 01:46:49 --> Unknown column 'id' in 'order clause'
CRITICAL - 2022-06-20 01:46:49 --> Unknown column 'id' in 'order clause'
#0 C:\xampp\htdocs\Parodi\system\Database\MySQLi\Connection.php(292): mysqli->query('SELECT *\nFROM `...', 0)
#1 C:\xampp\htdocs\Parodi\system\Database\BaseConnection.php(670): CodeIgniter\Database\MySQLi\Connection->execute('SELECT *\nFROM `...')
#2 C:\xampp\htdocs\Parodi\system\Database\BaseConnection.php(598): CodeIgniter\Database\BaseConnection->simpleQuery('SELECT *\nFROM `...')
#3 C:\xampp\htdocs\Parodi\system\Database\BaseBuilder.php(1455): CodeIgniter\Database\BaseConnection->query('SELECT *\nFROM `...', Array, false)
#4 C:\xampp\htdocs\Parodi\system\Model.php(183): CodeIgniter\Database\BaseBuilder->get()
#5 C:\xampp\htdocs\Parodi\system\BaseModel.php(584): CodeIgniter\Model->doFindAll(0, 0)
#6 C:\xampp\htdocs\Parodi\app\Controllers\Carrito_Controller.php(135): CodeIgniter\BaseModel->findAll()
#7 C:\xampp\htdocs\Parodi\system\CodeIgniter.php(832): App\Controllers\Carrito_Controller->verVentas()
#8 C:\xampp\htdocs\Parodi\system\CodeIgniter.php(419): CodeIgniter\CodeIgniter->runController(Object(App\Controllers\Carrito_Controller))
#9 C:\xampp\htdocs\Parodi\system\CodeIgniter.php(326): CodeIgniter\CodeIgniter->handleRequest(NULL, Object(Config\Cache), false)
#10 C:\xampp\htdocs\Parodi\index.php(37): CodeIgniter\CodeIgniter->run()
#11 {main}
ERROR - 2022-06-20 01:46:57 --> Unknown column 'id' in 'order clause'
CRITICAL - 2022-06-20 01:46:57 --> Unknown column 'id' in 'order clause'
#0 C:\xampp\htdocs\Parodi\system\Database\MySQLi\Connection.php(292): mysqli->query('SELECT *\nFROM `...', 0)
#1 C:\xampp\htdocs\Parodi\system\Database\BaseConnection.php(670): CodeIgniter\Database\MySQLi\Connection->execute('SELECT *\nFROM `...')
#2 C:\xampp\htdocs\Parodi\system\Database\BaseConnection.php(598): CodeIgniter\Database\BaseConnection->simpleQuery('SELECT *\nFROM `...')
#3 C:\xampp\htdocs\Parodi\system\Database\BaseBuilder.php(1455): CodeIgniter\Database\BaseConnection->query('SELECT *\nFROM `...', Array, false)
#4 C:\xampp\htdocs\Parodi\system\Model.php(183): CodeIgniter\Database\BaseBuilder->get()
#5 C:\xampp\htdocs\Parodi\system\BaseModel.php(584): CodeIgniter\Model->doFindAll(0, 0)
#6 C:\xampp\htdocs\Parodi\app\Controllers\Carrito_Controller.php(135): CodeIgniter\BaseModel->findAll()
#7 C:\xampp\htdocs\Parodi\system\CodeIgniter.php(832): App\Controllers\Carrito_Controller->verVentas()
#8 C:\xampp\htdocs\Parodi\system\CodeIgniter.php(419): CodeIgniter\CodeIgniter->runController(Object(App\Controllers\Carrito_Controller))
#9 C:\xampp\htdocs\Parodi\system\CodeIgniter.php(326): CodeIgniter\CodeIgniter->handleRequest(NULL, Object(Config\Cache), false)
#10 C:\xampp\htdocs\Parodi\index.php(37): CodeIgniter\CodeIgniter->run()
#11 {main}
ERROR - 2022-06-20 01:48:21 --> Unknown column 'id' in 'order clause'
CRITICAL - 2022-06-20 01:48:21 --> Unknown column 'id' in 'order clause'
#0 C:\xampp\htdocs\Parodi\system\Database\MySQLi\Connection.php(292): mysqli->query('SELECT *\nFROM `...', 0)
#1 C:\xampp\htdocs\Parodi\system\Database\BaseConnection.php(670): CodeIgniter\Database\MySQLi\Connection->execute('SELECT *\nFROM `...')
#2 C:\xampp\htdocs\Parodi\system\Database\BaseConnection.php(598): CodeIgniter\Database\BaseConnection->simpleQuery('SELECT *\nFROM `...')
#3 C:\xampp\htdocs\Parodi\system\Database\BaseBuilder.php(1455): CodeIgniter\Database\BaseConnection->query('SELECT *\nFROM `...', Array, false)
#4 C:\xampp\htdocs\Parodi\system\Model.php(183): CodeIgniter\Database\BaseBuilder->get()
#5 C:\xampp\htdocs\Parodi\system\BaseModel.php(584): CodeIgniter\Model->doFindAll(0, 0)
#6 C:\xampp\htdocs\Parodi\app\Controllers\Carrito_Controller.php(135): CodeIgniter\BaseModel->findAll()
#7 C:\xampp\htdocs\Parodi\system\CodeIgniter.php(832): App\Controllers\Carrito_Controller->verVentas()
#8 C:\xampp\htdocs\Parodi\system\CodeIgniter.php(419): CodeIgniter\CodeIgniter->runController(Object(App\Controllers\Carrito_Controller))
#9 C:\xampp\htdocs\Parodi\system\CodeIgniter.php(326): CodeIgniter\CodeIgniter->handleRequest(NULL, Object(Config\Cache), false)
#10 C:\xampp\htdocs\Parodi\index.php(37): CodeIgniter\CodeIgniter->run()
#11 {main}
CRITICAL - 2022-06-20 12:25:39 --> Undefined array key "usuario"
#0 C:\xampp\htdocs\Parodi\app\Views\back\carrito\misVentas.php(8): CodeIgniter\Debug\Exceptions->errorHandler(2, 'Undefined array...', 'C:\\xampp\\htdocs...', 8)
#1 C:\xampp\htdocs\Parodi\system\View\View.php(210): include('C:\\xampp\\htdocs...')
#2 C:\xampp\htdocs\Parodi\system\View\View.php(213): CodeIgniter\View\View->CodeIgniter\View\{closure}()
#3 C:\xampp\htdocs\Parodi\system\Common.php(1089): CodeIgniter\View\View->render('back/carrito/mi...', Array, true)
#4 C:\xampp\htdocs\Parodi\app\Controllers\Carrito_Controller.php(153): view('back/carrito/mi...', Array)
#5 C:\xampp\htdocs\Parodi\system\CodeIgniter.php(832): App\Controllers\Carrito_Controller->misVentas()
#6 C:\xampp\htdocs\Parodi\system\CodeIgniter.php(419): CodeIgniter\CodeIgniter->runController(Object(App\Controllers\Carrito_Controller))
#7 C:\xampp\htdocs\Parodi\system\CodeIgniter.php(326): CodeIgniter\CodeIgniter->handleRequest(NULL, Object(Config\Cache), false)
#8 C:\xampp\htdocs\Parodi\index.php(37): CodeIgniter\CodeIgniter->run()
#9 {main}
CRITICAL - 2022-06-20 12:26:17 --> Undefined array key "usuario"
#0 C:\xampp\htdocs\Parodi\app\Views\back\carrito\misVentas.php(8): CodeIgniter\Debug\Exceptions->errorHandler(2, 'Undefined array...', 'C:\\xampp\\htdocs...', 8)
#1 C:\xampp\htdocs\Parodi\system\View\View.php(210): include('C:\\xampp\\htdocs...')
#2 C:\xampp\htdocs\Parodi\system\View\View.php(213): CodeIgniter\View\View->CodeIgniter\View\{closure}()
#3 C:\xampp\htdocs\Parodi\system\Common.php(1089): CodeIgniter\View\View->render('back/carrito/mi...', Array, true)
#4 C:\xampp\htdocs\Parodi\app\Controllers\Carrito_Controller.php(153): view('back/carrito/mi...', Array)
#5 C:\xampp\htdocs\Parodi\system\CodeIgniter.php(832): App\Controllers\Carrito_Controller->misVentas()
#6 C:\xampp\htdocs\Parodi\system\CodeIgniter.php(419): CodeIgniter\CodeIgniter->runController(Object(App\Controllers\Carrito_Controller))
#7 C:\xampp\htdocs\Parodi\system\CodeIgniter.php(326): CodeIgniter\CodeIgniter->handleRequest(NULL, Object(Config\Cache), false)
#8 C:\xampp\htdocs\Parodi\index.php(37): CodeIgniter\CodeIgniter->run()
#9 {main}
CRITICAL - 2022-06-20 12:27:53 --> Undefined array key "usuario"
#0 C:\xampp\htdocs\Parodi\app\Views\back\carrito\misVentas.php(5): CodeIgniter\Debug\Exceptions->errorHandler(2, 'Undefined array...', 'C:\\xampp\\htdocs...', 5)
#1 C:\xampp\htdocs\Parodi\system\View\View.php(210): include('C:\\xampp\\htdocs...')
#2 C:\xampp\htdocs\Parodi\system\View\View.php(213): CodeIgniter\View\View->CodeIgniter\View\{closure}()
#3 C:\xampp\htdocs\Parodi\system\Common.php(1089): CodeIgniter\View\View->render('back/carrito/mi...', Array, true)
#4 C:\xampp\htdocs\Parodi\app\Controllers\Carrito_Controller.php(153): view('back/carrito/mi...', Array)
#5 C:\xampp\htdocs\Parodi\system\CodeIgniter.php(832): App\Controllers\Carrito_Controller->misVentas()
#6 C:\xampp\htdocs\Parodi\system\CodeIgniter.php(419): CodeIgniter\CodeIgniter->runController(Object(App\Controllers\Carrito_Controller))
#7 C:\xampp\htdocs\Parodi\system\CodeIgniter.php(326): CodeIgniter\CodeIgniter->handleRequest(NULL, Object(Config\Cache), false)
#8 C:\xampp\htdocs\Parodi\index.php(37): CodeIgniter\CodeIgniter->run()
#9 {main}
CRITICAL - 2022-06-20 12:40:43 --> var_dump() expects at least 1 argument, 0 given
#0 C:\xampp\htdocs\Parodi\app\Views\back\carrito\misVentas.php(5): var_dump()
#1 C:\xampp\htdocs\Parodi\system\View\View.php(210): include('C:\\xampp\\htdocs...')
#2 C:\xampp\htdocs\Parodi\system\View\View.php(213): CodeIgniter\View\View->CodeIgniter\View\{closure}()
#3 C:\xampp\htdocs\Parodi\system\Common.php(1089): CodeIgniter\View\View->render('back/carrito/mi...', Array, true)
#4 C:\xampp\htdocs\Parodi\app\Controllers\Carrito_Controller.php(153): view('back/carrito/mi...', Array)
#5 C:\xampp\htdocs\Parodi\system\CodeIgniter.php(832): App\Controllers\Carrito_Controller->misVentas()
#6 C:\xampp\htdocs\Parodi\system\CodeIgniter.php(419): CodeIgniter\CodeIgniter->runController(Object(App\Controllers\Carrito_Controller))
#7 C:\xampp\htdocs\Parodi\system\CodeIgniter.php(326): CodeIgniter\CodeIgniter->handleRequest(NULL, Object(Config\Cache), false)
#8 C:\xampp\htdocs\Parodi\index.php(37): CodeIgniter\CodeIgniter->run()
#9 {main}
CRITICAL - 2022-06-20 12:40:51 --> Undefined array key 3
#0 C:\xampp\htdocs\Parodi\app\Views\back\carrito\misVentas.php(12): CodeIgniter\Debug\Exceptions->errorHandler(2, 'Undefined array...', 'C:\\xampp\\htdocs...', 12)
#1 C:\xampp\htdocs\Parodi\system\View\View.php(210): include('C:\\xampp\\htdocs...')
#2 C:\xampp\htdocs\Parodi\system\View\View.php(213): CodeIgniter\View\View->CodeIgniter\View\{closure}()
#3 C:\xampp\htdocs\Parodi\system\Common.php(1089): CodeIgniter\View\View->render('back/carrito/mi...', Array, true)
#4 C:\xampp\htdocs\Parodi\app\Controllers\Carrito_Controller.php(153): view('back/carrito/mi...', Array)
#5 C:\xampp\htdocs\Parodi\system\CodeIgniter.php(832): App\Controllers\Carrito_Controller->misVentas()
#6 C:\xampp\htdocs\Parodi\system\CodeIgniter.php(419): CodeIgniter\CodeIgniter->runController(Object(App\Controllers\Carrito_Controller))
#7 C:\xampp\htdocs\Parodi\system\CodeIgniter.php(326): CodeIgniter\CodeIgniter->handleRequest(NULL, Object(Config\Cache), false)
#8 C:\xampp\htdocs\Parodi\index.php(37): CodeIgniter\CodeIgniter->run()
#9 {main}
CRITICAL - 2022-06-20 13:13:50 --> Undefined array key 0
#0 C:\xampp\htdocs\Parodi\app\Views\back\carrito\misVentas.php(5): CodeIgniter\Debug\Exceptions->errorHandler(2, 'Undefined array...', 'C:\\xampp\\htdocs...', 5)
#1 C:\xampp\htdocs\Parodi\system\View\View.php(210): include('C:\\xampp\\htdocs...')
#2 C:\xampp\htdocs\Parodi\system\View\View.php(213): CodeIgniter\View\View->CodeIgniter\View\{closure}()
#3 C:\xampp\htdocs\Parodi\system\Common.php(1089): CodeIgniter\View\View->render('back/carrito/mi...', Array, true)
#4 C:\xampp\htdocs\Parodi\app\Controllers\Carrito_Controller.php(153): view('back/carrito/mi...', Array)
#5 C:\xampp\htdocs\Parodi\system\CodeIgniter.php(832): App\Controllers\Carrito_Controller->misVentas()
#6 C:\xampp\htdocs\Parodi\system\CodeIgniter.php(419): CodeIgniter\CodeIgniter->runController(Object(App\Controllers\Carrito_Controller))
#7 C:\xampp\htdocs\Parodi\system\CodeIgniter.php(326): CodeIgniter\CodeIgniter->handleRequest(NULL, Object(Config\Cache), false)
#8 C:\xampp\htdocs\Parodi\index.php(37): CodeIgniter\CodeIgniter->run()
#9 {main}
CRITICAL - 2022-06-20 13:14:50 --> Undefined array key "id_usuarioC"
#0 C:\xampp\htdocs\Parodi\app\Views\back\carrito\misVentas.php(8): CodeIgniter\Debug\Exceptions->errorHandler(2, 'Undefined array...', 'C:\\xampp\\htdocs...', 8)
#1 C:\xampp\htdocs\Parodi\system\View\View.php(210): include('C:\\xampp\\htdocs...')
#2 C:\xampp\htdocs\Parodi\system\View\View.php(213): CodeIgniter\View\View->CodeIgniter\View\{closure}()
#3 C:\xampp\htdocs\Parodi\system\Common.php(1089): CodeIgniter\View\View->render('back/carrito/mi...', Array, true)
#4 C:\xampp\htdocs\Parodi\app\Controllers\Carrito_Controller.php(153): view('back/carrito/mi...', Array)
#5 C:\xampp\htdocs\Parodi\system\CodeIgniter.php(832): App\Controllers\Carrito_Controller->misVentas()
#6 C:\xampp\htdocs\Parodi\system\CodeIgniter.php(419): CodeIgniter\CodeIgniter->runController(Object(App\Controllers\Carrito_Controller))
#7 C:\xampp\htdocs\Parodi\system\CodeIgniter.php(326): CodeIgniter\CodeIgniter->handleRequest(NULL, Object(Config\Cache), false)
#8 C:\xampp\htdocs\Parodi\index.php(37): CodeIgniter\CodeIgniter->run()
#9 {main}
CRITICAL - 2022-06-20 13:37:33 --> view(): Argument #2 ($data) must be of type array, App\Models\Ventas_Model given, called in C:\xampp\htdocs\Parodi\app\Controllers\Carrito_Controller.php on line 158
#0 C:\xampp\htdocs\Parodi\app\Controllers\Carrito_Controller.php(158): view('back/carrito/mi...', Object(App\Models\Ventas_Model))
#1 C:\xampp\htdocs\Parodi\system\CodeIgniter.php(832): App\Controllers\Carrito_Controller->misVentas()
#2 C:\xampp\htdocs\Parodi\system\CodeIgniter.php(419): CodeIgniter\CodeIgniter->runController(Object(App\Controllers\Carrito_Controller))
#3 C:\xampp\htdocs\Parodi\system\CodeIgniter.php(326): CodeIgniter\CodeIgniter->handleRequest(NULL, Object(Config\Cache), false)
#4 C:\xampp\htdocs\Parodi\index.php(37): CodeIgniter\CodeIgniter->run()
#5 {main}
ERROR - 2022-06-20 13:38:07 --> Cannot add or update a child row: a foreign key constraint fails (`parodi`.`ventas`, CONSTRAINT `ventas_ibfk_1` FOREIGN KEY (`id_usuarioC`) REFERENCES `usuarios` (`id`))
CRITICAL - 2022-06-20 13:38:07 --> Cannot add or update a child row: a foreign key constraint fails (`parodi`.`ventas`, CONSTRAINT `ventas_ibfk_1` FOREIGN KEY (`id_usuarioC`) REFERENCES `usuarios` (`id`))
#0 C:\xampp\htdocs\Parodi\system\Database\MySQLi\Connection.php(292): mysqli->query('INSERT INTO `ve...', 0)
#1 C:\xampp\htdocs\Parodi\system\Database\BaseConnection.php(670): CodeIgniter\Database\MySQLi\Connection->execute('INSERT INTO `ve...')
#2 C:\xampp\htdocs\Parodi\system\Database\BaseConnection.php(598): CodeIgniter\Database\BaseConnection->simpleQuery('INSERT INTO `ve...')
#3 C:\xampp\htdocs\Parodi\system\Database\BaseBuilder.php(1771): CodeIgniter\Database\BaseConnection->query('INSERT INTO `ve...', Array, false)
#4 C:\xampp\htdocs\Parodi\system\Model.php(239): CodeIgniter\Database\BaseBuilder->insert()
#5 C:\xampp\htdocs\Parodi\system\BaseModel.php(738): CodeIgniter\Model->doInsert(Array)
#6 C:\xampp\htdocs\Parodi\system\Model.php(625): CodeIgniter\BaseModel->insert(Array, true)
#7 C:\xampp\htdocs\Parodi\app\Controllers\Carrito_Controller.php(122): CodeIgniter\Model->insert(Array)
#8 C:\xampp\htdocs\Parodi\system\CodeIgniter.php(832): App\Controllers\Carrito_Controller->comprar()
#9 C:\xampp\htdocs\Parodi\system\CodeIgniter.php(419): CodeIgniter\CodeIgniter->runController(Object(App\Controllers\Carrito_Controller))
#10 C:\xampp\htdocs\Parodi\system\CodeIgniter.php(326): CodeIgniter\CodeIgniter->handleRequest(NULL, Object(Config\Cache), false)
#11 C:\xampp\htdocs\Parodi\index.php(37): CodeIgniter\CodeIgniter->run()
#12 {main}
ERROR - 2022-06-20 13:42:55 --> Cannot add or update a child row: a foreign key constraint fails (`parodi`.`ventas`, CONSTRAINT `ventas_ibfk_1` FOREIGN KEY (`id_usuarioC`) REFERENCES `usuarios` (`id`))
CRITICAL - 2022-06-20 13:42:55 --> Cannot add or update a child row: a foreign key constraint fails (`parodi`.`ventas`, CONSTRAINT `ventas_ibfk_1` FOREIGN KEY (`id_usuarioC`) REFERENCES `usuarios` (`id`))
#0 C:\xampp\htdocs\Parodi\system\Database\MySQLi\Connection.php(292): mysqli->query('INSERT INTO `ve...', 0)
#1 C:\xampp\htdocs\Parodi\system\Database\BaseConnection.php(670): CodeIgniter\Database\MySQLi\Connection->execute('INSERT INTO `ve...')
#2 C:\xampp\htdocs\Parodi\system\Database\BaseConnection.php(598): CodeIgniter\Database\BaseConnection->simpleQuery('INSERT INTO `ve...')
#3 C:\xampp\htdocs\Parodi\system\Database\BaseBuilder.php(1771): CodeIgniter\Database\BaseConnection->query('INSERT INTO `ve...', Array, false)
#4 C:\xampp\htdocs\Parodi\system\Model.php(239): CodeIgniter\Database\BaseBuilder->insert()
#5 C:\xampp\htdocs\Parodi\system\BaseModel.php(738): CodeIgniter\Model->doInsert(Array)
#6 C:\xampp\htdocs\Parodi\system\Model.php(625): CodeIgniter\BaseModel->insert(Array, true)
#7 C:\xampp\htdocs\Parodi\app\Controllers\Carrito_Controller.php(122): CodeIgniter\Model->insert(Array)
#8 C:\xampp\htdocs\Parodi\system\CodeIgniter.php(832): App\Controllers\Carrito_Controller->comprar()
#9 C:\xampp\htdocs\Parodi\system\CodeIgniter.php(419): CodeIgniter\CodeIgniter->runController(Object(App\Controllers\Carrito_Controller))
#10 C:\xampp\htdocs\Parodi\system\CodeIgniter.php(326): CodeIgniter\CodeIgniter->handleRequest(NULL, Object(Config\Cache), false)
#11 C:\xampp\htdocs\Parodi\index.php(37): CodeIgniter\CodeIgniter->run()
#12 {main}
ERROR - 2022-06-20 13:42:57 --> Cannot add or update a child row: a foreign key constraint fails (`parodi`.`ventas`, CONSTRAINT `ventas_ibfk_1` FOREIGN KEY (`id_usuarioC`) REFERENCES `usuarios` (`id`))
CRITICAL - 2022-06-20 13:42:57 --> Cannot add or update a child row: a foreign key constraint fails (`parodi`.`ventas`, CONSTRAINT `ventas_ibfk_1` FOREIGN KEY (`id_usuarioC`) REFERENCES `usuarios` (`id`))
#0 C:\xampp\htdocs\Parodi\system\Database\MySQLi\Connection.php(292): mysqli->query('INSERT INTO `ve...', 0)
#1 C:\xampp\htdocs\Parodi\system\Database\BaseConnection.php(670): CodeIgniter\Database\MySQLi\Connection->execute('INSERT INTO `ve...')
#2 C:\xampp\htdocs\Parodi\system\Database\BaseConnection.php(598): CodeIgniter\Database\BaseConnection->simpleQuery('INSERT INTO `ve...')
#3 C:\xampp\htdocs\Parodi\system\Database\BaseBuilder.php(1771): CodeIgniter\Database\BaseConnection->query('INSERT INTO `ve...', Array, false)
#4 C:\xampp\htdocs\Parodi\system\Model.php(239): CodeIgniter\Database\BaseBuilder->insert()
#5 C:\xampp\htdocs\Parodi\system\BaseModel.php(738): CodeIgniter\Model->doInsert(Array)
#6 C:\xampp\htdocs\Parodi\system\Model.php(625): CodeIgniter\BaseModel->insert(Array, true)
#7 C:\xampp\htdocs\Parodi\app\Controllers\Carrito_Controller.php(122): CodeIgniter\Model->insert(Array)
#8 C:\xampp\htdocs\Parodi\system\CodeIgniter.php(832): App\Controllers\Carrito_Controller->comprar()
#9 C:\xampp\htdocs\Parodi\system\CodeIgniter.php(419): CodeIgniter\CodeIgniter->runController(Object(App\Controllers\Carrito_Controller))
#10 C:\xampp\htdocs\Parodi\system\CodeIgniter.php(326): CodeIgniter\CodeIgniter->handleRequest(NULL, Object(Config\Cache), false)
#11 C:\xampp\htdocs\Parodi\index.php(37): CodeIgniter\CodeIgniter->run()
#12 {main}
ERROR - 2022-06-20 13:47:06 --> Cannot add or update a child row: a foreign key constraint fails (`parodi`.`ventas`, CONSTRAINT `ventas_ibfk_1` FOREIGN KEY (`id_usuarioC`) REFERENCES `usuarios` (`id`))
CRITICAL - 2022-06-20 13:47:06 --> Cannot add or update a child row: a foreign key constraint fails (`parodi`.`ventas`, CONSTRAINT `ventas_ibfk_1` FOREIGN KEY (`id_usuarioC`) REFERENCES `usuarios` (`id`))
#0 C:\xampp\htdocs\Parodi\system\Database\MySQLi\Connection.php(292): mysqli->query('INSERT INTO `ve...', 0)
#1 C:\xampp\htdocs\Parodi\system\Database\BaseConnection.php(670): CodeIgniter\Database\MySQLi\Connection->execute('INSERT INTO `ve...')
#2 C:\xampp\htdocs\Parodi\system\Database\BaseConnection.php(598): CodeIgniter\Database\BaseConnection->simpleQuery('INSERT INTO `ve...')
#3 C:\xampp\htdocs\Parodi\system\Database\BaseBuilder.php(1771): CodeIgniter\Database\BaseConnection->query('INSERT INTO `ve...', Array, false)
#4 C:\xampp\htdocs\Parodi\system\Model.php(239): CodeIgniter\Database\BaseBuilder->insert()
#5 C:\xampp\htdocs\Parodi\system\BaseModel.php(738): CodeIgniter\Model->doInsert(Array)
#6 C:\xampp\htdocs\Parodi\system\Model.php(625): CodeIgniter\BaseModel->insert(Array, true)
#7 C:\xampp\htdocs\Parodi\app\Controllers\Carrito_Controller.php(122): CodeIgniter\Model->insert(Array)
#8 C:\xampp\htdocs\Parodi\system\CodeIgniter.php(832): App\Controllers\Carrito_Controller->comprar()
#9 C:\xampp\htdocs\Parodi\system\CodeIgniter.php(419): CodeIgniter\CodeIgniter->runController(Object(App\Controllers\Carrito_Controller))
#10 C:\xampp\htdocs\Parodi\system\CodeIgniter.php(326): CodeIgniter\CodeIgniter->handleRequest(NULL, Object(Config\Cache), false)
#11 C:\xampp\htdocs\Parodi\index.php(37): CodeIgniter\CodeIgniter->run()
#12 {main}
ERROR - 2022-06-20 13:47:12 --> Cannot add or update a child row: a foreign key constraint fails (`parodi`.`ventas`, CONSTRAINT `ventas_ibfk_1` FOREIGN KEY (`id_usuarioC`) REFERENCES `usuarios` (`id`))
CRITICAL - 2022-06-20 13:47:12 --> Cannot add or update a child row: a foreign key constraint fails (`parodi`.`ventas`, CONSTRAINT `ventas_ibfk_1` FOREIGN KEY (`id_usuarioC`) REFERENCES `usuarios` (`id`))
#0 C:\xampp\htdocs\Parodi\system\Database\MySQLi\Connection.php(292): mysqli->query('INSERT INTO `ve...', 0)
#1 C:\xampp\htdocs\Parodi\system\Database\BaseConnection.php(670): CodeIgniter\Database\MySQLi\Connection->execute('INSERT INTO `ve...')
#2 C:\xampp\htdocs\Parodi\system\Database\BaseConnection.php(598): CodeIgniter\Database\BaseConnection->simpleQuery('INSERT INTO `ve...')
#3 C:\xampp\htdocs\Parodi\system\Database\BaseBuilder.php(1771): CodeIgniter\Database\BaseConnection->query('INSERT INTO `ve...', Array, false)
#4 C:\xampp\htdocs\Parodi\system\Model.php(239): CodeIgniter\Database\BaseBuilder->insert()
#5 C:\xampp\htdocs\Parodi\system\BaseModel.php(738): CodeIgniter\Model->doInsert(Array)
#6 C:\xampp\htdocs\Parodi\system\Model.php(625): CodeIgniter\BaseModel->insert(Array, true)
#7 C:\xampp\htdocs\Parodi\app\Controllers\Carrito_Controller.php(122): CodeIgniter\Model->insert(Array)
#8 C:\xampp\htdocs\Parodi\system\CodeIgniter.php(832): App\Controllers\Carrito_Controller->comprar()
#9 C:\xampp\htdocs\Parodi\system\CodeIgniter.php(419): CodeIgniter\CodeIgniter->runController(Object(App\Controllers\Carrito_Controller))
#10 C:\xampp\htdocs\Parodi\system\CodeIgniter.php(326): CodeIgniter\CodeIgniter->handleRequest(NULL, Object(Config\Cache), false)
#11 C:\xampp\htdocs\Parodi\index.php(37): CodeIgniter\CodeIgniter->run()
#12 {main}
ERROR - 2022-06-20 13:49:20 --> Cannot add or update a child row: a foreign key constraint fails (`parodi`.`ventas`, CONSTRAINT `ventas_ibfk_1` FOREIGN KEY (`id_usuarioC`) REFERENCES `usuarios` (`id`))
CRITICAL - 2022-06-20 13:49:20 --> Cannot add or update a child row: a foreign key constraint fails (`parodi`.`ventas`, CONSTRAINT `ventas_ibfk_1` FOREIGN KEY (`id_usuarioC`) REFERENCES `usuarios` (`id`))
#0 C:\xampp\htdocs\Parodi\system\Database\MySQLi\Connection.php(292): mysqli->query('INSERT INTO `ve...', 0)
#1 C:\xampp\htdocs\Parodi\system\Database\BaseConnection.php(670): CodeIgniter\Database\MySQLi\Connection->execute('INSERT INTO `ve...')
#2 C:\xampp\htdocs\Parodi\system\Database\BaseConnection.php(598): CodeIgniter\Database\BaseConnection->simpleQuery('INSERT INTO `ve...')
#3 C:\xampp\htdocs\Parodi\system\Database\BaseBuilder.php(1771): CodeIgniter\Database\BaseConnection->query('INSERT INTO `ve...', Array, false)
#4 C:\xampp\htdocs\Parodi\system\Model.php(239): CodeIgniter\Database\BaseBuilder->insert()
#5 C:\xampp\htdocs\Parodi\system\BaseModel.php(738): CodeIgniter\Model->doInsert(Array)
#6 C:\xampp\htdocs\Parodi\system\Model.php(625): CodeIgniter\BaseModel->insert(Array, true)
#7 C:\xampp\htdocs\Parodi\app\Controllers\Carrito_Controller.php(122): CodeIgniter\Model->insert(Array)
#8 C:\xampp\htdocs\Parodi\system\CodeIgniter.php(832): App\Controllers\Carrito_Controller->comprar()
#9 C:\xampp\htdocs\Parodi\system\CodeIgniter.php(419): CodeIgniter\CodeIgniter->runController(Object(App\Controllers\Carrito_Controller))
#10 C:\xampp\htdocs\Parodi\system\CodeIgniter.php(326): CodeIgniter\CodeIgniter->handleRequest(NULL, Object(Config\Cache), false)
#11 C:\xampp\htdocs\Parodi\index.php(37): CodeIgniter\CodeIgniter->run()
#12 {main}
ERROR - 2022-06-20 13:53:20 --> Cannot add or update a child row: a foreign key constraint fails (`parodi`.`ventas`, CONSTRAINT `ventas_ibfk_1` FOREIGN KEY (`id_usuarioC`) REFERENCES `usuarios` (`id`))
CRITICAL - 2022-06-20 13:53:20 --> Cannot add or update a child row: a foreign key constraint fails (`parodi`.`ventas`, CONSTRAINT `ventas_ibfk_1` FOREIGN KEY (`id_usuarioC`) REFERENCES `usuarios` (`id`))
#0 C:\xampp\htdocs\Parodi\system\Database\MySQLi\Connection.php(292): mysqli->query('INSERT INTO `ve...', 0)
#1 C:\xampp\htdocs\Parodi\system\Database\BaseConnection.php(670): CodeIgniter\Database\MySQLi\Connection->execute('INSERT INTO `ve...')
#2 C:\xampp\htdocs\Parodi\system\Database\BaseConnection.php(598): CodeIgniter\Database\BaseConnection->simpleQuery('INSERT INTO `ve...')
#3 C:\xampp\htdocs\Parodi\system\Database\BaseBuilder.php(1771): CodeIgniter\Database\BaseConnection->query('INSERT INTO `ve...', Array, false)
#4 C:\xampp\htdocs\Parodi\system\Model.php(239): CodeIgniter\Database\BaseBuilder->insert()
#5 C:\xampp\htdocs\Parodi\system\BaseModel.php(738): CodeIgniter\Model->doInsert(Array)
#6 C:\xampp\htdocs\Parodi\system\Model.php(625): CodeIgniter\BaseModel->insert(Array, true)
#7 C:\xampp\htdocs\Parodi\app\Controllers\Carrito_Controller.php(122): CodeIgniter\Model->insert(Array)
#8 C:\xampp\htdocs\Parodi\system\CodeIgniter.php(832): App\Controllers\Carrito_Controller->comprar()
#9 C:\xampp\htdocs\Parodi\system\CodeIgniter.php(419): CodeIgniter\CodeIgniter->runController(Object(App\Controllers\Carrito_Controller))
#10 C:\xampp\htdocs\Parodi\system\CodeIgniter.php(326): CodeIgniter\CodeIgniter->handleRequest(NULL, Object(Config\Cache), false)
#11 C:\xampp\htdocs\Parodi\index.php(37): CodeIgniter\CodeIgniter->run()
#12 {main}
ERROR - 2022-06-20 14:02:06 --> Unknown column 'ventas.id_usuarioC' in 'on clause'
CRITICAL - 2022-06-20 14:02:06 --> Unknown column 'ventas.id_usuarioC' in 'on clause'
#0 C:\xampp\htdocs\Parodi\system\Database\MySQLi\Connection.php(292): mysqli->query('SELECT *\nFROM `...', 0)
#1 C:\xampp\htdocs\Parodi\system\Database\BaseConnection.php(670): CodeIgniter\Database\MySQLi\Connection->execute('SELECT *\nFROM `...')
#2 C:\xampp\htdocs\Parodi\system\Database\BaseConnection.php(598): CodeIgniter\Database\BaseConnection->simpleQuery('SELECT *\nFROM `...')
#3 C:\xampp\htdocs\Parodi\system\Database\BaseBuilder.php(1455): CodeIgniter\Database\BaseConnection->query('SELECT *\nFROM `...', Array, false)
#4 C:\xampp\htdocs\Parodi\system\Model.php(183): CodeIgniter\Database\BaseBuilder->get()
#5 C:\xampp\htdocs\Parodi\system\BaseModel.php(584): CodeIgniter\Model->doFindAll(0, 0)
#6 C:\xampp\htdocs\Parodi\app\Controllers\Carrito_Controller.php(146): CodeIgniter\BaseModel->findAll()
#7 C:\xampp\htdocs\Parodi\system\CodeIgniter.php(832): App\Controllers\Carrito_Controller->misVentas()
#8 C:\xampp\htdocs\Parodi\system\CodeIgniter.php(419): CodeIgniter\CodeIgniter->runController(Object(App\Controllers\Carrito_Controller))
#9 C:\xampp\htdocs\Parodi\system\CodeIgniter.php(326): CodeIgniter\CodeIgniter->handleRequest(NULL, Object(Config\Cache), false)
#10 C:\xampp\htdocs\Parodi\index.php(37): CodeIgniter\CodeIgniter->run()
#11 {main}
ERROR - 2022-06-20 14:02:58 --> Unknown column 'ventas.id_usuarioC' in 'on clause'
CRITICAL - 2022-06-20 14:02:58 --> Unknown column 'ventas.id_usuarioC' in 'on clause'
#0 C:\xampp\htdocs\Parodi\system\Database\MySQLi\Connection.php(292): mysqli->query('SELECT *\nFROM `...', 0)
#1 C:\xampp\htdocs\Parodi\system\Database\BaseConnection.php(670): CodeIgniter\Database\MySQLi\Connection->execute('SELECT *\nFROM `...')
#2 C:\xampp\htdocs\Parodi\system\Database\BaseConnection.php(598): CodeIgniter\Database\BaseConnection->simpleQuery('SELECT *\nFROM `...')
#3 C:\xampp\htdocs\Parodi\system\Database\BaseBuilder.php(1455): CodeIgniter\Database\BaseConnection->query('SELECT *\nFROM `...', Array, false)
#4 C:\xampp\htdocs\Parodi\system\Model.php(183): CodeIgniter\Database\BaseBuilder->get()
#5 C:\xampp\htdocs\Parodi\system\BaseModel.php(584): CodeIgniter\Model->doFindAll(0, 0)
#6 C:\xampp\htdocs\Parodi\app\Controllers\Carrito_Controller.php(141): CodeIgniter\BaseModel->findAll()
#7 C:\xampp\htdocs\Parodi\system\CodeIgniter.php(832): App\Controllers\Carrito_Controller->misVentas()
#8 C:\xampp\htdocs\Parodi\system\CodeIgniter.php(419): CodeIgniter\CodeIgniter->runController(Object(App\Controllers\Carrito_Controller))
#9 C:\xampp\htdocs\Parodi\system\CodeIgniter.php(326): CodeIgniter\CodeIgniter->handleRequest(NULL, Object(Config\Cache), false)
#10 C:\xampp\htdocs\Parodi\index.php(37): CodeIgniter\CodeIgniter->run()
#11 {main}
ERROR - 2022-06-20 14:03:23 --> Unknown column 'ventas.id_usuarioC' in 'on clause'
CRITICAL - 2022-06-20 14:03:23 --> Unknown column 'ventas.id_usuarioC' in 'on clause'
#0 C:\xampp\htdocs\Parodi\system\Database\MySQLi\Connection.php(292): mysqli->query('SELECT *\nFROM `...', 0)
#1 C:\xampp\htdocs\Parodi\system\Database\BaseConnection.php(670): CodeIgniter\Database\MySQLi\Connection->execute('SELECT *\nFROM `...')
#2 C:\xampp\htdocs\Parodi\system\Database\BaseConnection.php(598): CodeIgniter\Database\BaseConnection->simpleQuery('SELECT *\nFROM `...')
#3 C:\xampp\htdocs\Parodi\system\Database\BaseBuilder.php(1455): CodeIgniter\Database\BaseConnection->query('SELECT *\nFROM `...', Array, false)
#4 C:\xampp\htdocs\Parodi\system\Model.php(183): CodeIgniter\Database\BaseBuilder->get()
#5 C:\xampp\htdocs\Parodi\system\BaseModel.php(584): CodeIgniter\Model->doFindAll(0, 0)
#6 C:\xampp\htdocs\Parodi\app\Controllers\Carrito_Controller.php(141): CodeIgniter\BaseModel->findAll()
#7 C:\xampp\htdocs\Parodi\system\CodeIgniter.php(832): App\Controllers\Carrito_Controller->misVentas()
#8 C:\xampp\htdocs\Parodi\system\CodeIgniter.php(419): CodeIgniter\CodeIgniter->runController(Object(App\Controllers\Carrito_Controller))
#9 C:\xampp\htdocs\Parodi\system\CodeIgniter.php(326): CodeIgniter\CodeIgniter->handleRequest(NULL, Object(Config\Cache), false)
#10 C:\xampp\htdocs\Parodi\index.php(37): CodeIgniter\CodeIgniter->run()
#11 {main}
CRITICAL - 2022-06-20 14:06:58 --> syntax error, unexpected variable "$i", expecting ";"
#0 C:\xampp\htdocs\Parodi\system\View\View.php(213): CodeIgniter\View\View->CodeIgniter\View\{closure}()
#1 C:\xampp\htdocs\Parodi\system\Common.php(1089): CodeIgniter\View\View->render('back/carrito/mi...', Array, true)
#2 C:\xampp\htdocs\Parodi\app\Controllers\Carrito_Controller.php(154): view('back/carrito/mi...', Array)
#3 C:\xampp\htdocs\Parodi\system\CodeIgniter.php(832): App\Controllers\Carrito_Controller->misVentas()
#4 C:\xampp\htdocs\Parodi\system\CodeIgniter.php(419): CodeIgniter\CodeIgniter->runController(Object(App\Controllers\Carrito_Controller))
#5 C:\xampp\htdocs\Parodi\system\CodeIgniter.php(326): CodeIgniter\CodeIgniter->handleRequest(NULL, Object(Config\Cache), false)
#6 C:\xampp\htdocs\Parodi\index.php(37): CodeIgniter\CodeIgniter->run()
#7 {main}
CRITICAL - 2022-06-20 14:21:15 --> Unclosed '(' does not match ']'
#0 C:\xampp\htdocs\Parodi\system\View\View.php(213): CodeIgniter\View\View->CodeIgniter\View\{closure}()
#1 C:\xampp\htdocs\Parodi\system\Common.php(1089): CodeIgniter\View\View->render('back/carrito/mi...', Array, true)
#2 C:\xampp\htdocs\Parodi\app\Controllers\Carrito_Controller.php(154): view('back/carrito/mi...', Array)
#3 C:\xampp\htdocs\Parodi\system\CodeIgniter.php(832): App\Controllers\Carrito_Controller->misVentas()
#4 C:\xampp\htdocs\Parodi\system\CodeIgniter.php(419): CodeIgniter\CodeIgniter->runController(Object(App\Controllers\Carrito_Controller))
#5 C:\xampp\htdocs\Parodi\system\CodeIgniter.php(326): CodeIgniter\CodeIgniter->handleRequest(NULL, Object(Config\Cache), false)
#6 C:\xampp\htdocs\Parodi\index.php(37): CodeIgniter\CodeIgniter->run()
#7 {main}
CRITICAL - 2022-06-20 14:29:25 --> Cannot access offset of type string on string
#0 C:\xampp\htdocs\Parodi\system\View\View.php(210): include()
#1 C:\xampp\htdocs\Parodi\system\View\View.php(213): CodeIgniter\View\View->CodeIgniter\View\{closure}()
#2 C:\xampp\htdocs\Parodi\system\Common.php(1089): CodeIgniter\View\View->render('back/carrito/mi...', Array, true)
#3 C:\xampp\htdocs\Parodi\app\Controllers\Carrito_Controller.php(154): view('back/carrito/mi...', Array)
#4 C:\xampp\htdocs\Parodi\system\CodeIgniter.php(832): App\Controllers\Carrito_Controller->misVentas()
#5 C:\xampp\htdocs\Parodi\system\CodeIgniter.php(419): CodeIgniter\CodeIgniter->runController(Object(App\Controllers\Carrito_Controller))
#6 C:\xampp\htdocs\Parodi\system\CodeIgniter.php(326): CodeIgniter\CodeIgniter->handleRequest(NULL, Object(Config\Cache), false)
#7 C:\xampp\htdocs\Parodi\index.php(37): CodeIgniter\CodeIgniter->run()
#8 {main}
CRITICAL - 2022-06-20 14:34:44 --> Undefined variable $v
#0 C:\xampp\htdocs\Parodi\app\Views\back\carrito\misVentas.php(23): CodeIgniter\Debug\Exceptions->errorHandler(2, 'Undefined varia...', 'C:\\xampp\\htdocs...', 23)
#1 C:\xampp\htdocs\Parodi\system\View\View.php(210): include('C:\\xampp\\htdocs...')
#2 C:\xampp\htdocs\Parodi\system\View\View.php(213): CodeIgniter\View\View->CodeIgniter\View\{closure}()
#3 C:\xampp\htdocs\Parodi\system\Common.php(1089): CodeIgniter\View\View->render('back/carrito/mi...', Array, true)
#4 C:\xampp\htdocs\Parodi\app\Controllers\Carrito_Controller.php(154): view('back/carrito/mi...', Array)
#5 C:\xampp\htdocs\Parodi\system\CodeIgniter.php(832): App\Controllers\Carrito_Controller->misVentas()
#6 C:\xampp\htdocs\Parodi\system\CodeIgniter.php(419): CodeIgniter\CodeIgniter->runController(Object(App\Controllers\Carrito_Controller))
#7 C:\xampp\htdocs\Parodi\system\CodeIgniter.php(326): CodeIgniter\CodeIgniter->handleRequest(NULL, Object(Config\Cache), false)
#8 C:\xampp\htdocs\Parodi\index.php(37): CodeIgniter\CodeIgniter->run()
#9 {main}
CRITICAL - 2022-06-20 14:47:04 --> Unmatched '}'
#0 C:\xampp\htdocs\Parodi\system\View\View.php(213): CodeIgniter\View\View->CodeIgniter\View\{closure}()
#1 C:\xampp\htdocs\Parodi\system\Common.php(1089): CodeIgniter\View\View->render('back/panel', Array, true)
#2 C:\xampp\htdocs\Parodi\app\Controllers\Usuario_controller.php(19): view('back/panel', Array)
#3 C:\xampp\htdocs\Parodi\system\CodeIgniter.php(832): App\Controllers\Usuario_controller->panel()
#4 C:\xampp\htdocs\Parodi\system\CodeIgniter.php(419): CodeIgniter\CodeIgniter->runController(Object(App\Controllers\Usuario_controller))
#5 C:\xampp\htdocs\Parodi\system\CodeIgniter.php(326): CodeIgniter\CodeIgniter->handleRequest(NULL, Object(Config\Cache), false)
#6 C:\xampp\htdocs\Parodi\index.php(37): CodeIgniter\CodeIgniter->run()
#7 {main}
CRITICAL - 2022-06-20 16:38:51 --> unlink(C:\xampp\htdocs\Parodi\writable\debugbar/debugbar_1655761072.json): No such file or directory
#0 [internal function]: CodeIgniter\Debug\Exceptions->errorHandler(2, 'unlink(C:\\xampp...', 'C:\\xampp\\htdocs...', 74)
#1 C:\xampp\htdocs\Parodi\system\Debug\Toolbar\Collectors\History.php(74): unlink('C:\\xampp\\htdocs...')
#2 C:\xampp\htdocs\Parodi\system\Debug\Toolbar.php(487): CodeIgniter\Debug\Toolbar\Collectors\History->setFiles(1655761130, 20)
#3 C:\xampp\htdocs\Parodi\system\Debug\Toolbar.php(464): CodeIgniter\Debug\Toolbar->format(Array, 'html')
#4 C:\xampp\htdocs\Parodi\app\Config\Events.php(48): CodeIgniter\Debug\Toolbar->respond()
#5 C:\xampp\htdocs\Parodi\system\Events\Events.php(149): CodeIgniter\Events\Events::Config\{closure}()
#6 C:\xampp\htdocs\Parodi\system\CodeIgniter.php(308): CodeIgniter\Events\Events::trigger('pre_system')
#7 C:\xampp\htdocs\Parodi\index.php(37): CodeIgniter\CodeIgniter->run()
#8 {main}
CRITICAL - 2022-06-20 17:06:48 --> Undefined array key "fecha"
#0 C:\xampp\htdocs\Parodi\app\Views\back\consultas\panelContestados.php(35): CodeIgniter\Debug\Exceptions->errorHandler(2, 'Undefined array...', 'C:\\xampp\\htdocs...', 35)
#1 C:\xampp\htdocs\Parodi\system\View\View.php(210): include('C:\\xampp\\htdocs...')
#2 C:\xampp\htdocs\Parodi\system\View\View.php(213): CodeIgniter\View\View->CodeIgniter\View\{closure}()
#3 C:\xampp\htdocs\Parodi\system\Common.php(1089): CodeIgniter\View\View->render('back/consultas/...', Array, true)
#4 C:\xampp\htdocs\Parodi\app\Controllers\Consulta_Controller.php(68): view('back/consultas/...', Array)
#5 C:\xampp\htdocs\Parodi\system\CodeIgniter.php(832): App\Controllers\Consulta_Controller->contestados()
#6 C:\xampp\htdocs\Parodi\system\CodeIgniter.php(419): CodeIgniter\CodeIgniter->runController(Object(App\Controllers\Consulta_Controller))
#7 C:\xampp\htdocs\Parodi\system\CodeIgniter.php(326): CodeIgniter\CodeIgniter->handleRequest(NULL, Object(Config\Cache), false)
#8 C:\xampp\htdocs\Parodi\index.php(37): CodeIgniter\CodeIgniter->run()
#9 {main}
CRITICAL - 2022-06-20 17:08:37 --> Undefined array key "respuesta"
#0 C:\xampp\htdocs\Parodi\app\Views\back\consultas\verConsultas.php(64): CodeIgniter\Debug\Exceptions->errorHandler(2, 'Undefined array...', 'C:\\xampp\\htdocs...', 64)
#1 C:\xampp\htdocs\Parodi\system\View\View.php(210): include('C:\\xampp\\htdocs...')
#2 C:\xampp\htdocs\Parodi\system\View\View.php(213): CodeIgniter\View\View->CodeIgniter\View\{closure}()
#3 C:\xampp\htdocs\Parodi\system\Common.php(1089): CodeIgniter\View\View->render('back/consultas/...', Array, true)
#4 C:\xampp\htdocs\Parodi\app\Controllers\Consulta_Controller.php(96): view('back/consultas/...', Array)
#5 C:\xampp\htdocs\Parodi\system\CodeIgniter.php(832): App\Controllers\Consulta_Controller->editar('4')
#6 C:\xampp\htdocs\Parodi\system\CodeIgniter.php(419): CodeIgniter\CodeIgniter->runController(Object(App\Controllers\Consulta_Controller))
#7 C:\xampp\htdocs\Parodi\system\CodeIgniter.php(326): CodeIgniter\CodeIgniter->handleRequest(NULL, Object(Config\Cache), false)
#8 C:\xampp\htdocs\Parodi\index.php(37): CodeIgniter\CodeIgniter->run()
#9 {main}
