CRITICAL - 2022-06-09 20:17:17 --> syntax error, unexpected token "if"
#0 C:\xampp\htdocs\Parodi\system\CodeIgniter.php(368): CodeIgniter\CodeIgniter->tryToRouteIt(NULL)
#1 C:\xampp\htdocs\Parodi\system\CodeIgniter.php(326): CodeIgniter\CodeIgniter->handleRequest(NULL, Object(Config\Cache), false)
#2 C:\xampp\htdocs\Parodi\index.php(37): CodeIgniter\CodeIgniter->run()
#3 {main}
CRITICAL - 2022-06-09 20:18:57 --> Undefined variable $cart
#0 C:\xampp\htdocs\Parodi\app\Views\carrito.php(30): CodeIgniter\Debug\Exceptions->errorHandler(2, 'Undefined varia...', 'C:\\xampp\\htdocs...', 30)
#1 C:\xampp\htdocs\Parodi\system\View\View.php(210): include('C:\\xampp\\htdocs...')
#2 C:\xampp\htdocs\Parodi\system\View\View.php(213): CodeIgniter\View\View->CodeIgniter\View\{closure}()
#3 C:\xampp\htdocs\Parodi\system\Common.php(1089): CodeIgniter\View\View->render('carrito', Array, true)
#4 C:\xampp\htdocs\Parodi\app\Controllers\Carrito_Controller.php(30): view('carrito')
#5 C:\xampp\htdocs\Parodi\system\CodeIgniter.php(832): App\Controllers\Carrito_Controller->verCarrito()
#6 C:\xampp\htdocs\Parodi\system\CodeIgniter.php(419): CodeIgniter\CodeIgniter->runController(Object(App\Controllers\Carrito_Controller))
#7 C:\xampp\htdocs\Parodi\system\CodeIgniter.php(326): CodeIgniter\CodeIgniter->handleRequest(NULL, Object(Config\Cache), false)
#8 C:\xampp\htdocs\Parodi\index.php(37): CodeIgniter\CodeIgniter->run()
#9 {main}
CRITICAL - 2022-06-09 20:19:31 --> Call to a member function contents() on null
#0 C:\xampp\htdocs\Parodi\system\View\View.php(210): include()
#1 C:\xampp\htdocs\Parodi\system\View\View.php(213): CodeIgniter\View\View->CodeIgniter\View\{closure}()
#2 C:\xampp\htdocs\Parodi\system\Common.php(1089): CodeIgniter\View\View->render('carrito', Array, true)
#3 C:\xampp\htdocs\Parodi\app\Controllers\Carrito_Controller.php(30): view('carrito', Array)
#4 C:\xampp\htdocs\Parodi\system\CodeIgniter.php(832): App\Controllers\Carrito_Controller->verCarrito()
#5 C:\xampp\htdocs\Parodi\system\CodeIgniter.php(419): CodeIgniter\CodeIgniter->runController(Object(App\Controllers\Carrito_Controller))
#6 C:\xampp\htdocs\Parodi\system\CodeIgniter.php(326): CodeIgniter\CodeIgniter->handleRequest(NULL, Object(Config\Cache), false)
#7 C:\xampp\htdocs\Parodi\index.php(37): CodeIgniter\CodeIgniter->run()
#8 {main}
CRITICAL - 2022-06-09 20:19:32 --> Call to a member function contents() on null
#0 C:\xampp\htdocs\Parodi\system\View\View.php(210): include()
#1 C:\xampp\htdocs\Parodi\system\View\View.php(213): CodeIgniter\View\View->CodeIgniter\View\{closure}()
#2 C:\xampp\htdocs\Parodi\system\Common.php(1089): CodeIgniter\View\View->render('carrito', Array, true)
#3 C:\xampp\htdocs\Parodi\app\Controllers\Carrito_Controller.php(30): view('carrito', Array)
#4 C:\xampp\htdocs\Parodi\system\CodeIgniter.php(832): App\Controllers\Carrito_Controller->verCarrito()
#5 C:\xampp\htdocs\Parodi\system\CodeIgniter.php(419): CodeIgniter\CodeIgniter->runController(Object(App\Controllers\Carrito_Controller))
#6 C:\xampp\htdocs\Parodi\system\CodeIgniter.php(326): CodeIgniter\CodeIgniter->handleRequest(NULL, Object(Config\Cache), false)
#7 C:\xampp\htdocs\Parodi\index.php(37): CodeIgniter\CodeIgniter->run()
#8 {main}
CRITICAL - 2022-06-09 20:21:30 --> Call to a member function contents() on null
#0 C:\xampp\htdocs\Parodi\system\View\View.php(210): include()
#1 C:\xampp\htdocs\Parodi\system\View\View.php(213): CodeIgniter\View\View->CodeIgniter\View\{closure}()
#2 C:\xampp\htdocs\Parodi\system\Common.php(1089): CodeIgniter\View\View->render('carrito', Array, true)
#3 C:\xampp\htdocs\Parodi\app\Controllers\Carrito_Controller.php(30): view('carrito', Array)
#4 C:\xampp\htdocs\Parodi\system\CodeIgniter.php(832): App\Controllers\Carrito_Controller->verCarrito()
#5 C:\xampp\htdocs\Parodi\system\CodeIgniter.php(419): CodeIgniter\CodeIgniter->runController(Object(App\Controllers\Carrito_Controller))
#6 C:\xampp\htdocs\Parodi\system\CodeIgniter.php(326): CodeIgniter\CodeIgniter->handleRequest(NULL, Object(Config\Cache), false)
#7 C:\xampp\htdocs\Parodi\index.php(37): CodeIgniter\CodeIgniter->run()
#8 {main}
CRITICAL - 2022-06-09 20:21:31 --> Call to a member function contents() on null
#0 C:\xampp\htdocs\Parodi\system\View\View.php(210): include()
#1 C:\xampp\htdocs\Parodi\system\View\View.php(213): CodeIgniter\View\View->CodeIgniter\View\{closure}()
#2 C:\xampp\htdocs\Parodi\system\Common.php(1089): CodeIgniter\View\View->render('carrito', Array, true)
#3 C:\xampp\htdocs\Parodi\app\Controllers\Carrito_Controller.php(30): view('carrito', Array)
#4 C:\xampp\htdocs\Parodi\system\CodeIgniter.php(832): App\Controllers\Carrito_Controller->verCarrito()
#5 C:\xampp\htdocs\Parodi\system\CodeIgniter.php(419): CodeIgniter\CodeIgniter->runController(Object(App\Controllers\Carrito_Controller))
#6 C:\xampp\htdocs\Parodi\system\CodeIgniter.php(326): CodeIgniter\CodeIgniter->handleRequest(NULL, Object(Config\Cache), false)
#7 C:\xampp\htdocs\Parodi\index.php(37): CodeIgniter\CodeIgniter->run()
#8 {main}
CRITICAL - 2022-06-09 20:22:19 --> Call to a member function contents() on null
#0 C:\xampp\htdocs\Parodi\system\View\View.php(210): include()
#1 C:\xampp\htdocs\Parodi\system\View\View.php(213): CodeIgniter\View\View->CodeIgniter\View\{closure}()
#2 C:\xampp\htdocs\Parodi\system\Common.php(1089): CodeIgniter\View\View->render('carrito', Array, true)
#3 C:\xampp\htdocs\Parodi\app\Controllers\Carrito_Controller.php(30): view('carrito', Array)
#4 C:\xampp\htdocs\Parodi\system\CodeIgniter.php(832): App\Controllers\Carrito_Controller->verCarrito()
#5 C:\xampp\htdocs\Parodi\system\CodeIgniter.php(419): CodeIgniter\CodeIgniter->runController(Object(App\Controllers\Carrito_Controller))
#6 C:\xampp\htdocs\Parodi\system\CodeIgniter.php(326): CodeIgniter\CodeIgniter->handleRequest(NULL, Object(Config\Cache), false)
#7 C:\xampp\htdocs\Parodi\index.php(37): CodeIgniter\CodeIgniter->run()
#8 {main}
CRITICAL - 2022-06-09 20:22:20 --> Call to a member function contents() on null
#0 C:\xampp\htdocs\Parodi\system\View\View.php(210): include()
#1 C:\xampp\htdocs\Parodi\system\View\View.php(213): CodeIgniter\View\View->CodeIgniter\View\{closure}()
#2 C:\xampp\htdocs\Parodi\system\Common.php(1089): CodeIgniter\View\View->render('carrito', Array, true)
#3 C:\xampp\htdocs\Parodi\app\Controllers\Carrito_Controller.php(30): view('carrito', Array)
#4 C:\xampp\htdocs\Parodi\system\CodeIgniter.php(832): App\Controllers\Carrito_Controller->verCarrito()
#5 C:\xampp\htdocs\Parodi\system\CodeIgniter.php(419): CodeIgniter\CodeIgniter->runController(Object(App\Controllers\Carrito_Controller))
#6 C:\xampp\htdocs\Parodi\system\CodeIgniter.php(326): CodeIgniter\CodeIgniter->handleRequest(NULL, Object(Config\Cache), false)
#7 C:\xampp\htdocs\Parodi\index.php(37): CodeIgniter\CodeIgniter->run()
#8 {main}
CRITICAL - 2022-06-09 20:22:20 --> Call to a member function contents() on null
#0 C:\xampp\htdocs\Parodi\system\View\View.php(210): include()
#1 C:\xampp\htdocs\Parodi\system\View\View.php(213): CodeIgniter\View\View->CodeIgniter\View\{closure}()
#2 C:\xampp\htdocs\Parodi\system\Common.php(1089): CodeIgniter\View\View->render('carrito', Array, true)
#3 C:\xampp\htdocs\Parodi\app\Controllers\Carrito_Controller.php(30): view('carrito', Array)
#4 C:\xampp\htdocs\Parodi\system\CodeIgniter.php(832): App\Controllers\Carrito_Controller->verCarrito()
#5 C:\xampp\htdocs\Parodi\system\CodeIgniter.php(419): CodeIgniter\CodeIgniter->runController(Object(App\Controllers\Carrito_Controller))
#6 C:\xampp\htdocs\Parodi\system\CodeIgniter.php(326): CodeIgniter\CodeIgniter->handleRequest(NULL, Object(Config\Cache), false)
#7 C:\xampp\htdocs\Parodi\index.php(37): CodeIgniter\CodeIgniter->run()
#8 {main}
CRITICAL - 2022-06-09 20:22:20 --> Call to a member function contents() on null
#0 C:\xampp\htdocs\Parodi\system\View\View.php(210): include()
#1 C:\xampp\htdocs\Parodi\system\View\View.php(213): CodeIgniter\View\View->CodeIgniter\View\{closure}()
#2 C:\xampp\htdocs\Parodi\system\Common.php(1089): CodeIgniter\View\View->render('carrito', Array, true)
#3 C:\xampp\htdocs\Parodi\app\Controllers\Carrito_Controller.php(30): view('carrito', Array)
#4 C:\xampp\htdocs\Parodi\system\CodeIgniter.php(832): App\Controllers\Carrito_Controller->verCarrito()
#5 C:\xampp\htdocs\Parodi\system\CodeIgniter.php(419): CodeIgniter\CodeIgniter->runController(Object(App\Controllers\Carrito_Controller))
#6 C:\xampp\htdocs\Parodi\system\CodeIgniter.php(326): CodeIgniter\CodeIgniter->handleRequest(NULL, Object(Config\Cache), false)
#7 C:\xampp\htdocs\Parodi\index.php(37): CodeIgniter\CodeIgniter->run()
#8 {main}
CRITICAL - 2022-06-09 20:22:21 --> Call to a member function contents() on null
#0 C:\xampp\htdocs\Parodi\system\View\View.php(210): include()
#1 C:\xampp\htdocs\Parodi\system\View\View.php(213): CodeIgniter\View\View->CodeIgniter\View\{closure}()
#2 C:\xampp\htdocs\Parodi\system\Common.php(1089): CodeIgniter\View\View->render('carrito', Array, true)
#3 C:\xampp\htdocs\Parodi\app\Controllers\Carrito_Controller.php(30): view('carrito', Array)
#4 C:\xampp\htdocs\Parodi\system\CodeIgniter.php(832): App\Controllers\Carrito_Controller->verCarrito()
#5 C:\xampp\htdocs\Parodi\system\CodeIgniter.php(419): CodeIgniter\CodeIgniter->runController(Object(App\Controllers\Carrito_Controller))
#6 C:\xampp\htdocs\Parodi\system\CodeIgniter.php(326): CodeIgniter\CodeIgniter->handleRequest(NULL, Object(Config\Cache), false)
#7 C:\xampp\htdocs\Parodi\index.php(37): CodeIgniter\CodeIgniter->run()
#8 {main}
CRITICAL - 2022-06-09 20:22:21 --> Call to a member function contents() on null
#0 C:\xampp\htdocs\Parodi\system\View\View.php(210): include()
#1 C:\xampp\htdocs\Parodi\system\View\View.php(213): CodeIgniter\View\View->CodeIgniter\View\{closure}()
#2 C:\xampp\htdocs\Parodi\system\Common.php(1089): CodeIgniter\View\View->render('carrito', Array, true)
#3 C:\xampp\htdocs\Parodi\app\Controllers\Carrito_Controller.php(30): view('carrito', Array)
#4 C:\xampp\htdocs\Parodi\system\CodeIgniter.php(832): App\Controllers\Carrito_Controller->verCarrito()
#5 C:\xampp\htdocs\Parodi\system\CodeIgniter.php(419): CodeIgniter\CodeIgniter->runController(Object(App\Controllers\Carrito_Controller))
#6 C:\xampp\htdocs\Parodi\system\CodeIgniter.php(326): CodeIgniter\CodeIgniter->handleRequest(NULL, Object(Config\Cache), false)
#7 C:\xampp\htdocs\Parodi\index.php(37): CodeIgniter\CodeIgniter->run()
#8 {main}
CRITICAL - 2022-06-09 20:22:22 --> Call to a member function contents() on null
#0 C:\xampp\htdocs\Parodi\system\View\View.php(210): include()
#1 C:\xampp\htdocs\Parodi\system\View\View.php(213): CodeIgniter\View\View->CodeIgniter\View\{closure}()
#2 C:\xampp\htdocs\Parodi\system\Common.php(1089): CodeIgniter\View\View->render('carrito', Array, true)
#3 C:\xampp\htdocs\Parodi\app\Controllers\Carrito_Controller.php(30): view('carrito', Array)
#4 C:\xampp\htdocs\Parodi\system\CodeIgniter.php(832): App\Controllers\Carrito_Controller->verCarrito()
#5 C:\xampp\htdocs\Parodi\system\CodeIgniter.php(419): CodeIgniter\CodeIgniter->runController(Object(App\Controllers\Carrito_Controller))
#6 C:\xampp\htdocs\Parodi\system\CodeIgniter.php(326): CodeIgniter\CodeIgniter->handleRequest(NULL, Object(Config\Cache), false)
#7 C:\xampp\htdocs\Parodi\index.php(37): CodeIgniter\CodeIgniter->run()
#8 {main}
CRITICAL - 2022-06-09 20:22:22 --> Call to a member function contents() on null
#0 C:\xampp\htdocs\Parodi\system\View\View.php(210): include()
#1 C:\xampp\htdocs\Parodi\system\View\View.php(213): CodeIgniter\View\View->CodeIgniter\View\{closure}()
#2 C:\xampp\htdocs\Parodi\system\Common.php(1089): CodeIgniter\View\View->render('carrito', Array, true)
#3 C:\xampp\htdocs\Parodi\app\Controllers\Carrito_Controller.php(30): view('carrito', Array)
#4 C:\xampp\htdocs\Parodi\system\CodeIgniter.php(832): App\Controllers\Carrito_Controller->verCarrito()
#5 C:\xampp\htdocs\Parodi\system\CodeIgniter.php(419): CodeIgniter\CodeIgniter->runController(Object(App\Controllers\Carrito_Controller))
#6 C:\xampp\htdocs\Parodi\system\CodeIgniter.php(326): CodeIgniter\CodeIgniter->handleRequest(NULL, Object(Config\Cache), false)
#7 C:\xampp\htdocs\Parodi\index.php(37): CodeIgniter\CodeIgniter->run()
#8 {main}
CRITICAL - 2022-06-09 20:23:59 --> Call to a member function contents() on null
#0 C:\xampp\htdocs\Parodi\system\View\View.php(210): include()
#1 C:\xampp\htdocs\Parodi\system\View\View.php(213): CodeIgniter\View\View->CodeIgniter\View\{closure}()
#2 C:\xampp\htdocs\Parodi\system\Common.php(1089): CodeIgniter\View\View->render('carrito', Array, true)
#3 C:\xampp\htdocs\Parodi\app\Controllers\Carrito_Controller.php(30): view('carrito', Array)
#4 C:\xampp\htdocs\Parodi\system\CodeIgniter.php(832): App\Controllers\Carrito_Controller->verCarrito()
#5 C:\xampp\htdocs\Parodi\system\CodeIgniter.php(419): CodeIgniter\CodeIgniter->runController(Object(App\Controllers\Carrito_Controller))
#6 C:\xampp\htdocs\Parodi\system\CodeIgniter.php(326): CodeIgniter\CodeIgniter->handleRequest(NULL, Object(Config\Cache), false)
#7 C:\xampp\htdocs\Parodi\index.php(37): CodeIgniter\CodeIgniter->run()
#8 {main}
CRITICAL - 2022-06-09 20:24:30 --> Call to a member function contents() on null
#0 C:\xampp\htdocs\Parodi\system\View\View.php(210): include()
#1 C:\xampp\htdocs\Parodi\system\View\View.php(213): CodeIgniter\View\View->CodeIgniter\View\{closure}()
#2 C:\xampp\htdocs\Parodi\system\Common.php(1089): CodeIgniter\View\View->render('carrito', Array, true)
#3 C:\xampp\htdocs\Parodi\app\Controllers\Carrito_Controller.php(30): view('carrito', Array)
#4 C:\xampp\htdocs\Parodi\system\CodeIgniter.php(832): App\Controllers\Carrito_Controller->verCarrito()
#5 C:\xampp\htdocs\Parodi\system\CodeIgniter.php(419): CodeIgniter\CodeIgniter->runController(Object(App\Controllers\Carrito_Controller))
#6 C:\xampp\htdocs\Parodi\system\CodeIgniter.php(326): CodeIgniter\CodeIgniter->handleRequest(NULL, Object(Config\Cache), false)
#7 C:\xampp\htdocs\Parodi\index.php(37): CodeIgniter\CodeIgniter->run()
#8 {main}
CRITICAL - 2022-06-09 20:24:31 --> Call to a member function contents() on null
#0 C:\xampp\htdocs\Parodi\system\View\View.php(210): include()
#1 C:\xampp\htdocs\Parodi\system\View\View.php(213): CodeIgniter\View\View->CodeIgniter\View\{closure}()
#2 C:\xampp\htdocs\Parodi\system\Common.php(1089): CodeIgniter\View\View->render('carrito', Array, true)
#3 C:\xampp\htdocs\Parodi\app\Controllers\Carrito_Controller.php(30): view('carrito', Array)
#4 C:\xampp\htdocs\Parodi\system\CodeIgniter.php(832): App\Controllers\Carrito_Controller->verCarrito()
#5 C:\xampp\htdocs\Parodi\system\CodeIgniter.php(419): CodeIgniter\CodeIgniter->runController(Object(App\Controllers\Carrito_Controller))
#6 C:\xampp\htdocs\Parodi\system\CodeIgniter.php(326): CodeIgniter\CodeIgniter->handleRequest(NULL, Object(Config\Cache), false)
#7 C:\xampp\htdocs\Parodi\index.php(37): CodeIgniter\CodeIgniter->run()
#8 {main}
CRITICAL - 2022-06-09 20:24:31 --> Call to a member function contents() on null
#0 C:\xampp\htdocs\Parodi\system\View\View.php(210): include()
#1 C:\xampp\htdocs\Parodi\system\View\View.php(213): CodeIgniter\View\View->CodeIgniter\View\{closure}()
#2 C:\xampp\htdocs\Parodi\system\Common.php(1089): CodeIgniter\View\View->render('carrito', Array, true)
#3 C:\xampp\htdocs\Parodi\app\Controllers\Carrito_Controller.php(30): view('carrito', Array)
#4 C:\xampp\htdocs\Parodi\system\CodeIgniter.php(832): App\Controllers\Carrito_Controller->verCarrito()
#5 C:\xampp\htdocs\Parodi\system\CodeIgniter.php(419): CodeIgniter\CodeIgniter->runController(Object(App\Controllers\Carrito_Controller))
#6 C:\xampp\htdocs\Parodi\system\CodeIgniter.php(326): CodeIgniter\CodeIgniter->handleRequest(NULL, Object(Config\Cache), false)
#7 C:\xampp\htdocs\Parodi\index.php(37): CodeIgniter\CodeIgniter->run()
#8 {main}
CRITICAL - 2022-06-09 20:24:31 --> Call to a member function contents() on null
#0 C:\xampp\htdocs\Parodi\system\View\View.php(210): include()
#1 C:\xampp\htdocs\Parodi\system\View\View.php(213): CodeIgniter\View\View->CodeIgniter\View\{closure}()
#2 C:\xampp\htdocs\Parodi\system\Common.php(1089): CodeIgniter\View\View->render('carrito', Array, true)
#3 C:\xampp\htdocs\Parodi\app\Controllers\Carrito_Controller.php(30): view('carrito', Array)
#4 C:\xampp\htdocs\Parodi\system\CodeIgniter.php(832): App\Controllers\Carrito_Controller->verCarrito()
#5 C:\xampp\htdocs\Parodi\system\CodeIgniter.php(419): CodeIgniter\CodeIgniter->runController(Object(App\Controllers\Carrito_Controller))
#6 C:\xampp\htdocs\Parodi\system\CodeIgniter.php(326): CodeIgniter\CodeIgniter->handleRequest(NULL, Object(Config\Cache), false)
#7 C:\xampp\htdocs\Parodi\index.php(37): CodeIgniter\CodeIgniter->run()
#8 {main}
CRITICAL - 2022-06-09 20:24:32 --> Call to a member function contents() on null
#0 C:\xampp\htdocs\Parodi\system\View\View.php(210): include()
#1 C:\xampp\htdocs\Parodi\system\View\View.php(213): CodeIgniter\View\View->CodeIgniter\View\{closure}()
#2 C:\xampp\htdocs\Parodi\system\Common.php(1089): CodeIgniter\View\View->render('carrito', Array, true)
#3 C:\xampp\htdocs\Parodi\app\Controllers\Carrito_Controller.php(30): view('carrito', Array)
#4 C:\xampp\htdocs\Parodi\system\CodeIgniter.php(832): App\Controllers\Carrito_Controller->verCarrito()
#5 C:\xampp\htdocs\Parodi\system\CodeIgniter.php(419): CodeIgniter\CodeIgniter->runController(Object(App\Controllers\Carrito_Controller))
#6 C:\xampp\htdocs\Parodi\system\CodeIgniter.php(326): CodeIgniter\CodeIgniter->handleRequest(NULL, Object(Config\Cache), false)
#7 C:\xampp\htdocs\Parodi\index.php(37): CodeIgniter\CodeIgniter->run()
#8 {main}
CRITICAL - 2022-06-09 20:24:32 --> Call to a member function contents() on null
#0 C:\xampp\htdocs\Parodi\system\View\View.php(210): include()
#1 C:\xampp\htdocs\Parodi\system\View\View.php(213): CodeIgniter\View\View->CodeIgniter\View\{closure}()
#2 C:\xampp\htdocs\Parodi\system\Common.php(1089): CodeIgniter\View\View->render('carrito', Array, true)
#3 C:\xampp\htdocs\Parodi\app\Controllers\Carrito_Controller.php(30): view('carrito', Array)
#4 C:\xampp\htdocs\Parodi\system\CodeIgniter.php(832): App\Controllers\Carrito_Controller->verCarrito()
#5 C:\xampp\htdocs\Parodi\system\CodeIgniter.php(419): CodeIgniter\CodeIgniter->runController(Object(App\Controllers\Carrito_Controller))
#6 C:\xampp\htdocs\Parodi\system\CodeIgniter.php(326): CodeIgniter\CodeIgniter->handleRequest(NULL, Object(Config\Cache), false)
#7 C:\xampp\htdocs\Parodi\index.php(37): CodeIgniter\CodeIgniter->run()
#8 {main}
CRITICAL - 2022-06-09 20:24:32 --> Call to a member function contents() on null
#0 C:\xampp\htdocs\Parodi\system\View\View.php(210): include()
#1 C:\xampp\htdocs\Parodi\system\View\View.php(213): CodeIgniter\View\View->CodeIgniter\View\{closure}()
#2 C:\xampp\htdocs\Parodi\system\Common.php(1089): CodeIgniter\View\View->render('carrito', Array, true)
#3 C:\xampp\htdocs\Parodi\app\Controllers\Carrito_Controller.php(30): view('carrito', Array)
#4 C:\xampp\htdocs\Parodi\system\CodeIgniter.php(832): App\Controllers\Carrito_Controller->verCarrito()
#5 C:\xampp\htdocs\Parodi\system\CodeIgniter.php(419): CodeIgniter\CodeIgniter->runController(Object(App\Controllers\Carrito_Controller))
#6 C:\xampp\htdocs\Parodi\system\CodeIgniter.php(326): CodeIgniter\CodeIgniter->handleRequest(NULL, Object(Config\Cache), false)
#7 C:\xampp\htdocs\Parodi\index.php(37): CodeIgniter\CodeIgniter->run()
#8 {main}
CRITICAL - 2022-06-09 20:24:33 --> Call to a member function contents() on null
#0 C:\xampp\htdocs\Parodi\system\View\View.php(210): include()
#1 C:\xampp\htdocs\Parodi\system\View\View.php(213): CodeIgniter\View\View->CodeIgniter\View\{closure}()
#2 C:\xampp\htdocs\Parodi\system\Common.php(1089): CodeIgniter\View\View->render('carrito', Array, true)
#3 C:\xampp\htdocs\Parodi\app\Controllers\Carrito_Controller.php(30): view('carrito', Array)
#4 C:\xampp\htdocs\Parodi\system\CodeIgniter.php(832): App\Controllers\Carrito_Controller->verCarrito()
#5 C:\xampp\htdocs\Parodi\system\CodeIgniter.php(419): CodeIgniter\CodeIgniter->runController(Object(App\Controllers\Carrito_Controller))
#6 C:\xampp\htdocs\Parodi\system\CodeIgniter.php(326): CodeIgniter\CodeIgniter->handleRequest(NULL, Object(Config\Cache), false)
#7 C:\xampp\htdocs\Parodi\index.php(37): CodeIgniter\CodeIgniter->run()
#8 {main}
CRITICAL - 2022-06-09 20:24:33 --> Call to a member function contents() on null
#0 C:\xampp\htdocs\Parodi\system\View\View.php(210): include()
#1 C:\xampp\htdocs\Parodi\system\View\View.php(213): CodeIgniter\View\View->CodeIgniter\View\{closure}()
#2 C:\xampp\htdocs\Parodi\system\Common.php(1089): CodeIgniter\View\View->render('carrito', Array, true)
#3 C:\xampp\htdocs\Parodi\app\Controllers\Carrito_Controller.php(30): view('carrito', Array)
#4 C:\xampp\htdocs\Parodi\system\CodeIgniter.php(832): App\Controllers\Carrito_Controller->verCarrito()
#5 C:\xampp\htdocs\Parodi\system\CodeIgniter.php(419): CodeIgniter\CodeIgniter->runController(Object(App\Controllers\Carrito_Controller))
#6 C:\xampp\htdocs\Parodi\system\CodeIgniter.php(326): CodeIgniter\CodeIgniter->handleRequest(NULL, Object(Config\Cache), false)
#7 C:\xampp\htdocs\Parodi\index.php(37): CodeIgniter\CodeIgniter->run()
#8 {main}
CRITICAL - 2022-06-09 20:39:54 --> Call to a member function contents() on null
#0 C:\xampp\htdocs\Parodi\system\View\View.php(210): include()
#1 C:\xampp\htdocs\Parodi\system\View\View.php(213): CodeIgniter\View\View->CodeIgniter\View\{closure}()
#2 C:\xampp\htdocs\Parodi\system\Common.php(1089): CodeIgniter\View\View->render('carrito', Array, true)
#3 C:\xampp\htdocs\Parodi\app\Controllers\Carrito_Controller.php(30): view('carrito', Array)
#4 C:\xampp\htdocs\Parodi\system\CodeIgniter.php(832): App\Controllers\Carrito_Controller->verCarrito()
#5 C:\xampp\htdocs\Parodi\system\CodeIgniter.php(419): CodeIgniter\CodeIgniter->runController(Object(App\Controllers\Carrito_Controller))
#6 C:\xampp\htdocs\Parodi\system\CodeIgniter.php(326): CodeIgniter\CodeIgniter->handleRequest(NULL, Object(Config\Cache), false)
#7 C:\xampp\htdocs\Parodi\index.php(37): CodeIgniter\CodeIgniter->run()
#8 {main}
CRITICAL - 2022-06-09 20:41:18 --> Call to undefined function form_open()
#0 C:\xampp\htdocs\Parodi\system\View\View.php(210): include()
#1 C:\xampp\htdocs\Parodi\system\View\View.php(213): CodeIgniter\View\View->CodeIgniter\View\{closure}()
#2 C:\xampp\htdocs\Parodi\system\Common.php(1089): CodeIgniter\View\View->render('productos', Array, true)
#3 C:\xampp\htdocs\Parodi\app\Controllers\Productos_Controllers.php(125): view('productos', Array)
#4 C:\xampp\htdocs\Parodi\system\CodeIgniter.php(832): App\Controllers\Productos_Controllers->mostrarProductos()
#5 C:\xampp\htdocs\Parodi\system\CodeIgniter.php(419): CodeIgniter\CodeIgniter->runController(Object(App\Controllers\Productos_Controllers))
#6 C:\xampp\htdocs\Parodi\system\CodeIgniter.php(326): CodeIgniter\CodeIgniter->handleRequest(NULL, Object(Config\Cache), false)
#7 C:\xampp\htdocs\Parodi\index.php(37): CodeIgniter\CodeIgniter->run()
#8 {main}
CRITICAL - 2022-06-09 20:42:57 --> Call to undefined function form_open()
#0 C:\xampp\htdocs\Parodi\system\View\View.php(210): include()
#1 C:\xampp\htdocs\Parodi\system\View\View.php(213): CodeIgniter\View\View->CodeIgniter\View\{closure}()
#2 C:\xampp\htdocs\Parodi\system\Common.php(1089): CodeIgniter\View\View->render('productos', Array, true)
#3 C:\xampp\htdocs\Parodi\app\Controllers\Productos_Controllers.php(125): view('productos', Array)
#4 C:\xampp\htdocs\Parodi\system\CodeIgniter.php(832): App\Controllers\Productos_Controllers->mostrarProductos()
#5 C:\xampp\htdocs\Parodi\system\CodeIgniter.php(419): CodeIgniter\CodeIgniter->runController(Object(App\Controllers\Productos_Controllers))
#6 C:\xampp\htdocs\Parodi\system\CodeIgniter.php(326): CodeIgniter\CodeIgniter->handleRequest(NULL, Object(Config\Cache), false)
#7 C:\xampp\htdocs\Parodi\index.php(37): CodeIgniter\CodeIgniter->run()
#8 {main}
CRITICAL - 2022-06-09 20:42:57 --> Call to undefined function form_open()
#0 C:\xampp\htdocs\Parodi\system\View\View.php(210): include()
#1 C:\xampp\htdocs\Parodi\system\View\View.php(213): CodeIgniter\View\View->CodeIgniter\View\{closure}()
#2 C:\xampp\htdocs\Parodi\system\Common.php(1089): CodeIgniter\View\View->render('productos', Array, true)
#3 C:\xampp\htdocs\Parodi\app\Controllers\Productos_Controllers.php(125): view('productos', Array)
#4 C:\xampp\htdocs\Parodi\system\CodeIgniter.php(832): App\Controllers\Productos_Controllers->mostrarProductos()
#5 C:\xampp\htdocs\Parodi\system\CodeIgniter.php(419): CodeIgniter\CodeIgniter->runController(Object(App\Controllers\Productos_Controllers))
#6 C:\xampp\htdocs\Parodi\system\CodeIgniter.php(326): CodeIgniter\CodeIgniter->handleRequest(NULL, Object(Config\Cache), false)
#7 C:\xampp\htdocs\Parodi\index.php(37): CodeIgniter\CodeIgniter->run()
#8 {main}
CRITICAL - 2022-06-09 20:45:59 --> Call to undefined function form_open()
#0 C:\xampp\htdocs\Parodi\system\View\View.php(210): include()
#1 C:\xampp\htdocs\Parodi\system\View\View.php(213): CodeIgniter\View\View->CodeIgniter\View\{closure}()
#2 C:\xampp\htdocs\Parodi\system\Common.php(1089): CodeIgniter\View\View->render('productos', Array, true)
#3 C:\xampp\htdocs\Parodi\app\Controllers\Productos_Controllers.php(125): view('productos', Array)
#4 C:\xampp\htdocs\Parodi\system\CodeIgniter.php(832): App\Controllers\Productos_Controllers->mostrarProductos()
#5 C:\xampp\htdocs\Parodi\system\CodeIgniter.php(419): CodeIgniter\CodeIgniter->runController(Object(App\Controllers\Productos_Controllers))
#6 C:\xampp\htdocs\Parodi\system\CodeIgniter.php(326): CodeIgniter\CodeIgniter->handleRequest(NULL, Object(Config\Cache), false)
#7 C:\xampp\htdocs\Parodi\index.php(37): CodeIgniter\CodeIgniter->run()
#8 {main}
CRITICAL - 2022-06-09 20:46:06 --> Call to a member function contents() on null
#0 C:\xampp\htdocs\Parodi\system\View\View.php(210): include()
#1 C:\xampp\htdocs\Parodi\system\View\View.php(213): CodeIgniter\View\View->CodeIgniter\View\{closure}()
#2 C:\xampp\htdocs\Parodi\system\Common.php(1089): CodeIgniter\View\View->render('carrito', Array, true)
#3 C:\xampp\htdocs\Parodi\app\Controllers\Carrito_Controller.php(30): view('carrito', Array)
#4 C:\xampp\htdocs\Parodi\system\CodeIgniter.php(832): App\Controllers\Carrito_Controller->verCarrito()
#5 C:\xampp\htdocs\Parodi\system\CodeIgniter.php(419): CodeIgniter\CodeIgniter->runController(Object(App\Controllers\Carrito_Controller))
#6 C:\xampp\htdocs\Parodi\system\CodeIgniter.php(326): CodeIgniter\CodeIgniter->handleRequest(NULL, Object(Config\Cache), false)
#7 C:\xampp\htdocs\Parodi\index.php(37): CodeIgniter\CodeIgniter->run()
#8 {main}
CRITICAL - 2022-06-09 20:46:11 --> Call to a member function contents() on null
#0 C:\xampp\htdocs\Parodi\system\View\View.php(210): include()
#1 C:\xampp\htdocs\Parodi\system\View\View.php(213): CodeIgniter\View\View->CodeIgniter\View\{closure}()
#2 C:\xampp\htdocs\Parodi\system\Common.php(1089): CodeIgniter\View\View->render('carrito', Array, true)
#3 C:\xampp\htdocs\Parodi\app\Controllers\Carrito_Controller.php(30): view('carrito', Array)
#4 C:\xampp\htdocs\Parodi\system\CodeIgniter.php(832): App\Controllers\Carrito_Controller->verCarrito()
#5 C:\xampp\htdocs\Parodi\system\CodeIgniter.php(419): CodeIgniter\CodeIgniter->runController(Object(App\Controllers\Carrito_Controller))
#6 C:\xampp\htdocs\Parodi\system\CodeIgniter.php(326): CodeIgniter\CodeIgniter->handleRequest(NULL, Object(Config\Cache), false)
#7 C:\xampp\htdocs\Parodi\index.php(37): CodeIgniter\CodeIgniter->run()
#8 {main}
CRITICAL - 2022-06-09 20:46:19 --> Call to undefined function form_open()
#0 C:\xampp\htdocs\Parodi\system\View\View.php(210): include()
#1 C:\xampp\htdocs\Parodi\system\View\View.php(213): CodeIgniter\View\View->CodeIgniter\View\{closure}()
#2 C:\xampp\htdocs\Parodi\system\Common.php(1089): CodeIgniter\View\View->render('productos', Array, true)
#3 C:\xampp\htdocs\Parodi\app\Controllers\Productos_Controllers.php(125): view('productos', Array)
#4 C:\xampp\htdocs\Parodi\system\CodeIgniter.php(832): App\Controllers\Productos_Controllers->mostrarProductos()
#5 C:\xampp\htdocs\Parodi\system\CodeIgniter.php(419): CodeIgniter\CodeIgniter->runController(Object(App\Controllers\Productos_Controllers))
#6 C:\xampp\htdocs\Parodi\system\CodeIgniter.php(326): CodeIgniter\CodeIgniter->handleRequest(NULL, Object(Config\Cache), false)
#7 C:\xampp\htdocs\Parodi\index.php(37): CodeIgniter\CodeIgniter->run()
#8 {main}
CRITICAL - 2022-06-09 20:49:46 --> Call to a member function insert() on null
#0 C:\xampp\htdocs\Parodi\system\CodeIgniter.php(832): App\Controllers\Carrito_Controller->agregar_carrito()
#1 C:\xampp\htdocs\Parodi\system\CodeIgniter.php(419): CodeIgniter\CodeIgniter->runController(Object(App\Controllers\Carrito_Controller))
#2 C:\xampp\htdocs\Parodi\system\CodeIgniter.php(326): CodeIgniter\CodeIgniter->handleRequest(NULL, Object(Config\Cache), false)
#3 C:\xampp\htdocs\Parodi\index.php(37): CodeIgniter\CodeIgniter->run()
#4 {main}
CRITICAL - 2022-06-09 20:54:11 --> Call to a member function insert() on null
#0 C:\xampp\htdocs\Parodi\system\CodeIgniter.php(832): App\Controllers\Carrito_Controller->agregar_carrito()
#1 C:\xampp\htdocs\Parodi\system\CodeIgniter.php(419): CodeIgniter\CodeIgniter->runController(Object(App\Controllers\Carrito_Controller))
#2 C:\xampp\htdocs\Parodi\system\CodeIgniter.php(326): CodeIgniter\CodeIgniter->handleRequest(NULL, Object(Config\Cache), false)
#3 C:\xampp\htdocs\Parodi\index.php(37): CodeIgniter\CodeIgniter->run()
#4 {main}
CRITICAL - 2022-06-09 20:54:18 --> Call to a member function insert() on null
#0 C:\xampp\htdocs\Parodi\system\CodeIgniter.php(832): App\Controllers\Carrito_Controller->agregar_carrito()
#1 C:\xampp\htdocs\Parodi\system\CodeIgniter.php(419): CodeIgniter\CodeIgniter->runController(Object(App\Controllers\Carrito_Controller))
#2 C:\xampp\htdocs\Parodi\system\CodeIgniter.php(326): CodeIgniter\CodeIgniter->handleRequest(NULL, Object(Config\Cache), false)
#3 C:\xampp\htdocs\Parodi\index.php(37): CodeIgniter\CodeIgniter->run()
#4 {main}
CRITICAL - 2022-06-09 20:55:40 --> Call to a member function insert() on null
#0 C:\xampp\htdocs\Parodi\system\CodeIgniter.php(832): App\Controllers\Carrito_Controller->agregar_carrito()
#1 C:\xampp\htdocs\Parodi\system\CodeIgniter.php(419): CodeIgniter\CodeIgniter->runController(Object(App\Controllers\Carrito_Controller))
#2 C:\xampp\htdocs\Parodi\system\CodeIgniter.php(326): CodeIgniter\CodeIgniter->handleRequest(NULL, Object(Config\Cache), false)
#3 C:\xampp\htdocs\Parodi\index.php(37): CodeIgniter\CodeIgniter->run()
#4 {main}
CRITICAL - 2022-06-09 20:56:22 --> Call to a member function insert() on null
#0 C:\xampp\htdocs\Parodi\system\CodeIgniter.php(832): App\Controllers\Carrito_Controller->agregar_carrito()
#1 C:\xampp\htdocs\Parodi\system\CodeIgniter.php(419): CodeIgniter\CodeIgniter->runController(Object(App\Controllers\Carrito_Controller))
#2 C:\xampp\htdocs\Parodi\system\CodeIgniter.php(326): CodeIgniter\CodeIgniter->handleRequest(NULL, Object(Config\Cache), false)
#3 C:\xampp\htdocs\Parodi\index.php(37): CodeIgniter\CodeIgniter->run()
#4 {main}
CRITICAL - 2022-06-09 20:57:47 --> Call to a member function contents() on null
#0 C:\xampp\htdocs\Parodi\system\View\View.php(210): include()
#1 C:\xampp\htdocs\Parodi\system\View\View.php(213): CodeIgniter\View\View->CodeIgniter\View\{closure}()
#2 C:\xampp\htdocs\Parodi\system\Common.php(1089): CodeIgniter\View\View->render('carrito', Array, true)
#3 C:\xampp\htdocs\Parodi\app\Controllers\Carrito_Controller.php(30): view('carrito', Array)
#4 C:\xampp\htdocs\Parodi\system\CodeIgniter.php(832): App\Controllers\Carrito_Controller->verCarrito()
#5 C:\xampp\htdocs\Parodi\system\CodeIgniter.php(419): CodeIgniter\CodeIgniter->runController(Object(App\Controllers\Carrito_Controller))
#6 C:\xampp\htdocs\Parodi\system\CodeIgniter.php(326): CodeIgniter\CodeIgniter->handleRequest(NULL, Object(Config\Cache), false)
#7 C:\xampp\htdocs\Parodi\index.php(37): CodeIgniter\CodeIgniter->run()
#8 {main}
CRITICAL - 2022-06-09 20:57:59 --> Call to a member function insert() on null
#0 C:\xampp\htdocs\Parodi\system\CodeIgniter.php(832): App\Controllers\Carrito_Controller->agregar_carrito()
#1 C:\xampp\htdocs\Parodi\system\CodeIgniter.php(419): CodeIgniter\CodeIgniter->runController(Object(App\Controllers\Carrito_Controller))
#2 C:\xampp\htdocs\Parodi\system\CodeIgniter.php(326): CodeIgniter\CodeIgniter->handleRequest(NULL, Object(Config\Cache), false)
#3 C:\xampp\htdocs\Parodi\index.php(37): CodeIgniter\CodeIgniter->run()
#4 {main}
CRITICAL - 2022-06-09 20:58:37 --> Undefined variable $carrito
#0 C:\xampp\htdocs\Parodi\app\Controllers\Carrito_Controller.php(15): CodeIgniter\Debug\Exceptions->errorHandler(2, 'Undefined varia...', 'C:\\xampp\\htdocs...', 15)
#1 C:\xampp\htdocs\Parodi\system\CodeIgniter.php(832): App\Controllers\Carrito_Controller->agregar_carrito()
#2 C:\xampp\htdocs\Parodi\system\CodeIgniter.php(419): CodeIgniter\CodeIgniter->runController(Object(App\Controllers\Carrito_Controller))
#3 C:\xampp\htdocs\Parodi\system\CodeIgniter.php(326): CodeIgniter\CodeIgniter->handleRequest(NULL, Object(Config\Cache), false)
#4 C:\xampp\htdocs\Parodi\index.php(37): CodeIgniter\CodeIgniter->run()
#5 {main}
CRITICAL - 2022-06-09 20:58:51 --> Call to a member function insert() on null
#0 C:\xampp\htdocs\Parodi\system\CodeIgniter.php(832): App\Controllers\Carrito_Controller->agregar_carrito()
#1 C:\xampp\htdocs\Parodi\system\CodeIgniter.php(419): CodeIgniter\CodeIgniter->runController(Object(App\Controllers\Carrito_Controller))
#2 C:\xampp\htdocs\Parodi\system\CodeIgniter.php(326): CodeIgniter\CodeIgniter->handleRequest(NULL, Object(Config\Cache), false)
#3 C:\xampp\htdocs\Parodi\index.php(37): CodeIgniter\CodeIgniter->run()
#4 {main}
CRITICAL - 2022-06-09 21:00:32 --> Call to a member function insert() on null
#0 C:\xampp\htdocs\Parodi\system\CodeIgniter.php(832): App\Controllers\Carrito_Controller->agregar_carrito()
#1 C:\xampp\htdocs\Parodi\system\CodeIgniter.php(419): CodeIgniter\CodeIgniter->runController(Object(App\Controllers\Carrito_Controller))
#2 C:\xampp\htdocs\Parodi\system\CodeIgniter.php(326): CodeIgniter\CodeIgniter->handleRequest(NULL, Object(Config\Cache), false)
#3 C:\xampp\htdocs\Parodi\index.php(37): CodeIgniter\CodeIgniter->run()
#4 {main}
CRITICAL - 2022-06-09 21:02:50 --> Call to a member function insert() on null
#0 C:\xampp\htdocs\Parodi\system\CodeIgniter.php(832): App\Controllers\Carrito_Controller->agregar_carrito()
#1 C:\xampp\htdocs\Parodi\system\CodeIgniter.php(419): CodeIgniter\CodeIgniter->runController(Object(App\Controllers\Carrito_Controller))
#2 C:\xampp\htdocs\Parodi\system\CodeIgniter.php(326): CodeIgniter\CodeIgniter->handleRequest(NULL, Object(Config\Cache), false)
#3 C:\xampp\htdocs\Parodi\index.php(37): CodeIgniter\CodeIgniter->run()
#4 {main}
CRITICAL - 2022-06-09 21:03:32 --> Call to a member function insert() on null
#0 C:\xampp\htdocs\Parodi\system\CodeIgniter.php(832): App\Controllers\Carrito_Controller->agregar_carrito()
#1 C:\xampp\htdocs\Parodi\system\CodeIgniter.php(419): CodeIgniter\CodeIgniter->runController(Object(App\Controllers\Carrito_Controller))
#2 C:\xampp\htdocs\Parodi\system\CodeIgniter.php(326): CodeIgniter\CodeIgniter->handleRequest(NULL, Object(Config\Cache), false)
#3 C:\xampp\htdocs\Parodi\index.php(37): CodeIgniter\CodeIgniter->run()
#4 {main}
CRITICAL - 2022-06-09 21:04:30 --> Call to a member function insert() on null
#0 C:\xampp\htdocs\Parodi\system\CodeIgniter.php(832): App\Controllers\Carrito_Controller->agregar_carrito()
#1 C:\xampp\htdocs\Parodi\system\CodeIgniter.php(419): CodeIgniter\CodeIgniter->runController(Object(App\Controllers\Carrito_Controller))
#2 C:\xampp\htdocs\Parodi\system\CodeIgniter.php(326): CodeIgniter\CodeIgniter->handleRequest(NULL, Object(Config\Cache), false)
#3 C:\xampp\htdocs\Parodi\index.php(37): CodeIgniter\CodeIgniter->run()
#4 {main}
CRITICAL - 2022-06-09 21:06:00 --> Call to a member function insert() on null
#0 C:\xampp\htdocs\Parodi\system\CodeIgniter.php(832): App\Controllers\Carrito_Controller->agregar_carrito()
#1 C:\xampp\htdocs\Parodi\system\CodeIgniter.php(419): CodeIgniter\CodeIgniter->runController(Object(App\Controllers\Carrito_Controller))
#2 C:\xampp\htdocs\Parodi\system\CodeIgniter.php(326): CodeIgniter\CodeIgniter->handleRequest(NULL, Object(Config\Cache), false)
#3 C:\xampp\htdocs\Parodi\index.php(37): CodeIgniter\CodeIgniter->run()
#4 {main}
CRITICAL - 2022-06-09 21:06:06 --> Call to a member function insert() on null
#0 C:\xampp\htdocs\Parodi\system\CodeIgniter.php(832): App\Controllers\Carrito_Controller->agregar_carrito()
#1 C:\xampp\htdocs\Parodi\system\CodeIgniter.php(419): CodeIgniter\CodeIgniter->runController(Object(App\Controllers\Carrito_Controller))
#2 C:\xampp\htdocs\Parodi\system\CodeIgniter.php(326): CodeIgniter\CodeIgniter->handleRequest(NULL, Object(Config\Cache), false)
#3 C:\xampp\htdocs\Parodi\index.php(37): CodeIgniter\CodeIgniter->run()
#4 {main}
CRITICAL - 2022-06-09 21:09:54 --> Call to a member function insert() on null
#0 C:\xampp\htdocs\Parodi\system\CodeIgniter.php(832): App\Controllers\Carrito_Controller->agregar_carrito()
#1 C:\xampp\htdocs\Parodi\system\CodeIgniter.php(419): CodeIgniter\CodeIgniter->runController(Object(App\Controllers\Carrito_Controller))
#2 C:\xampp\htdocs\Parodi\system\CodeIgniter.php(326): CodeIgniter\CodeIgniter->handleRequest(NULL, Object(Config\Cache), false)
#3 C:\xampp\htdocs\Parodi\index.php(37): CodeIgniter\CodeIgniter->run()
#4 {main}
CRITICAL - 2022-06-09 21:10:56 --> Call to a member function insert() on null
#0 C:\xampp\htdocs\Parodi\system\CodeIgniter.php(832): App\Controllers\Carrito_Controller->agregar_carrito()
#1 C:\xampp\htdocs\Parodi\system\CodeIgniter.php(419): CodeIgniter\CodeIgniter->runController(Object(App\Controllers\Carrito_Controller))
#2 C:\xampp\htdocs\Parodi\system\CodeIgniter.php(326): CodeIgniter\CodeIgniter->handleRequest(NULL, Object(Config\Cache), false)
#3 C:\xampp\htdocs\Parodi\index.php(37): CodeIgniter\CodeIgniter->run()
#4 {main}
CRITICAL - 2022-06-09 21:13:15 --> Call to a member function insert() on null
#0 C:\xampp\htdocs\Parodi\system\CodeIgniter.php(832): App\Controllers\Carrito_Controller->agregar_carrito()
#1 C:\xampp\htdocs\Parodi\system\CodeIgniter.php(419): CodeIgniter\CodeIgniter->runController(Object(App\Controllers\Carrito_Controller))
#2 C:\xampp\htdocs\Parodi\system\CodeIgniter.php(326): CodeIgniter\CodeIgniter->handleRequest(NULL, Object(Config\Cache), false)
#3 C:\xampp\htdocs\Parodi\index.php(37): CodeIgniter\CodeIgniter->run()
#4 {main}
CRITICAL - 2022-06-09 21:15:00 --> Call to a member function insert() on null
#0 C:\xampp\htdocs\Parodi\system\CodeIgniter.php(832): App\Controllers\Carrito_Controller->agregar_carrito()
#1 C:\xampp\htdocs\Parodi\system\CodeIgniter.php(419): CodeIgniter\CodeIgniter->runController(Object(App\Controllers\Carrito_Controller))
#2 C:\xampp\htdocs\Parodi\system\CodeIgniter.php(326): CodeIgniter\CodeIgniter->handleRequest(NULL, Object(Config\Cache), false)
#3 C:\xampp\htdocs\Parodi\index.php(37): CodeIgniter\CodeIgniter->run()
#4 {main}
CRITICAL - 2022-06-09 21:16:47 --> Call to a member function insert() on null
#0 C:\xampp\htdocs\Parodi\system\CodeIgniter.php(832): App\Controllers\Carrito_Controller->agregar_carrito()
#1 C:\xampp\htdocs\Parodi\system\CodeIgniter.php(419): CodeIgniter\CodeIgniter->runController(Object(App\Controllers\Carrito_Controller))
#2 C:\xampp\htdocs\Parodi\system\CodeIgniter.php(326): CodeIgniter\CodeIgniter->handleRequest(NULL, Object(Config\Cache), false)
#3 C:\xampp\htdocs\Parodi\index.php(37): CodeIgniter\CodeIgniter->run()
#4 {main}
CRITICAL - 2022-06-09 21:16:59 --> Call to a member function insert() on null
#0 C:\xampp\htdocs\Parodi\system\CodeIgniter.php(832): App\Controllers\Carrito_Controller->agregar_carrito()
#1 C:\xampp\htdocs\Parodi\system\CodeIgniter.php(419): CodeIgniter\CodeIgniter->runController(Object(App\Controllers\Carrito_Controller))
#2 C:\xampp\htdocs\Parodi\system\CodeIgniter.php(326): CodeIgniter\CodeIgniter->handleRequest(NULL, Object(Config\Cache), false)
#3 C:\xampp\htdocs\Parodi\index.php(37): CodeIgniter\CodeIgniter->run()
#4 {main}
CRITICAL - 2022-06-09 21:22:08 --> Call to a member function insert() on null
#0 C:\xampp\htdocs\Parodi\system\CodeIgniter.php(832): App\Controllers\Carrito_Controller->agregar_carrito()
#1 C:\xampp\htdocs\Parodi\system\CodeIgniter.php(419): CodeIgniter\CodeIgniter->runController(Object(App\Controllers\Carrito_Controller))
#2 C:\xampp\htdocs\Parodi\system\CodeIgniter.php(326): CodeIgniter\CodeIgniter->handleRequest(NULL, Object(Config\Cache), false)
#3 C:\xampp\htdocs\Parodi\index.php(37): CodeIgniter\CodeIgniter->run()
#4 {main}
CRITICAL - 2022-06-09 21:23:04 --> Call to a member function insert() on null
#0 C:\xampp\htdocs\Parodi\system\CodeIgniter.php(832): App\Controllers\Carrito_Controller->agregar_carrito()
#1 C:\xampp\htdocs\Parodi\system\CodeIgniter.php(419): CodeIgniter\CodeIgniter->runController(Object(App\Controllers\Carrito_Controller))
#2 C:\xampp\htdocs\Parodi\system\CodeIgniter.php(326): CodeIgniter\CodeIgniter->handleRequest(NULL, Object(Config\Cache), false)
#3 C:\xampp\htdocs\Parodi\index.php(37): CodeIgniter\CodeIgniter->run()
#4 {main}
CRITICAL - 2022-06-09 21:25:05 --> Call to a member function insert() on null
#0 C:\xampp\htdocs\Parodi\system\CodeIgniter.php(832): App\Controllers\Carrito_Controller->agregar_carrito()
#1 C:\xampp\htdocs\Parodi\system\CodeIgniter.php(419): CodeIgniter\CodeIgniter->runController(Object(App\Controllers\Carrito_Controller))
#2 C:\xampp\htdocs\Parodi\system\CodeIgniter.php(326): CodeIgniter\CodeIgniter->handleRequest(NULL, Object(Config\Cache), false)
#3 C:\xampp\htdocs\Parodi\index.php(37): CodeIgniter\CodeIgniter->run()
#4 {main}
CRITICAL - 2022-06-09 21:25:29 --> Call to a member function contents() on null
#0 C:\xampp\htdocs\Parodi\system\View\View.php(210): include()
#1 C:\xampp\htdocs\Parodi\system\View\View.php(213): CodeIgniter\View\View->CodeIgniter\View\{closure}()
#2 C:\xampp\htdocs\Parodi\system\Common.php(1089): CodeIgniter\View\View->render('carrito', Array, true)
#3 C:\xampp\htdocs\Parodi\app\Controllers\Carrito_Controller.php(31): view('carrito', Array)
#4 C:\xampp\htdocs\Parodi\system\CodeIgniter.php(832): App\Controllers\Carrito_Controller->verCarrito()
#5 C:\xampp\htdocs\Parodi\system\CodeIgniter.php(419): CodeIgniter\CodeIgniter->runController(Object(App\Controllers\Carrito_Controller))
#6 C:\xampp\htdocs\Parodi\system\CodeIgniter.php(326): CodeIgniter\CodeIgniter->handleRequest(NULL, Object(Config\Cache), false)
#7 C:\xampp\htdocs\Parodi\index.php(37): CodeIgniter\CodeIgniter->run()
#8 {main}
CRITICAL - 2022-06-09 21:27:42 --> Call to a member function contents() on null
#0 C:\xampp\htdocs\Parodi\system\View\View.php(210): include()
#1 C:\xampp\htdocs\Parodi\system\View\View.php(213): CodeIgniter\View\View->CodeIgniter\View\{closure}()
#2 C:\xampp\htdocs\Parodi\system\Common.php(1089): CodeIgniter\View\View->render('carrito', Array, true)
#3 C:\xampp\htdocs\Parodi\app\Controllers\Carrito_Controller.php(31): view('carrito', Array)
#4 C:\xampp\htdocs\Parodi\system\CodeIgniter.php(832): App\Controllers\Carrito_Controller->verCarrito()
#5 C:\xampp\htdocs\Parodi\system\CodeIgniter.php(419): CodeIgniter\CodeIgniter->runController(Object(App\Controllers\Carrito_Controller))
#6 C:\xampp\htdocs\Parodi\system\CodeIgniter.php(326): CodeIgniter\CodeIgniter->handleRequest(NULL, Object(Config\Cache), false)
#7 C:\xampp\htdocs\Parodi\index.php(37): CodeIgniter\CodeIgniter->run()
#8 {main}
CRITICAL - 2022-06-09 21:29:04 --> Call to undefined function form_open()
#0 C:\xampp\htdocs\Parodi\system\View\View.php(210): include()
#1 C:\xampp\htdocs\Parodi\system\View\View.php(213): CodeIgniter\View\View->CodeIgniter\View\{closure}()
#2 C:\xampp\htdocs\Parodi\system\Common.php(1089): CodeIgniter\View\View->render('productos', Array, true)
#3 C:\xampp\htdocs\Parodi\app\Controllers\Productos_Controllers.php(125): view('productos', Array)
#4 C:\xampp\htdocs\Parodi\system\CodeIgniter.php(832): App\Controllers\Productos_Controllers->mostrarProductos()
#5 C:\xampp\htdocs\Parodi\system\CodeIgniter.php(419): CodeIgniter\CodeIgniter->runController(Object(App\Controllers\Productos_Controllers))
#6 C:\xampp\htdocs\Parodi\system\CodeIgniter.php(326): CodeIgniter\CodeIgniter->handleRequest(NULL, Object(Config\Cache), false)
#7 C:\xampp\htdocs\Parodi\index.php(37): CodeIgniter\CodeIgniter->run()
#8 {main}
CRITICAL - 2022-06-09 21:29:15 --> Call to a member function insert() on null
#0 C:\xampp\htdocs\Parodi\system\CodeIgniter.php(832): App\Controllers\Carrito_Controller->agregar_carrito()
#1 C:\xampp\htdocs\Parodi\system\CodeIgniter.php(419): CodeIgniter\CodeIgniter->runController(Object(App\Controllers\Carrito_Controller))
#2 C:\xampp\htdocs\Parodi\system\CodeIgniter.php(326): CodeIgniter\CodeIgniter->handleRequest(NULL, Object(Config\Cache), false)
#3 C:\xampp\htdocs\Parodi\index.php(37): CodeIgniter\CodeIgniter->run()
#4 {main}
CRITICAL - 2022-06-09 21:29:51 --> Call to a member function insert() on null
#0 C:\xampp\htdocs\Parodi\system\CodeIgniter.php(832): App\Controllers\Carrito_Controller->agregar_carrito()
#1 C:\xampp\htdocs\Parodi\system\CodeIgniter.php(419): CodeIgniter\CodeIgniter->runController(Object(App\Controllers\Carrito_Controller))
#2 C:\xampp\htdocs\Parodi\system\CodeIgniter.php(326): CodeIgniter\CodeIgniter->handleRequest(NULL, Object(Config\Cache), false)
#3 C:\xampp\htdocs\Parodi\index.php(37): CodeIgniter\CodeIgniter->run()
#4 {main}
CRITICAL - 2022-06-09 21:50:59 --> Call to a member function insert() on null
#0 C:\xampp\htdocs\Parodi\system\CodeIgniter.php(832): App\Controllers\Carrito_Controller->agregar_carrito()
#1 C:\xampp\htdocs\Parodi\system\CodeIgniter.php(419): CodeIgniter\CodeIgniter->runController(Object(App\Controllers\Carrito_Controller))
#2 C:\xampp\htdocs\Parodi\system\CodeIgniter.php(326): CodeIgniter\CodeIgniter->handleRequest(NULL, Object(Config\Cache), false)
#3 C:\xampp\htdocs\Parodi\index.php(37): CodeIgniter\CodeIgniter->run()
#4 {main}
CRITICAL - 2022-06-09 22:46:09 --> Call to a member function insert() on null
#0 C:\xampp\htdocs\Parodi\system\CodeIgniter.php(832): App\Controllers\Carrito_Controller->agregar_carrito()
#1 C:\xampp\htdocs\Parodi\system\CodeIgniter.php(419): CodeIgniter\CodeIgniter->runController(Object(App\Controllers\Carrito_Controller))
#2 C:\xampp\htdocs\Parodi\system\CodeIgniter.php(326): CodeIgniter\CodeIgniter->handleRequest(NULL, Object(Config\Cache), false)
#3 C:\xampp\htdocs\Parodi\index.php(37): CodeIgniter\CodeIgniter->run()
#4 {main}
CRITICAL - 2022-06-09 22:50:25 --> Call to a member function insert() on null
#0 C:\xampp\htdocs\Parodi\system\CodeIgniter.php(832): App\Controllers\Carrito_Controller->agregar_carrito()
#1 C:\xampp\htdocs\Parodi\system\CodeIgniter.php(419): CodeIgniter\CodeIgniter->runController(Object(App\Controllers\Carrito_Controller))
#2 C:\xampp\htdocs\Parodi\system\CodeIgniter.php(326): CodeIgniter\CodeIgniter->handleRequest(NULL, Object(Config\Cache), false)
#3 C:\xampp\htdocs\Parodi\index.php(37): CodeIgniter\CodeIgniter->run()
#4 {main}
CRITICAL - 2022-06-09 22:50:32 --> Call to a member function insert() on null
#0 C:\xampp\htdocs\Parodi\system\CodeIgniter.php(832): App\Controllers\Carrito_Controller->agregar_carrito()
#1 C:\xampp\htdocs\Parodi\system\CodeIgniter.php(419): CodeIgniter\CodeIgniter->runController(Object(App\Controllers\Carrito_Controller))
#2 C:\xampp\htdocs\Parodi\system\CodeIgniter.php(326): CodeIgniter\CodeIgniter->handleRequest(NULL, Object(Config\Cache), false)
#3 C:\xampp\htdocs\Parodi\index.php(37): CodeIgniter\CodeIgniter->run()
#4 {main}
CRITICAL - 2022-06-09 22:54:22 --> Call to a member function insert() on null
#0 C:\xampp\htdocs\Parodi\system\CodeIgniter.php(832): App\Controllers\Carrito_Controller->agregar_carrito()
#1 C:\xampp\htdocs\Parodi\system\CodeIgniter.php(419): CodeIgniter\CodeIgniter->runController(Object(App\Controllers\Carrito_Controller))
#2 C:\xampp\htdocs\Parodi\system\CodeIgniter.php(326): CodeIgniter\CodeIgniter->handleRequest(NULL, Object(Config\Cache), false)
#3 C:\xampp\htdocs\Parodi\index.php(37): CodeIgniter\CodeIgniter->run()
#4 {main}
CRITICAL - 2022-06-09 22:54:23 --> syntax error, unexpected token "}", expecting "elseif" or "else" or "endif"
#0 C:\xampp\htdocs\Parodi\system\View\View.php(213): CodeIgniter\View\View->CodeIgniter\View\{closure}()
#1 C:\xampp\htdocs\Parodi\system\Common.php(1089): CodeIgniter\View\View->render('productos', Array, true)
#2 C:\xampp\htdocs\Parodi\app\Controllers\Productos_Controllers.php(125): view('productos', Array)
#3 C:\xampp\htdocs\Parodi\system\CodeIgniter.php(832): App\Controllers\Productos_Controllers->mostrarProductos()
#4 C:\xampp\htdocs\Parodi\system\CodeIgniter.php(419): CodeIgniter\CodeIgniter->runController(Object(App\Controllers\Productos_Controllers))
#5 C:\xampp\htdocs\Parodi\system\CodeIgniter.php(326): CodeIgniter\CodeIgniter->handleRequest(NULL, Object(Config\Cache), false)
#6 C:\xampp\htdocs\Parodi\index.php(37): CodeIgniter\CodeIgniter->run()
#7 {main}
CRITICAL - 2022-06-09 22:54:24 --> Call to a member function contents() on null
#0 C:\xampp\htdocs\Parodi\system\View\View.php(210): include()
#1 C:\xampp\htdocs\Parodi\system\View\View.php(213): CodeIgniter\View\View->CodeIgniter\View\{closure}()
#2 C:\xampp\htdocs\Parodi\system\Common.php(1089): CodeIgniter\View\View->render('carrito', Array, true)
#3 C:\xampp\htdocs\Parodi\app\Controllers\Carrito_Controller.php(31): view('carrito', Array)
#4 C:\xampp\htdocs\Parodi\system\CodeIgniter.php(832): App\Controllers\Carrito_Controller->verCarrito()
#5 C:\xampp\htdocs\Parodi\system\CodeIgniter.php(419): CodeIgniter\CodeIgniter->runController(Object(App\Controllers\Carrito_Controller))
#6 C:\xampp\htdocs\Parodi\system\CodeIgniter.php(326): CodeIgniter\CodeIgniter->handleRequest(NULL, Object(Config\Cache), false)
#7 C:\xampp\htdocs\Parodi\index.php(37): CodeIgniter\CodeIgniter->run()
#8 {main}
CRITICAL - 2022-06-09 22:54:29 --> syntax error, unexpected token "}", expecting "elseif" or "else" or "endif"
#0 C:\xampp\htdocs\Parodi\system\View\View.php(213): CodeIgniter\View\View->CodeIgniter\View\{closure}()
#1 C:\xampp\htdocs\Parodi\system\Common.php(1089): CodeIgniter\View\View->render('productos', Array, true)
#2 C:\xampp\htdocs\Parodi\app\Controllers\Productos_Controllers.php(125): view('productos', Array)
#3 C:\xampp\htdocs\Parodi\system\CodeIgniter.php(832): App\Controllers\Productos_Controllers->mostrarProductos()
#4 C:\xampp\htdocs\Parodi\system\CodeIgniter.php(419): CodeIgniter\CodeIgniter->runController(Object(App\Controllers\Productos_Controllers))
#5 C:\xampp\htdocs\Parodi\system\CodeIgniter.php(326): CodeIgniter\CodeIgniter->handleRequest(NULL, Object(Config\Cache), false)
#6 C:\xampp\htdocs\Parodi\index.php(37): CodeIgniter\CodeIgniter->run()
#7 {main}
CRITICAL - 2022-06-09 22:55:33 --> Call to a member function insert() on null
#0 C:\xampp\htdocs\Parodi\system\CodeIgniter.php(832): App\Controllers\Carrito_Controller->agregar_carrito()
#1 C:\xampp\htdocs\Parodi\system\CodeIgniter.php(419): CodeIgniter\CodeIgniter->runController(Object(App\Controllers\Carrito_Controller))
#2 C:\xampp\htdocs\Parodi\system\CodeIgniter.php(326): CodeIgniter\CodeIgniter->handleRequest(NULL, Object(Config\Cache), false)
#3 C:\xampp\htdocs\Parodi\index.php(37): CodeIgniter\CodeIgniter->run()
#4 {main}
CRITICAL - 2022-06-09 22:57:08 --> Call to a member function insert() on null
#0 C:\xampp\htdocs\Parodi\system\CodeIgniter.php(832): App\Controllers\Carrito_Controller->agregar_carrito()
#1 C:\xampp\htdocs\Parodi\system\CodeIgniter.php(419): CodeIgniter\CodeIgniter->runController(Object(App\Controllers\Carrito_Controller))
#2 C:\xampp\htdocs\Parodi\system\CodeIgniter.php(326): CodeIgniter\CodeIgniter->handleRequest(NULL, Object(Config\Cache), false)
#3 C:\xampp\htdocs\Parodi\index.php(37): CodeIgniter\CodeIgniter->run()
#4 {main}
CRITICAL - 2022-06-09 22:57:22 --> Call to a member function insert() on null
#0 C:\xampp\htdocs\Parodi\system\CodeIgniter.php(832): App\Controllers\Carrito_Controller->agregar_carrito()
#1 C:\xampp\htdocs\Parodi\system\CodeIgniter.php(419): CodeIgniter\CodeIgniter->runController(Object(App\Controllers\Carrito_Controller))
#2 C:\xampp\htdocs\Parodi\system\CodeIgniter.php(326): CodeIgniter\CodeIgniter->handleRequest(NULL, Object(Config\Cache), false)
#3 C:\xampp\htdocs\Parodi\index.php(37): CodeIgniter\CodeIgniter->run()
#4 {main}
CRITICAL - 2022-06-09 22:58:16 --> Call to a member function insert() on null
#0 C:\xampp\htdocs\Parodi\system\CodeIgniter.php(832): App\Controllers\Carrito_Controller->agregar_carrito()
#1 C:\xampp\htdocs\Parodi\system\CodeIgniter.php(419): CodeIgniter\CodeIgniter->runController(Object(App\Controllers\Carrito_Controller))
#2 C:\xampp\htdocs\Parodi\system\CodeIgniter.php(326): CodeIgniter\CodeIgniter->handleRequest(NULL, Object(Config\Cache), false)
#3 C:\xampp\htdocs\Parodi\index.php(37): CodeIgniter\CodeIgniter->run()
#4 {main}
CRITICAL - 2022-06-09 22:58:22 --> Call to a member function insert() on null
#0 C:\xampp\htdocs\Parodi\system\CodeIgniter.php(832): App\Controllers\Carrito_Controller->agregar_carrito()
#1 C:\xampp\htdocs\Parodi\system\CodeIgniter.php(419): CodeIgniter\CodeIgniter->runController(Object(App\Controllers\Carrito_Controller))
#2 C:\xampp\htdocs\Parodi\system\CodeIgniter.php(326): CodeIgniter\CodeIgniter->handleRequest(NULL, Object(Config\Cache), false)
#3 C:\xampp\htdocs\Parodi\index.php(37): CodeIgniter\CodeIgniter->run()
#4 {main}
CRITICAL - 2022-06-09 22:58:40 --> Call to a member function insert() on null
#0 C:\xampp\htdocs\Parodi\system\CodeIgniter.php(832): App\Controllers\Carrito_Controller->agregar_carrito()
#1 C:\xampp\htdocs\Parodi\system\CodeIgniter.php(419): CodeIgniter\CodeIgniter->runController(Object(App\Controllers\Carrito_Controller))
#2 C:\xampp\htdocs\Parodi\system\CodeIgniter.php(326): CodeIgniter\CodeIgniter->handleRequest(NULL, Object(Config\Cache), false)
#3 C:\xampp\htdocs\Parodi\index.php(37): CodeIgniter\CodeIgniter->run()
#4 {main}
CRITICAL - 2022-06-09 22:58:42 --> Call to a member function insert() on null
#0 C:\xampp\htdocs\Parodi\system\CodeIgniter.php(832): App\Controllers\Carrito_Controller->agregar_carrito()
#1 C:\xampp\htdocs\Parodi\system\CodeIgniter.php(419): CodeIgniter\CodeIgniter->runController(Object(App\Controllers\Carrito_Controller))
#2 C:\xampp\htdocs\Parodi\system\CodeIgniter.php(326): CodeIgniter\CodeIgniter->handleRequest(NULL, Object(Config\Cache), false)
#3 C:\xampp\htdocs\Parodi\index.php(37): CodeIgniter\CodeIgniter->run()
#4 {main}
CRITICAL - 2022-06-09 22:58:44 --> Call to undefined function form_open()
#0 C:\xampp\htdocs\Parodi\system\View\View.php(210): include()
#1 C:\xampp\htdocs\Parodi\system\View\View.php(213): CodeIgniter\View\View->CodeIgniter\View\{closure}()
#2 C:\xampp\htdocs\Parodi\system\Common.php(1089): CodeIgniter\View\View->render('productos', Array, true)
#3 C:\xampp\htdocs\Parodi\app\Controllers\Productos_Controllers.php(125): view('productos', Array)
#4 C:\xampp\htdocs\Parodi\system\CodeIgniter.php(832): App\Controllers\Productos_Controllers->mostrarProductos()
#5 C:\xampp\htdocs\Parodi\system\CodeIgniter.php(419): CodeIgniter\CodeIgniter->runController(Object(App\Controllers\Productos_Controllers))
#6 C:\xampp\htdocs\Parodi\system\CodeIgniter.php(326): CodeIgniter\CodeIgniter->handleRequest(NULL, Object(Config\Cache), false)
#7 C:\xampp\htdocs\Parodi\index.php(37): CodeIgniter\CodeIgniter->run()
#8 {main}
CRITICAL - 2022-06-09 22:59:03 --> Call to a member function insert() on null
#0 C:\xampp\htdocs\Parodi\system\CodeIgniter.php(832): App\Controllers\Carrito_Controller->agregar_carrito()
#1 C:\xampp\htdocs\Parodi\system\CodeIgniter.php(419): CodeIgniter\CodeIgniter->runController(Object(App\Controllers\Carrito_Controller))
#2 C:\xampp\htdocs\Parodi\system\CodeIgniter.php(326): CodeIgniter\CodeIgniter->handleRequest(NULL, Object(Config\Cache), false)
#3 C:\xampp\htdocs\Parodi\index.php(37): CodeIgniter\CodeIgniter->run()
#4 {main}
CRITICAL - 2022-06-09 23:04:28 --> Call to a member function insert() on null
#0 C:\xampp\htdocs\Parodi\system\CodeIgniter.php(832): App\Controllers\Carrito_Controller->agregar_carrito()
#1 C:\xampp\htdocs\Parodi\system\CodeIgniter.php(419): CodeIgniter\CodeIgniter->runController(Object(App\Controllers\Carrito_Controller))
#2 C:\xampp\htdocs\Parodi\system\CodeIgniter.php(326): CodeIgniter\CodeIgniter->handleRequest(NULL, Object(Config\Cache), false)
#3 C:\xampp\htdocs\Parodi\index.php(37): CodeIgniter\CodeIgniter->run()
#4 {main}
CRITICAL - 2022-06-09 23:06:30 --> Call to a member function insert() on null
#0 C:\xampp\htdocs\Parodi\system\CodeIgniter.php(832): App\Controllers\Carrito_Controller->agregar_carrito()
#1 C:\xampp\htdocs\Parodi\system\CodeIgniter.php(419): CodeIgniter\CodeIgniter->runController(Object(App\Controllers\Carrito_Controller))
#2 C:\xampp\htdocs\Parodi\system\CodeIgniter.php(326): CodeIgniter\CodeIgniter->handleRequest(NULL, Object(Config\Cache), false)
#3 C:\xampp\htdocs\Parodi\index.php(37): CodeIgniter\CodeIgniter->run()
#4 {main}
ERROR - 2022-06-09 23:07:37 --> The cart array must contain a product ID, quantity, price, and name.
ERROR - 2022-06-09 23:07:56 --> The cart array must contain a product ID, quantity, price, and name.
ERROR - 2022-06-09 23:08:31 --> The cart array must contain a product ID, quantity, price, and name.
