CRITICAL - 2022-06-29 01:30:03 --> syntax error, unexpected token ";", expecting "("
#0 C:\xampp\htdocs\Parodi\system\View\View.php(213): CodeIgniter\View\View->CodeIgniter\View\{closure}()
#1 C:\xampp\htdocs\Parodi\system\Common.php(1089): CodeIgniter\View\View->render('carrito', Array, true)
#2 C:\xampp\htdocs\Parodi\app\Controllers\Carrito_Controller.php(40): view('carrito', Array)
#3 C:\xampp\htdocs\Parodi\system\CodeIgniter.php(832): App\Controllers\Carrito_Controller->verCarrito()
#4 C:\xampp\htdocs\Parodi\system\CodeIgniter.php(419): CodeIgniter\CodeIgniter->runController(Object(App\Controllers\Carrito_Controller))
#5 C:\xampp\htdocs\Parodi\system\CodeIgniter.php(326): CodeIgniter\CodeIgniter->handleRequest(NULL, Object(Config\Cache), false)
#6 C:\xampp\htdocs\Parodi\index.php(37): CodeIgniter\CodeIgniter->run()
#7 {main}
CRITICAL - 2022-06-29 01:30:06 --> syntax error, unexpected token ")"
#0 C:\xampp\htdocs\Parodi\system\View\View.php(213): CodeIgniter\View\View->CodeIgniter\View\{closure}()
#1 C:\xampp\htdocs\Parodi\system\Common.php(1089): CodeIgniter\View\View->render('carrito', Array, true)
#2 C:\xampp\htdocs\Parodi\app\Controllers\Carrito_Controller.php(40): view('carrito', Array)
#3 C:\xampp\htdocs\Parodi\system\CodeIgniter.php(832): App\Controllers\Carrito_Controller->verCarrito()
#4 C:\xampp\htdocs\Parodi\system\CodeIgniter.php(419): CodeIgniter\CodeIgniter->runController(Object(App\Controllers\Carrito_Controller))
#5 C:\xampp\htdocs\Parodi\system\CodeIgniter.php(326): CodeIgniter\CodeIgniter->handleRequest(NULL, Object(Config\Cache), false)
#6 C:\xampp\htdocs\Parodi\index.php(37): CodeIgniter\CodeIgniter->run()
#7 {main}
CRITICAL - 2022-06-29 01:30:21 --> syntax error, unexpected end of file
#0 C:\xampp\htdocs\Parodi\system\View\View.php(213): CodeIgniter\View\View->CodeIgniter\View\{closure}()
#1 C:\xampp\htdocs\Parodi\system\Common.php(1089): CodeIgniter\View\View->render('carrito', Array, true)
#2 C:\xampp\htdocs\Parodi\app\Controllers\Carrito_Controller.php(40): view('carrito', Array)
#3 C:\xampp\htdocs\Parodi\system\CodeIgniter.php(832): App\Controllers\Carrito_Controller->verCarrito()
#4 C:\xampp\htdocs\Parodi\system\CodeIgniter.php(419): CodeIgniter\CodeIgniter->runController(Object(App\Controllers\Carrito_Controller))
#5 C:\xampp\htdocs\Parodi\system\CodeIgniter.php(326): CodeIgniter\CodeIgniter->handleRequest(NULL, Object(Config\Cache), false)
#6 C:\xampp\htdocs\Parodi\index.php(37): CodeIgniter\CodeIgniter->run()
#7 {main}
CRITICAL - 2022-06-29 01:30:23 --> syntax error, unexpected end of file
#0 C:\xampp\htdocs\Parodi\system\View\View.php(213): CodeIgniter\View\View->CodeIgniter\View\{closure}()
#1 C:\xampp\htdocs\Parodi\system\Common.php(1089): CodeIgniter\View\View->render('carrito', Array, true)
#2 C:\xampp\htdocs\Parodi\app\Controllers\Carrito_Controller.php(40): view('carrito', Array)
#3 C:\xampp\htdocs\Parodi\system\CodeIgniter.php(832): App\Controllers\Carrito_Controller->verCarrito()
#4 C:\xampp\htdocs\Parodi\system\CodeIgniter.php(419): CodeIgniter\CodeIgniter->runController(Object(App\Controllers\Carrito_Controller))
#5 C:\xampp\htdocs\Parodi\system\CodeIgniter.php(326): CodeIgniter\CodeIgniter->handleRequest(NULL, Object(Config\Cache), false)
#6 C:\xampp\htdocs\Parodi\index.php(37): CodeIgniter\CodeIgniter->run()
#7 {main}
CRITICAL - 2022-06-29 01:30:30 --> syntax error, unexpected end of file
#0 C:\xampp\htdocs\Parodi\system\View\View.php(213): CodeIgniter\View\View->CodeIgniter\View\{closure}()
#1 C:\xampp\htdocs\Parodi\system\Common.php(1089): CodeIgniter\View\View->render('carrito', Array, true)
#2 C:\xampp\htdocs\Parodi\app\Controllers\Carrito_Controller.php(40): view('carrito', Array)
#3 C:\xampp\htdocs\Parodi\system\CodeIgniter.php(832): App\Controllers\Carrito_Controller->verCarrito()
#4 C:\xampp\htdocs\Parodi\system\CodeIgniter.php(419): CodeIgniter\CodeIgniter->runController(Object(App\Controllers\Carrito_Controller))
#5 C:\xampp\htdocs\Parodi\system\CodeIgniter.php(326): CodeIgniter\CodeIgniter->handleRequest(NULL, Object(Config\Cache), false)
#6 C:\xampp\htdocs\Parodi\index.php(37): CodeIgniter\CodeIgniter->run()
#7 {main}
CRITICAL - 2022-06-29 01:30:31 --> syntax error, unexpected end of file
#0 C:\xampp\htdocs\Parodi\system\View\View.php(213): CodeIgniter\View\View->CodeIgniter\View\{closure}()
#1 C:\xampp\htdocs\Parodi\system\Common.php(1089): CodeIgniter\View\View->render('carrito', Array, true)
#2 C:\xampp\htdocs\Parodi\app\Controllers\Carrito_Controller.php(40): view('carrito', Array)
#3 C:\xampp\htdocs\Parodi\system\CodeIgniter.php(832): App\Controllers\Carrito_Controller->verCarrito()
#4 C:\xampp\htdocs\Parodi\system\CodeIgniter.php(419): CodeIgniter\CodeIgniter->runController(Object(App\Controllers\Carrito_Controller))
#5 C:\xampp\htdocs\Parodi\system\CodeIgniter.php(326): CodeIgniter\CodeIgniter->handleRequest(NULL, Object(Config\Cache), false)
#6 C:\xampp\htdocs\Parodi\index.php(37): CodeIgniter\CodeIgniter->run()
#7 {main}
CRITICAL - 2022-06-29 01:30:33 --> syntax error, unexpected end of file
#0 C:\xampp\htdocs\Parodi\system\View\View.php(213): CodeIgniter\View\View->CodeIgniter\View\{closure}()
#1 C:\xampp\htdocs\Parodi\system\Common.php(1089): CodeIgniter\View\View->render('carrito', Array, true)
#2 C:\xampp\htdocs\Parodi\app\Controllers\Carrito_Controller.php(40): view('carrito', Array)
#3 C:\xampp\htdocs\Parodi\system\CodeIgniter.php(832): App\Controllers\Carrito_Controller->verCarrito()
#4 C:\xampp\htdocs\Parodi\system\CodeIgniter.php(419): CodeIgniter\CodeIgniter->runController(Object(App\Controllers\Carrito_Controller))
#5 C:\xampp\htdocs\Parodi\system\CodeIgniter.php(326): CodeIgniter\CodeIgniter->handleRequest(NULL, Object(Config\Cache), false)
#6 C:\xampp\htdocs\Parodi\index.php(37): CodeIgniter\CodeIgniter->run()
#7 {main}
CRITICAL - 2022-06-29 01:30:35 --> syntax error, unexpected end of file
#0 C:\xampp\htdocs\Parodi\system\View\View.php(213): CodeIgniter\View\View->CodeIgniter\View\{closure}()
#1 C:\xampp\htdocs\Parodi\system\Common.php(1089): CodeIgniter\View\View->render('carrito', Array, true)
#2 C:\xampp\htdocs\Parodi\app\Controllers\Carrito_Controller.php(40): view('carrito', Array)
#3 C:\xampp\htdocs\Parodi\system\CodeIgniter.php(832): App\Controllers\Carrito_Controller->verCarrito()
#4 C:\xampp\htdocs\Parodi\system\CodeIgniter.php(419): CodeIgniter\CodeIgniter->runController(Object(App\Controllers\Carrito_Controller))
#5 C:\xampp\htdocs\Parodi\system\CodeIgniter.php(326): CodeIgniter\CodeIgniter->handleRequest(NULL, Object(Config\Cache), false)
#6 C:\xampp\htdocs\Parodi\index.php(37): CodeIgniter\CodeIgniter->run()
#7 {main}
CRITICAL - 2022-06-29 01:30:51 --> syntax error, unexpected token ";", expecting "]"
#0 C:\xampp\htdocs\Parodi\system\View\View.php(213): CodeIgniter\View\View->CodeIgniter\View\{closure}()
#1 C:\xampp\htdocs\Parodi\system\Common.php(1089): CodeIgniter\View\View->render('carrito', Array, true)
#2 C:\xampp\htdocs\Parodi\app\Controllers\Carrito_Controller.php(40): view('carrito', Array)
#3 C:\xampp\htdocs\Parodi\system\CodeIgniter.php(832): App\Controllers\Carrito_Controller->verCarrito()
#4 C:\xampp\htdocs\Parodi\system\CodeIgniter.php(419): CodeIgniter\CodeIgniter->runController(Object(App\Controllers\Carrito_Controller))
#5 C:\xampp\htdocs\Parodi\system\CodeIgniter.php(326): CodeIgniter\CodeIgniter->handleRequest(NULL, Object(Config\Cache), false)
#6 C:\xampp\htdocs\Parodi\index.php(37): CodeIgniter\CodeIgniter->run()
#7 {main}
CRITICAL - 2022-06-29 01:30:55 --> syntax error, unexpected token ";", expecting "]"
#0 C:\xampp\htdocs\Parodi\system\View\View.php(213): CodeIgniter\View\View->CodeIgniter\View\{closure}()
#1 C:\xampp\htdocs\Parodi\system\Common.php(1089): CodeIgniter\View\View->render('carrito', Array, true)
#2 C:\xampp\htdocs\Parodi\app\Controllers\Carrito_Controller.php(40): view('carrito', Array)
#3 C:\xampp\htdocs\Parodi\system\CodeIgniter.php(832): App\Controllers\Carrito_Controller->verCarrito()
#4 C:\xampp\htdocs\Parodi\system\CodeIgniter.php(419): CodeIgniter\CodeIgniter->runController(Object(App\Controllers\Carrito_Controller))
#5 C:\xampp\htdocs\Parodi\system\CodeIgniter.php(326): CodeIgniter\CodeIgniter->handleRequest(NULL, Object(Config\Cache), false)
#6 C:\xampp\htdocs\Parodi\index.php(37): CodeIgniter\CodeIgniter->run()
#7 {main}
CRITICAL - 2022-06-29 01:30:56 --> Cannot use [] for reading
#0 [internal function]: CodeIgniter\Debug\Exceptions->shutdownHandler()
#1 {main}
CRITICAL - 2022-06-29 01:37:06 --> Array to string conversion
#0 C:\xampp\htdocs\Parodi\app\Views\carrito.php(80): CodeIgniter\Debug\Exceptions->errorHandler(2, 'Array to string...', 'C:\\xampp\\htdocs...', 80)
#1 C:\xampp\htdocs\Parodi\system\View\View.php(210): include('C:\\xampp\\htdocs...')
#2 C:\xampp\htdocs\Parodi\system\View\View.php(213): CodeIgniter\View\View->CodeIgniter\View\{closure}()
#3 C:\xampp\htdocs\Parodi\system\Common.php(1089): CodeIgniter\View\View->render('carrito', Array, true)
#4 C:\xampp\htdocs\Parodi\app\Controllers\Carrito_Controller.php(40): view('carrito', Array)
#5 C:\xampp\htdocs\Parodi\system\CodeIgniter.php(832): App\Controllers\Carrito_Controller->verCarrito()
#6 C:\xampp\htdocs\Parodi\system\CodeIgniter.php(419): CodeIgniter\CodeIgniter->runController(Object(App\Controllers\Carrito_Controller))
#7 C:\xampp\htdocs\Parodi\system\CodeIgniter.php(326): CodeIgniter\CodeIgniter->handleRequest(NULL, Object(Config\Cache), false)
#8 C:\xampp\htdocs\Parodi\index.php(37): CodeIgniter\CodeIgniter->run()
#9 {main}
CRITICAL - 2022-06-29 01:37:08 --> syntax error, unexpected string content "?></i>", expecting "]"
#0 C:\xampp\htdocs\Parodi\system\View\View.php(213): CodeIgniter\View\View->CodeIgniter\View\{closure}()
#1 C:\xampp\htdocs\Parodi\system\Common.php(1089): CodeIgniter\View\View->render('carrito', Array, true)
#2 C:\xampp\htdocs\Parodi\app\Controllers\Carrito_Controller.php(40): view('carrito', Array)
#3 C:\xampp\htdocs\Parodi\system\CodeIgniter.php(832): App\Controllers\Carrito_Controller->verCarrito()
#4 C:\xampp\htdocs\Parodi\system\CodeIgniter.php(419): CodeIgniter\CodeIgniter->runController(Object(App\Controllers\Carrito_Controller))
#5 C:\xampp\htdocs\Parodi\system\CodeIgniter.php(326): CodeIgniter\CodeIgniter->handleRequest(NULL, Object(Config\Cache), false)
#6 C:\xampp\htdocs\Parodi\index.php(37): CodeIgniter\CodeIgniter->run()
#7 {main}
CRITICAL - 2022-06-29 01:37:10 --> syntax error, unexpected string content "sub?></i>", expecting "]"
#0 C:\xampp\htdocs\Parodi\system\View\View.php(213): CodeIgniter\View\View->CodeIgniter\View\{closure}()
#1 C:\xampp\htdocs\Parodi\system\Common.php(1089): CodeIgniter\View\View->render('carrito', Array, true)
#2 C:\xampp\htdocs\Parodi\app\Controllers\Carrito_Controller.php(40): view('carrito', Array)
#3 C:\xampp\htdocs\Parodi\system\CodeIgniter.php(832): App\Controllers\Carrito_Controller->verCarrito()
#4 C:\xampp\htdocs\Parodi\system\CodeIgniter.php(419): CodeIgniter\CodeIgniter->runController(Object(App\Controllers\Carrito_Controller))
#5 C:\xampp\htdocs\Parodi\system\CodeIgniter.php(326): CodeIgniter\CodeIgniter->handleRequest(NULL, Object(Config\Cache), false)
#6 C:\xampp\htdocs\Parodi\index.php(37): CodeIgniter\CodeIgniter->run()
#7 {main}
CRITICAL - 2022-06-29 01:37:12 --> syntax error, unexpected string content "subTotal?></i>", expecting "]"
#0 C:\xampp\htdocs\Parodi\system\View\View.php(213): CodeIgniter\View\View->CodeIgniter\View\{closure}()
#1 C:\xampp\htdocs\Parodi\system\Common.php(1089): CodeIgniter\View\View->render('carrito', Array, true)
#2 C:\xampp\htdocs\Parodi\app\Controllers\Carrito_Controller.php(40): view('carrito', Array)
#3 C:\xampp\htdocs\Parodi\system\CodeIgniter.php(832): App\Controllers\Carrito_Controller->verCarrito()
#4 C:\xampp\htdocs\Parodi\system\CodeIgniter.php(419): CodeIgniter\CodeIgniter->runController(Object(App\Controllers\Carrito_Controller))
#5 C:\xampp\htdocs\Parodi\system\CodeIgniter.php(326): CodeIgniter\CodeIgniter->handleRequest(NULL, Object(Config\Cache), false)
#6 C:\xampp\htdocs\Parodi\index.php(37): CodeIgniter\CodeIgniter->run()
#7 {main}
CRITICAL - 2022-06-29 01:37:16 --> syntax error, unexpected token ";", expecting "]"
#0 C:\xampp\htdocs\Parodi\system\View\View.php(213): CodeIgniter\View\View->CodeIgniter\View\{closure}()
#1 C:\xampp\htdocs\Parodi\system\Common.php(1089): CodeIgniter\View\View->render('carrito', Array, true)
#2 C:\xampp\htdocs\Parodi\app\Controllers\Carrito_Controller.php(40): view('carrito', Array)
#3 C:\xampp\htdocs\Parodi\system\CodeIgniter.php(832): App\Controllers\Carrito_Controller->verCarrito()
#4 C:\xampp\htdocs\Parodi\system\CodeIgniter.php(419): CodeIgniter\CodeIgniter->runController(Object(App\Controllers\Carrito_Controller))
#5 C:\xampp\htdocs\Parodi\system\CodeIgniter.php(326): CodeIgniter\CodeIgniter->handleRequest(NULL, Object(Config\Cache), false)
#6 C:\xampp\htdocs\Parodi\index.php(37): CodeIgniter\CodeIgniter->run()
#7 {main}
CRITICAL - 2022-06-29 01:37:18 --> Undefined array key "subTotal"
#0 C:\xampp\htdocs\Parodi\app\Views\carrito.php(80): CodeIgniter\Debug\Exceptions->errorHandler(2, 'Undefined array...', 'C:\\xampp\\htdocs...', 80)
#1 C:\xampp\htdocs\Parodi\system\View\View.php(210): include('C:\\xampp\\htdocs...')
#2 C:\xampp\htdocs\Parodi\system\View\View.php(213): CodeIgniter\View\View->CodeIgniter\View\{closure}()
#3 C:\xampp\htdocs\Parodi\system\Common.php(1089): CodeIgniter\View\View->render('carrito', Array, true)
#4 C:\xampp\htdocs\Parodi\app\Controllers\Carrito_Controller.php(40): view('carrito', Array)
#5 C:\xampp\htdocs\Parodi\system\CodeIgniter.php(832): App\Controllers\Carrito_Controller->verCarrito()
#6 C:\xampp\htdocs\Parodi\system\CodeIgniter.php(419): CodeIgniter\CodeIgniter->runController(Object(App\Controllers\Carrito_Controller))
#7 C:\xampp\htdocs\Parodi\system\CodeIgniter.php(326): CodeIgniter\CodeIgniter->handleRequest(NULL, Object(Config\Cache), false)
#8 C:\xampp\htdocs\Parodi\index.php(37): CodeIgniter\CodeIgniter->run()
#9 {main}
CRITICAL - 2022-06-29 01:39:14 --> syntax error, unexpected token ";"
#0 C:\xampp\htdocs\Parodi\system\View\View.php(213): CodeIgniter\View\View->CodeIgniter\View\{closure}()
#1 C:\xampp\htdocs\Parodi\system\Common.php(1089): CodeIgniter\View\View->render('carrito', Array, true)
#2 C:\xampp\htdocs\Parodi\app\Controllers\Carrito_Controller.php(40): view('carrito', Array)
#3 C:\xampp\htdocs\Parodi\system\CodeIgniter.php(832): App\Controllers\Carrito_Controller->verCarrito()
#4 C:\xampp\htdocs\Parodi\system\CodeIgniter.php(419): CodeIgniter\CodeIgniter->runController(Object(App\Controllers\Carrito_Controller))
#5 C:\xampp\htdocs\Parodi\system\CodeIgniter.php(326): CodeIgniter\CodeIgniter->handleRequest(NULL, Object(Config\Cache), false)
#6 C:\xampp\htdocs\Parodi\index.php(37): CodeIgniter\CodeIgniter->run()
#7 {main}
CRITICAL - 2022-06-29 01:39:18 --> Undefined constant "q"
#0 C:\xampp\htdocs\Parodi\system\View\View.php(210): include()
#1 C:\xampp\htdocs\Parodi\system\View\View.php(213): CodeIgniter\View\View->CodeIgniter\View\{closure}()
#2 C:\xampp\htdocs\Parodi\system\Common.php(1089): CodeIgniter\View\View->render('carrito', Array, true)
#3 C:\xampp\htdocs\Parodi\app\Controllers\Carrito_Controller.php(40): view('carrito', Array)
#4 C:\xampp\htdocs\Parodi\system\CodeIgniter.php(832): App\Controllers\Carrito_Controller->verCarrito()
#5 C:\xampp\htdocs\Parodi\system\CodeIgniter.php(419): CodeIgniter\CodeIgniter->runController(Object(App\Controllers\Carrito_Controller))
#6 C:\xampp\htdocs\Parodi\system\CodeIgniter.php(326): CodeIgniter\CodeIgniter->handleRequest(NULL, Object(Config\Cache), false)
#7 C:\xampp\htdocs\Parodi\index.php(37): CodeIgniter\CodeIgniter->run()
#8 {main}
CRITICAL - 2022-06-29 17:27:41 --> syntax error, unexpected token "<"
#0 C:\xampp\htdocs\Parodi\system\View\View.php(213): CodeIgniter\View\View->CodeIgniter\View\{closure}()
#1 C:\xampp\htdocs\Parodi\system\Common.php(1089): CodeIgniter\View\View->render('carrito', Array, true)
#2 C:\xampp\htdocs\Parodi\app\Controllers\Carrito_Controller.php(40): view('carrito', Array)
#3 C:\xampp\htdocs\Parodi\system\CodeIgniter.php(832): App\Controllers\Carrito_Controller->verCarrito()
#4 C:\xampp\htdocs\Parodi\system\CodeIgniter.php(419): CodeIgniter\CodeIgniter->runController(Object(App\Controllers\Carrito_Controller))
#5 C:\xampp\htdocs\Parodi\system\CodeIgniter.php(326): CodeIgniter\CodeIgniter->handleRequest(NULL, Object(Config\Cache), false)
#6 C:\xampp\htdocs\Parodi\index.php(37): CodeIgniter\CodeIgniter->run()
#7 {main}
CRITICAL - 2022-06-29 23:55:11 --> view(): Argument #3 ($options) must be of type array, float given, called in C:\xampp\htdocs\Parodi\app\Controllers\Carrito_Controller.php on line 177
#0 C:\xampp\htdocs\Parodi\app\Controllers\Carrito_Controller.php(177): view('back/carrito/fo...', Array, 2250.0)
#1 C:\xampp\htdocs\Parodi\system\CodeIgniter.php(832): App\Controllers\Carrito_Controller->formWasap()
#2 C:\xampp\htdocs\Parodi\system\CodeIgniter.php(419): CodeIgniter\CodeIgniter->runController(Object(App\Controllers\Carrito_Controller))
#3 C:\xampp\htdocs\Parodi\system\CodeIgniter.php(326): CodeIgniter\CodeIgniter->handleRequest(NULL, Object(Config\Cache), false)
#4 C:\xampp\htdocs\Parodi\index.php(37): CodeIgniter\CodeIgniter->run()
#5 {main}
CRITICAL - 2022-06-29 23:57:09 --> Undefined variable $monto
#0 C:\xampp\htdocs\Parodi\app\Views\back\carrito\formWasap.php(34): CodeIgniter\Debug\Exceptions->errorHandler(2, 'Undefined varia...', 'C:\\xampp\\htdocs...', 34)
#1 C:\xampp\htdocs\Parodi\system\View\View.php(210): include('C:\\xampp\\htdocs...')
#2 C:\xampp\htdocs\Parodi\system\View\View.php(213): CodeIgniter\View\View->CodeIgniter\View\{closure}()
#3 C:\xampp\htdocs\Parodi\system\Common.php(1089): CodeIgniter\View\View->render('back/carrito/fo...', Array, true)
#4 C:\xampp\htdocs\Parodi\app\Controllers\Carrito_Controller.php(177): view('back/carrito/fo...', Array, Array)
#5 C:\xampp\htdocs\Parodi\system\CodeIgniter.php(832): App\Controllers\Carrito_Controller->formWasap()
#6 C:\xampp\htdocs\Parodi\system\CodeIgniter.php(419): CodeIgniter\CodeIgniter->runController(Object(App\Controllers\Carrito_Controller))
#7 C:\xampp\htdocs\Parodi\system\CodeIgniter.php(326): CodeIgniter\CodeIgniter->handleRequest(NULL, Object(Config\Cache), false)
#8 C:\xampp\htdocs\Parodi\index.php(37): CodeIgniter\CodeIgniter->run()
#9 {main}
CRITICAL - 2022-06-29 23:59:04 --> Undefined variable $monto
#0 C:\xampp\htdocs\Parodi\app\Views\back\carrito\formWasap.php(34): CodeIgniter\Debug\Exceptions->errorHandler(2, 'Undefined varia...', 'C:\\xampp\\htdocs...', 34)
#1 C:\xampp\htdocs\Parodi\system\View\View.php(210): include('C:\\xampp\\htdocs...')
#2 C:\xampp\htdocs\Parodi\system\View\View.php(213): CodeIgniter\View\View->CodeIgniter\View\{closure}()
#3 C:\xampp\htdocs\Parodi\system\Common.php(1089): CodeIgniter\View\View->render('back/carrito/fo...', Array, true)
#4 C:\xampp\htdocs\Parodi\app\Controllers\Carrito_Controller.php(177): view('back/carrito/fo...', Array, Array)
#5 C:\xampp\htdocs\Parodi\system\CodeIgniter.php(832): App\Controllers\Carrito_Controller->formWasap()
#6 C:\xampp\htdocs\Parodi\system\CodeIgniter.php(419): CodeIgniter\CodeIgniter->runController(Object(App\Controllers\Carrito_Controller))
#7 C:\xampp\htdocs\Parodi\system\CodeIgniter.php(326): CodeIgniter\CodeIgniter->handleRequest(NULL, Object(Config\Cache), false)
#8 C:\xampp\htdocs\Parodi\index.php(37): CodeIgniter\CodeIgniter->run()
#9 {main}
