CRITICAL - 2022-05-22 11:09:54 --> syntax error, unexpected variable "$routes"
#0 C:\xampp\htdocs\Parodi\system\CodeIgniter.php(368): CodeIgniter\CodeIgniter->tryToRouteIt(NULL)
#1 C:\xampp\htdocs\Parodi\system\CodeIgniter.php(326): CodeIgniter\CodeIgniter->handleRequest(NULL, Object(Config\Cache), false)
#2 C:\xampp\htdocs\Parodi\index.php(37): CodeIgniter\CodeIgniter->run()
#3 {main}
CRITICAL - 2022-05-22 11:09:55 --> syntax error, unexpected variable "$routes"
#0 C:\xampp\htdocs\Parodi\system\CodeIgniter.php(368): CodeIgniter\CodeIgniter->tryToRouteIt(NULL)
#1 C:\xampp\htdocs\Parodi\system\CodeIgniter.php(326): CodeIgniter\CodeIgniter->handleRequest(NULL, Object(Config\Cache), false)
#2 C:\xampp\htdocs\Parodi\index.php(37): CodeIgniter\CodeIgniter->run()
#3 {main}
CRITICAL - 2022-05-22 11:09:57 --> syntax error, unexpected variable "$routes"
#0 C:\xampp\htdocs\Parodi\system\CodeIgniter.php(368): CodeIgniter\CodeIgniter->tryToRouteIt(NULL)
#1 C:\xampp\htdocs\Parodi\system\CodeIgniter.php(326): CodeIgniter\CodeIgniter->handleRequest(NULL, Object(Config\Cache), false)
#2 C:\xampp\htdocs\Parodi\index.php(37): CodeIgniter\CodeIgniter->run()
#3 {main}
CRITICAL - 2022-05-22 11:09:58 --> syntax error, unexpected variable "$routes"
#0 C:\xampp\htdocs\Parodi\system\CodeIgniter.php(368): CodeIgniter\CodeIgniter->tryToRouteIt(NULL)
#1 C:\xampp\htdocs\Parodi\system\CodeIgniter.php(326): CodeIgniter\CodeIgniter->handleRequest(NULL, Object(Config\Cache), false)
#2 C:\xampp\htdocs\Parodi\index.php(37): CodeIgniter\CodeIgniter->run()
#3 {main}
CRITICAL - 2022-05-22 11:10:02 --> syntax error, unexpected variable "$routes"
#0 C:\xampp\htdocs\Parodi\system\CodeIgniter.php(368): CodeIgniter\CodeIgniter->tryToRouteIt(NULL)
#1 C:\xampp\htdocs\Parodi\system\CodeIgniter.php(326): CodeIgniter\CodeIgniter->handleRequest(NULL, Object(Config\Cache), false)
#2 C:\xampp\htdocs\Parodi\index.php(37): CodeIgniter\CodeIgniter->run()
#3 {main}
CRITICAL - 2022-05-22 11:10:05 --> syntax error, unexpected variable "$routes"
#0 C:\xampp\htdocs\Parodi\system\CodeIgniter.php(368): CodeIgniter\CodeIgniter->tryToRouteIt(NULL)
#1 C:\xampp\htdocs\Parodi\system\CodeIgniter.php(326): CodeIgniter\CodeIgniter->handleRequest(NULL, Object(Config\Cache), false)
#2 C:\xampp\htdocs\Parodi\index.php(37): CodeIgniter\CodeIgniter->run()
#3 {main}
CRITICAL - 2022-05-22 11:10:06 --> syntax error, unexpected variable "$routes"
#0 C:\xampp\htdocs\Parodi\system\CodeIgniter.php(368): CodeIgniter\CodeIgniter->tryToRouteIt(NULL)
#1 C:\xampp\htdocs\Parodi\system\CodeIgniter.php(326): CodeIgniter\CodeIgniter->handleRequest(NULL, Object(Config\Cache), false)
#2 C:\xampp\htdocs\Parodi\index.php(37): CodeIgniter\CodeIgniter->run()
#3 {main}
CRITICAL - 2022-05-22 11:10:11 --> syntax error, unexpected variable "$routes"
#0 C:\xampp\htdocs\Parodi\system\CodeIgniter.php(368): CodeIgniter\CodeIgniter->tryToRouteIt(NULL)
#1 C:\xampp\htdocs\Parodi\system\CodeIgniter.php(326): CodeIgniter\CodeIgniter->handleRequest(NULL, Object(Config\Cache), false)
#2 C:\xampp\htdocs\Parodi\index.php(37): CodeIgniter\CodeIgniter->run()
#3 {main}
CRITICAL - 2022-05-22 11:10:16 --> syntax error, unexpected variable "$routes"
#0 C:\xampp\htdocs\Parodi\system\CodeIgniter.php(368): CodeIgniter\CodeIgniter->tryToRouteIt(NULL)
#1 C:\xampp\htdocs\Parodi\system\CodeIgniter.php(326): CodeIgniter\CodeIgniter->handleRequest(NULL, Object(Config\Cache), false)
#2 C:\xampp\htdocs\Parodi\index.php(37): CodeIgniter\CodeIgniter->run()
#3 {main}
CRITICAL - 2022-05-22 11:10:19 --> syntax error, unexpected variable "$routes"
#0 C:\xampp\htdocs\Parodi\system\CodeIgniter.php(368): CodeIgniter\CodeIgniter->tryToRouteIt(NULL)
#1 C:\xampp\htdocs\Parodi\system\CodeIgniter.php(326): CodeIgniter\CodeIgniter->handleRequest(NULL, Object(Config\Cache), false)
#2 C:\xampp\htdocs\Parodi\index.php(37): CodeIgniter\CodeIgniter->run()
#3 {main}
CRITICAL - 2022-05-22 11:10:47 --> syntax error, unexpected token "return"
#0 C:\xampp\htdocs\Parodi\system\Autoloader\Autoloader.php(241): CodeIgniter\Autoloader\Autoloader->includeFile('C:\\xampp\\htdocs...')
#1 C:\xampp\htdocs\Parodi\system\Autoloader\Autoloader.php(219): CodeIgniter\Autoloader\Autoloader->loadInNamespace('App\\Controllers...')
#2 [internal function]: CodeIgniter\Autoloader\Autoloader->loadClass('App\\Controllers...')
#3 C:\xampp\htdocs\Parodi\system\CodeIgniter.php(797): class_exists('\\App\\Controller...', true)
#4 C:\xampp\htdocs\Parodi\system\CodeIgniter.php(406): CodeIgniter\CodeIgniter->startController()
#5 C:\xampp\htdocs\Parodi\system\CodeIgniter.php(326): CodeIgniter\CodeIgniter->handleRequest(NULL, Object(Config\Cache), false)
#6 C:\xampp\htdocs\Parodi\index.php(37): CodeIgniter\CodeIgniter->run()
#7 {main}
CRITICAL - 2022-05-22 11:10:48 --> syntax error, unexpected token "return"
#0 C:\xampp\htdocs\Parodi\system\Autoloader\Autoloader.php(241): CodeIgniter\Autoloader\Autoloader->includeFile('C:\\xampp\\htdocs...')
#1 C:\xampp\htdocs\Parodi\system\Autoloader\Autoloader.php(219): CodeIgniter\Autoloader\Autoloader->loadInNamespace('App\\Controllers...')
#2 [internal function]: CodeIgniter\Autoloader\Autoloader->loadClass('App\\Controllers...')
#3 C:\xampp\htdocs\Parodi\system\CodeIgniter.php(797): class_exists('\\App\\Controller...', true)
#4 C:\xampp\htdocs\Parodi\system\CodeIgniter.php(406): CodeIgniter\CodeIgniter->startController()
#5 C:\xampp\htdocs\Parodi\system\CodeIgniter.php(326): CodeIgniter\CodeIgniter->handleRequest(NULL, Object(Config\Cache), false)
#6 C:\xampp\htdocs\Parodi\index.php(37): CodeIgniter\CodeIgniter->run()
#7 {main}
CRITICAL - 2022-05-22 11:10:53 --> syntax error, unexpected token "return"
#0 C:\xampp\htdocs\Parodi\system\Autoloader\Autoloader.php(241): CodeIgniter\Autoloader\Autoloader->includeFile('C:\\xampp\\htdocs...')
#1 C:\xampp\htdocs\Parodi\system\Autoloader\Autoloader.php(219): CodeIgniter\Autoloader\Autoloader->loadInNamespace('App\\Controllers...')
#2 [internal function]: CodeIgniter\Autoloader\Autoloader->loadClass('App\\Controllers...')
#3 C:\xampp\htdocs\Parodi\system\CodeIgniter.php(797): class_exists('\\App\\Controller...', true)
#4 C:\xampp\htdocs\Parodi\system\CodeIgniter.php(406): CodeIgniter\CodeIgniter->startController()
#5 C:\xampp\htdocs\Parodi\system\CodeIgniter.php(326): CodeIgniter\CodeIgniter->handleRequest(NULL, Object(Config\Cache), false)
#6 C:\xampp\htdocs\Parodi\index.php(37): CodeIgniter\CodeIgniter->run()
#7 {main}
CRITICAL - 2022-05-22 11:10:59 --> syntax error, unexpected token "return"
#0 C:\xampp\htdocs\Parodi\system\Autoloader\Autoloader.php(241): CodeIgniter\Autoloader\Autoloader->includeFile('C:\\xampp\\htdocs...')
#1 C:\xampp\htdocs\Parodi\system\Autoloader\Autoloader.php(219): CodeIgniter\Autoloader\Autoloader->loadInNamespace('App\\Controllers...')
#2 [internal function]: CodeIgniter\Autoloader\Autoloader->loadClass('App\\Controllers...')
#3 C:\xampp\htdocs\Parodi\system\CodeIgniter.php(797): class_exists('\\App\\Controller...', true)
#4 C:\xampp\htdocs\Parodi\system\CodeIgniter.php(406): CodeIgniter\CodeIgniter->startController()
#5 C:\xampp\htdocs\Parodi\system\CodeIgniter.php(326): CodeIgniter\CodeIgniter->handleRequest(NULL, Object(Config\Cache), false)
#6 C:\xampp\htdocs\Parodi\index.php(37): CodeIgniter\CodeIgniter->run()
#7 {main}
CRITICAL - 2022-05-22 11:11:08 --> syntax error, unexpected token "return"
#0 C:\xampp\htdocs\Parodi\system\Autoloader\Autoloader.php(241): CodeIgniter\Autoloader\Autoloader->includeFile('C:\\xampp\\htdocs...')
#1 C:\xampp\htdocs\Parodi\system\Autoloader\Autoloader.php(219): CodeIgniter\Autoloader\Autoloader->loadInNamespace('App\\Controllers...')
#2 [internal function]: CodeIgniter\Autoloader\Autoloader->loadClass('App\\Controllers...')
#3 C:\xampp\htdocs\Parodi\system\CodeIgniter.php(797): class_exists('\\App\\Controller...', true)
#4 C:\xampp\htdocs\Parodi\system\CodeIgniter.php(406): CodeIgniter\CodeIgniter->startController()
#5 C:\xampp\htdocs\Parodi\system\CodeIgniter.php(326): CodeIgniter\CodeIgniter->handleRequest(NULL, Object(Config\Cache), false)
#6 C:\xampp\htdocs\Parodi\index.php(37): CodeIgniter\CodeIgniter->run()
#7 {main}
CRITICAL - 2022-05-22 11:11:17 --> syntax error, unexpected identifier "back"
#0 C:\xampp\htdocs\Parodi\system\Autoloader\Autoloader.php(241): CodeIgniter\Autoloader\Autoloader->includeFile('C:\\xampp\\htdocs...')
#1 C:\xampp\htdocs\Parodi\system\Autoloader\Autoloader.php(219): CodeIgniter\Autoloader\Autoloader->loadInNamespace('App\\Controllers...')
#2 [internal function]: CodeIgniter\Autoloader\Autoloader->loadClass('App\\Controllers...')
#3 C:\xampp\htdocs\Parodi\system\CodeIgniter.php(797): class_exists('\\App\\Controller...', true)
#4 C:\xampp\htdocs\Parodi\system\CodeIgniter.php(406): CodeIgniter\CodeIgniter->startController()
#5 C:\xampp\htdocs\Parodi\system\CodeIgniter.php(326): CodeIgniter\CodeIgniter->handleRequest(NULL, Object(Config\Cache), false)
#6 C:\xampp\htdocs\Parodi\index.php(37): CodeIgniter\CodeIgniter->run()
#7 {main}
CRITICAL - 2022-05-22 11:11:26 --> syntax error, unexpected token "return"
#0 C:\xampp\htdocs\Parodi\system\Autoloader\Autoloader.php(241): CodeIgniter\Autoloader\Autoloader->includeFile('C:\\xampp\\htdocs...')
#1 C:\xampp\htdocs\Parodi\system\Autoloader\Autoloader.php(219): CodeIgniter\Autoloader\Autoloader->loadInNamespace('App\\Controllers...')
#2 [internal function]: CodeIgniter\Autoloader\Autoloader->loadClass('App\\Controllers...')
#3 C:\xampp\htdocs\Parodi\system\CodeIgniter.php(797): class_exists('\\App\\Controller...', true)
#4 C:\xampp\htdocs\Parodi\system\CodeIgniter.php(406): CodeIgniter\CodeIgniter->startController()
#5 C:\xampp\htdocs\Parodi\system\CodeIgniter.php(326): CodeIgniter\CodeIgniter->handleRequest(NULL, Object(Config\Cache), false)
#6 C:\xampp\htdocs\Parodi\index.php(37): CodeIgniter\CodeIgniter->run()
#7 {main}
CRITICAL - 2022-05-22 11:11:32 --> syntax error, unexpected token "return", expecting "," or ";"
#0 C:\xampp\htdocs\Parodi\system\Autoloader\Autoloader.php(241): CodeIgniter\Autoloader\Autoloader->includeFile('C:\\xampp\\htdocs...')
#1 C:\xampp\htdocs\Parodi\system\Autoloader\Autoloader.php(219): CodeIgniter\Autoloader\Autoloader->loadInNamespace('App\\Controllers...')
#2 [internal function]: CodeIgniter\Autoloader\Autoloader->loadClass('App\\Controllers...')
#3 C:\xampp\htdocs\Parodi\system\CodeIgniter.php(797): class_exists('\\App\\Controller...', true)
#4 C:\xampp\htdocs\Parodi\system\CodeIgniter.php(406): CodeIgniter\CodeIgniter->startController()
#5 C:\xampp\htdocs\Parodi\system\CodeIgniter.php(326): CodeIgniter\CodeIgniter->handleRequest(NULL, Object(Config\Cache), false)
#6 C:\xampp\htdocs\Parodi\index.php(37): CodeIgniter\CodeIgniter->run()
#7 {main}
CRITICAL - 2022-05-22 11:11:35 --> syntax error, unexpected token "return", expecting "," or ";"
#0 C:\xampp\htdocs\Parodi\system\Autoloader\Autoloader.php(241): CodeIgniter\Autoloader\Autoloader->includeFile('C:\\xampp\\htdocs...')
#1 C:\xampp\htdocs\Parodi\system\Autoloader\Autoloader.php(219): CodeIgniter\Autoloader\Autoloader->loadInNamespace('App\\Controllers...')
#2 [internal function]: CodeIgniter\Autoloader\Autoloader->loadClass('App\\Controllers...')
#3 C:\xampp\htdocs\Parodi\system\CodeIgniter.php(797): class_exists('\\App\\Controller...', true)
#4 C:\xampp\htdocs\Parodi\system\CodeIgniter.php(406): CodeIgniter\CodeIgniter->startController()
#5 C:\xampp\htdocs\Parodi\system\CodeIgniter.php(326): CodeIgniter\CodeIgniter->handleRequest(NULL, Object(Config\Cache), false)
#6 C:\xampp\htdocs\Parodi\index.php(37): CodeIgniter\CodeIgniter->run()
#7 {main}
CRITICAL - 2022-05-22 11:11:36 --> syntax error, unexpected token "return", expecting "," or ";"
#0 C:\xampp\htdocs\Parodi\system\Autoloader\Autoloader.php(241): CodeIgniter\Autoloader\Autoloader->includeFile('C:\\xampp\\htdocs...')
#1 C:\xampp\htdocs\Parodi\system\Autoloader\Autoloader.php(219): CodeIgniter\Autoloader\Autoloader->loadInNamespace('App\\Controllers...')
#2 [internal function]: CodeIgniter\Autoloader\Autoloader->loadClass('App\\Controllers...')
#3 C:\xampp\htdocs\Parodi\system\CodeIgniter.php(797): class_exists('\\App\\Controller...', true)
#4 C:\xampp\htdocs\Parodi\system\CodeIgniter.php(406): CodeIgniter\CodeIgniter->startController()
#5 C:\xampp\htdocs\Parodi\system\CodeIgniter.php(326): CodeIgniter\CodeIgniter->handleRequest(NULL, Object(Config\Cache), false)
#6 C:\xampp\htdocs\Parodi\index.php(37): CodeIgniter\CodeIgniter->run()
#7 {main}
CRITICAL - 2022-05-22 17:15:05 --> syntax error, unexpected end of file
#0 C:\xampp\htdocs\Parodi\system\View\View.php(213): CodeIgniter\View\View->CodeIgniter\View\{closure}()
#1 C:\xampp\htdocs\Parodi\system\Common.php(1089): CodeIgniter\View\View->render('back/panel', Array, true)
#2 C:\xampp\htdocs\Parodi\app\Controllers\Usuario_controller.php(13): view('back/panel')
#3 C:\xampp\htdocs\Parodi\system\CodeIgniter.php(832): App\Controllers\Usuario_controller->panel()
#4 C:\xampp\htdocs\Parodi\system\CodeIgniter.php(419): CodeIgniter\CodeIgniter->runController(Object(App\Controllers\Usuario_controller))
#5 C:\xampp\htdocs\Parodi\system\CodeIgniter.php(326): CodeIgniter\CodeIgniter->handleRequest(NULL, Object(Config\Cache), false)
#6 C:\xampp\htdocs\Parodi\index.php(37): CodeIgniter\CodeIgniter->run()
#7 {main}
CRITICAL - 2022-05-22 17:17:35 --> Undefined variable $people
#0 C:\xampp\htdocs\Parodi\app\Views\back\panel.php(27): CodeIgniter\Debug\Exceptions->errorHandler(2, 'Undefined varia...', 'C:\\xampp\\htdocs...', 27)
#1 C:\xampp\htdocs\Parodi\system\View\View.php(210): include('C:\\xampp\\htdocs...')
#2 C:\xampp\htdocs\Parodi\system\View\View.php(213): CodeIgniter\View\View->CodeIgniter\View\{closure}()
#3 C:\xampp\htdocs\Parodi\system\Common.php(1089): CodeIgniter\View\View->render('back/panel', Array, true)
#4 C:\xampp\htdocs\Parodi\app\Controllers\Usuario_controller.php(13): view('back/panel')
#5 C:\xampp\htdocs\Parodi\system\CodeIgniter.php(832): App\Controllers\Usuario_controller->panel()
#6 C:\xampp\htdocs\Parodi\system\CodeIgniter.php(419): CodeIgniter\CodeIgniter->runController(Object(App\Controllers\Usuario_controller))
#7 C:\xampp\htdocs\Parodi\system\CodeIgniter.php(326): CodeIgniter\CodeIgniter->handleRequest(NULL, Object(Config\Cache), false)
#8 C:\xampp\htdocs\Parodi\index.php(37): CodeIgniter\CodeIgniter->run()
#9 {main}
CRITICAL - 2022-05-22 17:17:37 --> Undefined variable $people
#0 C:\xampp\htdocs\Parodi\app\Views\back\panel.php(27): CodeIgniter\Debug\Exceptions->errorHandler(2, 'Undefined varia...', 'C:\\xampp\\htdocs...', 27)
#1 C:\xampp\htdocs\Parodi\system\View\View.php(210): include('C:\\xampp\\htdocs...')
#2 C:\xampp\htdocs\Parodi\system\View\View.php(213): CodeIgniter\View\View->CodeIgniter\View\{closure}()
#3 C:\xampp\htdocs\Parodi\system\Common.php(1089): CodeIgniter\View\View->render('back/panel', Array, true)
#4 C:\xampp\htdocs\Parodi\app\Controllers\Usuario_controller.php(13): view('back/panel')
#5 C:\xampp\htdocs\Parodi\system\CodeIgniter.php(832): App\Controllers\Usuario_controller->panel()
#6 C:\xampp\htdocs\Parodi\system\CodeIgniter.php(419): CodeIgniter\CodeIgniter->runController(Object(App\Controllers\Usuario_controller))
#7 C:\xampp\htdocs\Parodi\system\CodeIgniter.php(326): CodeIgniter\CodeIgniter->handleRequest(NULL, Object(Config\Cache), false)
#8 C:\xampp\htdocs\Parodi\index.php(37): CodeIgniter\CodeIgniter->run()
#9 {main}
CRITICAL - 2022-05-22 17:17:58 --> Undefined variable $usuarios
#0 C:\xampp\htdocs\Parodi\app\Views\back\panel.php(27): CodeIgniter\Debug\Exceptions->errorHandler(2, 'Undefined varia...', 'C:\\xampp\\htdocs...', 27)
#1 C:\xampp\htdocs\Parodi\system\View\View.php(210): include('C:\\xampp\\htdocs...')
#2 C:\xampp\htdocs\Parodi\system\View\View.php(213): CodeIgniter\View\View->CodeIgniter\View\{closure}()
#3 C:\xampp\htdocs\Parodi\system\Common.php(1089): CodeIgniter\View\View->render('back/panel', Array, true)
#4 C:\xampp\htdocs\Parodi\app\Controllers\Usuario_controller.php(13): view('back/panel')
#5 C:\xampp\htdocs\Parodi\system\CodeIgniter.php(832): App\Controllers\Usuario_controller->panel()
#6 C:\xampp\htdocs\Parodi\system\CodeIgniter.php(419): CodeIgniter\CodeIgniter->runController(Object(App\Controllers\Usuario_controller))
#7 C:\xampp\htdocs\Parodi\system\CodeIgniter.php(326): CodeIgniter\CodeIgniter->handleRequest(NULL, Object(Config\Cache), false)
#8 C:\xampp\htdocs\Parodi\index.php(37): CodeIgniter\CodeIgniter->run()
#9 {main}
CRITICAL - 2022-05-22 17:18:00 --> Undefined variable $usuarios
#0 C:\xampp\htdocs\Parodi\app\Views\back\panel.php(27): CodeIgniter\Debug\Exceptions->errorHandler(2, 'Undefined varia...', 'C:\\xampp\\htdocs...', 27)
#1 C:\xampp\htdocs\Parodi\system\View\View.php(210): include('C:\\xampp\\htdocs...')
#2 C:\xampp\htdocs\Parodi\system\View\View.php(213): CodeIgniter\View\View->CodeIgniter\View\{closure}()
#3 C:\xampp\htdocs\Parodi\system\Common.php(1089): CodeIgniter\View\View->render('back/panel', Array, true)
#4 C:\xampp\htdocs\Parodi\app\Controllers\Usuario_controller.php(13): view('back/panel')
#5 C:\xampp\htdocs\Parodi\system\CodeIgniter.php(832): App\Controllers\Usuario_controller->panel()
#6 C:\xampp\htdocs\Parodi\system\CodeIgniter.php(419): CodeIgniter\CodeIgniter->runController(Object(App\Controllers\Usuario_controller))
#7 C:\xampp\htdocs\Parodi\system\CodeIgniter.php(326): CodeIgniter\CodeIgniter->handleRequest(NULL, Object(Config\Cache), false)
#8 C:\xampp\htdocs\Parodi\index.php(37): CodeIgniter\CodeIgniter->run()
#9 {main}
CRITICAL - 2022-05-22 17:18:56 --> Undefined variable $usuario
#0 C:\xampp\htdocs\Parodi\app\Views\back\panel.php(27): CodeIgniter\Debug\Exceptions->errorHandler(2, 'Undefined varia...', 'C:\\xampp\\htdocs...', 27)
#1 C:\xampp\htdocs\Parodi\system\View\View.php(210): include('C:\\xampp\\htdocs...')
#2 C:\xampp\htdocs\Parodi\system\View\View.php(213): CodeIgniter\View\View->CodeIgniter\View\{closure}()
#3 C:\xampp\htdocs\Parodi\system\Common.php(1089): CodeIgniter\View\View->render('back/panel', Array, true)
#4 C:\xampp\htdocs\Parodi\app\Controllers\Usuario_controller.php(13): view('back/panel')
#5 C:\xampp\htdocs\Parodi\system\CodeIgniter.php(832): App\Controllers\Usuario_controller->panel()
#6 C:\xampp\htdocs\Parodi\system\CodeIgniter.php(419): CodeIgniter\CodeIgniter->runController(Object(App\Controllers\Usuario_controller))
#7 C:\xampp\htdocs\Parodi\system\CodeIgniter.php(326): CodeIgniter\CodeIgniter->handleRequest(NULL, Object(Config\Cache), false)
#8 C:\xampp\htdocs\Parodi\index.php(37): CodeIgniter\CodeIgniter->run()
#9 {main}
CRITICAL - 2022-05-22 17:20:43 --> Undefined variable $usuario
#0 C:\xampp\htdocs\Parodi\app\Views\back\panel.php(28): CodeIgniter\Debug\Exceptions->errorHandler(2, 'Undefined varia...', 'C:\\xampp\\htdocs...', 28)
#1 C:\xampp\htdocs\Parodi\system\View\View.php(210): include('C:\\xampp\\htdocs...')
#2 C:\xampp\htdocs\Parodi\system\View\View.php(213): CodeIgniter\View\View->CodeIgniter\View\{closure}()
#3 C:\xampp\htdocs\Parodi\system\Common.php(1089): CodeIgniter\View\View->render('back/panel', Array, true)
#4 C:\xampp\htdocs\Parodi\app\Controllers\Usuario_controller.php(13): view('back/panel')
#5 C:\xampp\htdocs\Parodi\system\CodeIgniter.php(832): App\Controllers\Usuario_controller->panel()
#6 C:\xampp\htdocs\Parodi\system\CodeIgniter.php(419): CodeIgniter\CodeIgniter->runController(Object(App\Controllers\Usuario_controller))
#7 C:\xampp\htdocs\Parodi\system\CodeIgniter.php(326): CodeIgniter\CodeIgniter->handleRequest(NULL, Object(Config\Cache), false)
#8 C:\xampp\htdocs\Parodi\index.php(37): CodeIgniter\CodeIgniter->run()
#9 {main}
CRITICAL - 2022-05-22 17:21:47 --> Undefined variable $usuarios
#0 C:\xampp\htdocs\Parodi\app\Views\back\panel.php(28): CodeIgniter\Debug\Exceptions->errorHandler(2, 'Undefined varia...', 'C:\\xampp\\htdocs...', 28)
#1 C:\xampp\htdocs\Parodi\system\View\View.php(210): include('C:\\xampp\\htdocs...')
#2 C:\xampp\htdocs\Parodi\system\View\View.php(213): CodeIgniter\View\View->CodeIgniter\View\{closure}()
#3 C:\xampp\htdocs\Parodi\system\Common.php(1089): CodeIgniter\View\View->render('back/panel', Array, true)
#4 C:\xampp\htdocs\Parodi\app\Controllers\Usuario_controller.php(13): view('back/panel')
#5 C:\xampp\htdocs\Parodi\system\CodeIgniter.php(832): App\Controllers\Usuario_controller->panel()
#6 C:\xampp\htdocs\Parodi\system\CodeIgniter.php(419): CodeIgniter\CodeIgniter->runController(Object(App\Controllers\Usuario_controller))
#7 C:\xampp\htdocs\Parodi\system\CodeIgniter.php(326): CodeIgniter\CodeIgniter->handleRequest(NULL, Object(Config\Cache), false)
#8 C:\xampp\htdocs\Parodi\index.php(37): CodeIgniter\CodeIgniter->run()
#9 {main}
CRITICAL - 2022-05-22 17:22:50 --> Undefined variable $usuarios
#0 C:\xampp\htdocs\Parodi\app\Views\back\panel.php(28): CodeIgniter\Debug\Exceptions->errorHandler(2, 'Undefined varia...', 'C:\\xampp\\htdocs...', 28)
#1 C:\xampp\htdocs\Parodi\system\View\View.php(210): include('C:\\xampp\\htdocs...')
#2 C:\xampp\htdocs\Parodi\system\View\View.php(213): CodeIgniter\View\View->CodeIgniter\View\{closure}()
#3 C:\xampp\htdocs\Parodi\system\Common.php(1089): CodeIgniter\View\View->render('back/panel', Array, true)
#4 C:\xampp\htdocs\Parodi\app\Controllers\Usuario_controller.php(13): view('back/panel')
#5 C:\xampp\htdocs\Parodi\system\CodeIgniter.php(832): App\Controllers\Usuario_controller->panel()
#6 C:\xampp\htdocs\Parodi\system\CodeIgniter.php(419): CodeIgniter\CodeIgniter->runController(Object(App\Controllers\Usuario_controller))
#7 C:\xampp\htdocs\Parodi\system\CodeIgniter.php(326): CodeIgniter\CodeIgniter->handleRequest(NULL, Object(Config\Cache), false)
#8 C:\xampp\htdocs\Parodi\index.php(37): CodeIgniter\CodeIgniter->run()
#9 {main}
CRITICAL - 2022-05-22 17:22:51 --> Undefined variable $usuarios
#0 C:\xampp\htdocs\Parodi\app\Views\back\panel.php(28): CodeIgniter\Debug\Exceptions->errorHandler(2, 'Undefined varia...', 'C:\\xampp\\htdocs...', 28)
#1 C:\xampp\htdocs\Parodi\system\View\View.php(210): include('C:\\xampp\\htdocs...')
#2 C:\xampp\htdocs\Parodi\system\View\View.php(213): CodeIgniter\View\View->CodeIgniter\View\{closure}()
#3 C:\xampp\htdocs\Parodi\system\Common.php(1089): CodeIgniter\View\View->render('back/panel', Array, true)
#4 C:\xampp\htdocs\Parodi\app\Controllers\Usuario_controller.php(13): view('back/panel')
#5 C:\xampp\htdocs\Parodi\system\CodeIgniter.php(832): App\Controllers\Usuario_controller->panel()
#6 C:\xampp\htdocs\Parodi\system\CodeIgniter.php(419): CodeIgniter\CodeIgniter->runController(Object(App\Controllers\Usuario_controller))
#7 C:\xampp\htdocs\Parodi\system\CodeIgniter.php(326): CodeIgniter\CodeIgniter->handleRequest(NULL, Object(Config\Cache), false)
#8 C:\xampp\htdocs\Parodi\index.php(37): CodeIgniter\CodeIgniter->run()
#9 {main}
CRITICAL - 2022-05-22 17:22:52 --> Undefined variable $usuarios
#0 C:\xampp\htdocs\Parodi\app\Views\back\panel.php(28): CodeIgniter\Debug\Exceptions->errorHandler(2, 'Undefined varia...', 'C:\\xampp\\htdocs...', 28)
#1 C:\xampp\htdocs\Parodi\system\View\View.php(210): include('C:\\xampp\\htdocs...')
#2 C:\xampp\htdocs\Parodi\system\View\View.php(213): CodeIgniter\View\View->CodeIgniter\View\{closure}()
#3 C:\xampp\htdocs\Parodi\system\Common.php(1089): CodeIgniter\View\View->render('back/panel', Array, true)
#4 C:\xampp\htdocs\Parodi\app\Controllers\Usuario_controller.php(13): view('back/panel')
#5 C:\xampp\htdocs\Parodi\system\CodeIgniter.php(832): App\Controllers\Usuario_controller->panel()
#6 C:\xampp\htdocs\Parodi\system\CodeIgniter.php(419): CodeIgniter\CodeIgniter->runController(Object(App\Controllers\Usuario_controller))
#7 C:\xampp\htdocs\Parodi\system\CodeIgniter.php(326): CodeIgniter\CodeIgniter->handleRequest(NULL, Object(Config\Cache), false)
#8 C:\xampp\htdocs\Parodi\index.php(37): CodeIgniter\CodeIgniter->run()
#9 {main}
CRITICAL - 2022-05-22 17:22:52 --> Undefined variable $usuarios
#0 C:\xampp\htdocs\Parodi\app\Views\back\panel.php(28): CodeIgniter\Debug\Exceptions->errorHandler(2, 'Undefined varia...', 'C:\\xampp\\htdocs...', 28)
#1 C:\xampp\htdocs\Parodi\system\View\View.php(210): include('C:\\xampp\\htdocs...')
#2 C:\xampp\htdocs\Parodi\system\View\View.php(213): CodeIgniter\View\View->CodeIgniter\View\{closure}()
#3 C:\xampp\htdocs\Parodi\system\Common.php(1089): CodeIgniter\View\View->render('back/panel', Array, true)
#4 C:\xampp\htdocs\Parodi\app\Controllers\Usuario_controller.php(13): view('back/panel')
#5 C:\xampp\htdocs\Parodi\system\CodeIgniter.php(832): App\Controllers\Usuario_controller->panel()
#6 C:\xampp\htdocs\Parodi\system\CodeIgniter.php(419): CodeIgniter\CodeIgniter->runController(Object(App\Controllers\Usuario_controller))
#7 C:\xampp\htdocs\Parodi\system\CodeIgniter.php(326): CodeIgniter\CodeIgniter->handleRequest(NULL, Object(Config\Cache), false)
#8 C:\xampp\htdocs\Parodi\index.php(37): CodeIgniter\CodeIgniter->run()
#9 {main}
CRITICAL - 2022-05-22 17:50:07 --> Attempt to read property "cuit" on array
#0 C:\xampp\htdocs\Parodi\app\Views\back\panel.php(31): CodeIgniter\Debug\Exceptions->errorHandler(2, 'Attempt to read...', 'C:\\xampp\\htdocs...', 31)
#1 C:\xampp\htdocs\Parodi\system\View\View.php(210): include('C:\\xampp\\htdocs...')
#2 C:\xampp\htdocs\Parodi\system\View\View.php(213): CodeIgniter\View\View->CodeIgniter\View\{closure}()
#3 C:\xampp\htdocs\Parodi\system\Common.php(1089): CodeIgniter\View\View->render('back/panel', Array, true)
#4 C:\xampp\htdocs\Parodi\app\Controllers\Usuario_controller.php(15): view('back/panel', Array)
#5 C:\xampp\htdocs\Parodi\system\CodeIgniter.php(832): App\Controllers\Usuario_controller->panel()
#6 C:\xampp\htdocs\Parodi\system\CodeIgniter.php(419): CodeIgniter\CodeIgniter->runController(Object(App\Controllers\Usuario_controller))
#7 C:\xampp\htdocs\Parodi\system\CodeIgniter.php(326): CodeIgniter\CodeIgniter->handleRequest(NULL, Object(Config\Cache), false)
#8 C:\xampp\htdocs\Parodi\index.php(37): CodeIgniter\CodeIgniter->run()
#9 {main}
CRITICAL - 2022-05-22 17:50:28 --> Attempt to read property "cuit" on array
#0 C:\xampp\htdocs\Parodi\app\Views\back\panel.php(31): CodeIgniter\Debug\Exceptions->errorHandler(2, 'Attempt to read...', 'C:\\xampp\\htdocs...', 31)
#1 C:\xampp\htdocs\Parodi\system\View\View.php(210): include('C:\\xampp\\htdocs...')
#2 C:\xampp\htdocs\Parodi\system\View\View.php(213): CodeIgniter\View\View->CodeIgniter\View\{closure}()
#3 C:\xampp\htdocs\Parodi\system\Common.php(1089): CodeIgniter\View\View->render('back/panel', Array, true)
#4 C:\xampp\htdocs\Parodi\app\Controllers\Usuario_controller.php(15): view('back/panel', Array)
#5 C:\xampp\htdocs\Parodi\system\CodeIgniter.php(832): App\Controllers\Usuario_controller->panel()
#6 C:\xampp\htdocs\Parodi\system\CodeIgniter.php(419): CodeIgniter\CodeIgniter->runController(Object(App\Controllers\Usuario_controller))
#7 C:\xampp\htdocs\Parodi\system\CodeIgniter.php(326): CodeIgniter\CodeIgniter->handleRequest(NULL, Object(Config\Cache), false)
#8 C:\xampp\htdocs\Parodi\index.php(37): CodeIgniter\CodeIgniter->run()
#9 {main}
CRITICAL - 2022-05-22 17:50:52 --> Attempt to read property "cuit" on array
#0 C:\xampp\htdocs\Parodi\app\Views\back\panel.php(31): CodeIgniter\Debug\Exceptions->errorHandler(2, 'Attempt to read...', 'C:\\xampp\\htdocs...', 31)
#1 C:\xampp\htdocs\Parodi\system\View\View.php(210): include('C:\\xampp\\htdocs...')
#2 C:\xampp\htdocs\Parodi\system\View\View.php(213): CodeIgniter\View\View->CodeIgniter\View\{closure}()
#3 C:\xampp\htdocs\Parodi\system\Common.php(1089): CodeIgniter\View\View->render('back/panel', Array, true)
#4 C:\xampp\htdocs\Parodi\app\Controllers\Usuario_controller.php(15): view('back/panel', Array)
#5 C:\xampp\htdocs\Parodi\system\CodeIgniter.php(832): App\Controllers\Usuario_controller->panel()
#6 C:\xampp\htdocs\Parodi\system\CodeIgniter.php(419): CodeIgniter\CodeIgniter->runController(Object(App\Controllers\Usuario_controller))
#7 C:\xampp\htdocs\Parodi\system\CodeIgniter.php(326): CodeIgniter\CodeIgniter->handleRequest(NULL, Object(Config\Cache), false)
#8 C:\xampp\htdocs\Parodi\index.php(37): CodeIgniter\CodeIgniter->run()
#9 {main}
