ERROR - 2022-06-18 01:04:36 --> Unknown column 'subtotal' in 'field list'
CRITICAL - 2022-06-18 01:04:36 --> Unknown column 'subtotal' in 'field list'
#0 C:\xampp\htdocs\Parodi\system\Database\MySQLi\Connection.php(292): mysqli->query('INSERT INTO `ve...', 0)
#1 C:\xampp\htdocs\Parodi\system\Database\BaseConnection.php(670): CodeIgniter\Database\MySQLi\Connection->execute('INSERT INTO `ve...')
#2 C:\xampp\htdocs\Parodi\system\Database\BaseConnection.php(598): CodeIgniter\Database\BaseConnection->simpleQuery('INSERT INTO `ve...')
#3 C:\xampp\htdocs\Parodi\system\Database\BaseBuilder.php(1771): CodeIgniter\Database\BaseConnection->query('INSERT INTO `ve...', Array, false)
#4 C:\xampp\htdocs\Parodi\system\Model.php(239): CodeIgniter\Database\BaseBuilder->insert()
#5 C:\xampp\htdocs\Parodi\system\BaseModel.php(738): CodeIgniter\Model->doInsert(Array)
#6 C:\xampp\htdocs\Parodi\system\Model.php(625): CodeIgniter\BaseModel->insert(Array, true)
#7 C:\xampp\htdocs\Parodi\app\Controllers\Carrito_Controller.php(119): CodeIgniter\Model->insert(Array)
#8 C:\xampp\htdocs\Parodi\system\CodeIgniter.php(832): App\Controllers\Carrito_Controller->comprar()
#9 C:\xampp\htdocs\Parodi\system\CodeIgniter.php(419): CodeIgniter\CodeIgniter->runController(Object(App\Controllers\Carrito_Controller))
#10 C:\xampp\htdocs\Parodi\system\CodeIgniter.php(326): CodeIgniter\CodeIgniter->handleRequest(NULL, Object(Config\Cache), false)
#11 C:\xampp\htdocs\Parodi\index.php(37): CodeIgniter\CodeIgniter->run()
#12 {main}
CRITICAL - 2022-06-18 01:18:21 --> Undefined array key "descripcion_productos"
#0 C:\xampp\htdocs\Parodi\app\Views\back\carrito\misVentas.php(21): CodeIgniter\Debug\Exceptions->errorHandler(2, 'Undefined array...', 'C:\\xampp\\htdocs...', 21)
#1 C:\xampp\htdocs\Parodi\system\View\View.php(210): include('C:\\xampp\\htdocs...')
#2 C:\xampp\htdocs\Parodi\system\View\View.php(213): CodeIgniter\View\View->CodeIgniter\View\{closure}()
#3 C:\xampp\htdocs\Parodi\system\Common.php(1089): CodeIgniter\View\View->render('back/carrito/mi...', Array, true)
#4 C:\xampp\htdocs\Parodi\app\Controllers\Carrito_Controller.php(154): view('back/carrito/mi...', Array)
#5 C:\xampp\htdocs\Parodi\system\CodeIgniter.php(832): App\Controllers\Carrito_Controller->misVentas()
#6 C:\xampp\htdocs\Parodi\system\CodeIgniter.php(419): CodeIgniter\CodeIgniter->runController(Object(App\Controllers\Carrito_Controller))
#7 C:\xampp\htdocs\Parodi\system\CodeIgniter.php(326): CodeIgniter\CodeIgniter->handleRequest(NULL, Object(Config\Cache), false)
#8 C:\xampp\htdocs\Parodi\index.php(37): CodeIgniter\CodeIgniter->run()
#9 {main}
CRITICAL - 2022-06-18 01:18:39 --> Undefined array key "descripcion_ventas"
#0 C:\xampp\htdocs\Parodi\app\Views\back\carrito\misVentas.php(21): CodeIgniter\Debug\Exceptions->errorHandler(2, 'Undefined array...', 'C:\\xampp\\htdocs...', 21)
#1 C:\xampp\htdocs\Parodi\system\View\View.php(210): include('C:\\xampp\\htdocs...')
#2 C:\xampp\htdocs\Parodi\system\View\View.php(213): CodeIgniter\View\View->CodeIgniter\View\{closure}()
#3 C:\xampp\htdocs\Parodi\system\Common.php(1089): CodeIgniter\View\View->render('back/carrito/mi...', Array, true)
#4 C:\xampp\htdocs\Parodi\app\Controllers\Carrito_Controller.php(154): view('back/carrito/mi...', Array)
#5 C:\xampp\htdocs\Parodi\system\CodeIgniter.php(832): App\Controllers\Carrito_Controller->misVentas()
#6 C:\xampp\htdocs\Parodi\system\CodeIgniter.php(419): CodeIgniter\CodeIgniter->runController(Object(App\Controllers\Carrito_Controller))
#7 C:\xampp\htdocs\Parodi\system\CodeIgniter.php(326): CodeIgniter\CodeIgniter->handleRequest(NULL, Object(Config\Cache), false)
#8 C:\xampp\htdocs\Parodi\index.php(37): CodeIgniter\CodeIgniter->run()
#9 {main}
CRITICAL - 2022-06-18 14:29:04 --> syntax error, unexpected variable "$ventasModel"
#0 C:\xampp\htdocs\Parodi\system\Autoloader\Autoloader.php(241): CodeIgniter\Autoloader\Autoloader->includeFile('C:\\xampp\\htdocs...')
#1 C:\xampp\htdocs\Parodi\system\Autoloader\Autoloader.php(219): CodeIgniter\Autoloader\Autoloader->loadInNamespace('App\\Controllers...')
#2 [internal function]: CodeIgniter\Autoloader\Autoloader->loadClass('App\\Controllers...')
#3 C:\xampp\htdocs\Parodi\system\CodeIgniter.php(797): class_exists('\\App\\Controller...', true)
#4 C:\xampp\htdocs\Parodi\system\CodeIgniter.php(406): CodeIgniter\CodeIgniter->startController()
#5 C:\xampp\htdocs\Parodi\system\CodeIgniter.php(326): CodeIgniter\CodeIgniter->handleRequest(NULL, Object(Config\Cache), false)
#6 C:\xampp\htdocs\Parodi\index.php(37): CodeIgniter\CodeIgniter->run()
#7 {main}
CRITICAL - 2022-06-18 14:29:07 --> syntax error, unexpected token "var"
#0 C:\xampp\htdocs\Parodi\system\Autoloader\Autoloader.php(241): CodeIgniter\Autoloader\Autoloader->includeFile('C:\\xampp\\htdocs...')
#1 C:\xampp\htdocs\Parodi\system\Autoloader\Autoloader.php(219): CodeIgniter\Autoloader\Autoloader->loadInNamespace('App\\Controllers...')
#2 [internal function]: CodeIgniter\Autoloader\Autoloader->loadClass('App\\Controllers...')
#3 C:\xampp\htdocs\Parodi\system\CodeIgniter.php(797): class_exists('\\App\\Controller...', true)
#4 C:\xampp\htdocs\Parodi\system\CodeIgniter.php(406): CodeIgniter\CodeIgniter->startController()
#5 C:\xampp\htdocs\Parodi\system\CodeIgniter.php(326): CodeIgniter\CodeIgniter->handleRequest(NULL, Object(Config\Cache), false)
#6 C:\xampp\htdocs\Parodi\index.php(37): CodeIgniter\CodeIgniter->run()
#7 {main}
CRITICAL - 2022-06-18 14:29:11 --> syntax error, unexpected variable "$ventasModel"
#0 C:\xampp\htdocs\Parodi\system\Autoloader\Autoloader.php(241): CodeIgniter\Autoloader\Autoloader->includeFile('C:\\xampp\\htdocs...')
#1 C:\xampp\htdocs\Parodi\system\Autoloader\Autoloader.php(219): CodeIgniter\Autoloader\Autoloader->loadInNamespace('App\\Controllers...')
#2 [internal function]: CodeIgniter\Autoloader\Autoloader->loadClass('App\\Controllers...')
#3 C:\xampp\htdocs\Parodi\system\CodeIgniter.php(797): class_exists('\\App\\Controller...', true)
#4 C:\xampp\htdocs\Parodi\system\CodeIgniter.php(406): CodeIgniter\CodeIgniter->startController()
#5 C:\xampp\htdocs\Parodi\system\CodeIgniter.php(326): CodeIgniter\CodeIgniter->handleRequest(NULL, Object(Config\Cache), false)
#6 C:\xampp\htdocs\Parodi\index.php(37): CodeIgniter\CodeIgniter->run()
#7 {main}
CRITICAL - 2022-06-18 14:29:14 --> syntax error, unexpected variable "$ventasModel"
#0 C:\xampp\htdocs\Parodi\system\Autoloader\Autoloader.php(241): CodeIgniter\Autoloader\Autoloader->includeFile('C:\\xampp\\htdocs...')
#1 C:\xampp\htdocs\Parodi\system\Autoloader\Autoloader.php(219): CodeIgniter\Autoloader\Autoloader->loadInNamespace('App\\Controllers...')
#2 [internal function]: CodeIgniter\Autoloader\Autoloader->loadClass('App\\Controllers...')
#3 C:\xampp\htdocs\Parodi\system\CodeIgniter.php(797): class_exists('\\App\\Controller...', true)
#4 C:\xampp\htdocs\Parodi\system\CodeIgniter.php(406): CodeIgniter\CodeIgniter->startController()
#5 C:\xampp\htdocs\Parodi\system\CodeIgniter.php(326): CodeIgniter\CodeIgniter->handleRequest(NULL, Object(Config\Cache), false)
#6 C:\xampp\htdocs\Parodi\index.php(37): CodeIgniter\CodeIgniter->run()
#7 {main}
CRITICAL - 2022-06-18 15:14:49 --> Undefined array key "cant"
#0 C:\xampp\htdocs\Parodi\app\Views\back\carrito\misVentas.php(32): CodeIgniter\Debug\Exceptions->errorHandler(2, 'Undefined array...', 'C:\\xampp\\htdocs...', 32)
#1 C:\xampp\htdocs\Parodi\system\View\View.php(210): include('C:\\xampp\\htdocs...')
#2 C:\xampp\htdocs\Parodi\system\View\View.php(213): CodeIgniter\View\View->CodeIgniter\View\{closure}()
#3 C:\xampp\htdocs\Parodi\system\Common.php(1089): CodeIgniter\View\View->render('back/carrito/mi...', Array, true)
#4 C:\xampp\htdocs\Parodi\app\Controllers\Carrito_Controller.php(155): view('back/carrito/mi...', Array)
#5 C:\xampp\htdocs\Parodi\system\CodeIgniter.php(832): App\Controllers\Carrito_Controller->misVentas()
#6 C:\xampp\htdocs\Parodi\system\CodeIgniter.php(419): CodeIgniter\CodeIgniter->runController(Object(App\Controllers\Carrito_Controller))
#7 C:\xampp\htdocs\Parodi\system\CodeIgniter.php(326): CodeIgniter\CodeIgniter->handleRequest(NULL, Object(Config\Cache), false)
#8 C:\xampp\htdocs\Parodi\index.php(37): CodeIgniter\CodeIgniter->run()
#9 {main}
