CRITICAL - 2022-06-06 15:22:25 --> Class "Config\App\Filter\Admi" not found
#0 C:\xampp\htdocs\Parodi\system\CodeIgniter.php(393): CodeIgniter\Filters\Filters->run('panel', 'before')
#1 C:\xampp\htdocs\Parodi\system\CodeIgniter.php(326): CodeIgniter\CodeIgniter->handleRequest(NULL, Object(Config\Cache), false)
#2 C:\xampp\htdocs\Parodi\index.php(37): CodeIgniter\CodeIgniter->run()
#3 {main}
CRITICAL - 2022-06-06 15:24:29 --> Class "Config\App\Filters\Admi" not found
#0 C:\xampp\htdocs\Parodi\system\CodeIgniter.php(393): CodeIgniter\Filters\Filters->run('panel', 'before')
#1 C:\xampp\htdocs\Parodi\system\CodeIgniter.php(326): CodeIgniter\CodeIgniter->handleRequest(NULL, Object(Config\Cache), false)
#2 C:\xampp\htdocs\Parodi\index.php(37): CodeIgniter\CodeIgniter->run()
#3 {main}
CRITICAL - 2022-06-06 15:24:29 --> Class "Config\App\Filters\Admi" not found
#0 C:\xampp\htdocs\Parodi\system\CodeIgniter.php(393): CodeIgniter\Filters\Filters->run('panel', 'before')
#1 C:\xampp\htdocs\Parodi\system\CodeIgniter.php(326): CodeIgniter\CodeIgniter->handleRequest(NULL, Object(Config\Cache), false)
#2 C:\xampp\htdocs\Parodi\index.php(37): CodeIgniter\CodeIgniter->run()
#3 {main}
CRITICAL - 2022-06-06 18:20:41 --> Undefined variable $validation
#0 C:\xampp\htdocs\Parodi\app\Views\back\Admi\Admi.php(131): CodeIgniter\Debug\Exceptions->errorHandler(2, 'Undefined varia...', 'C:\\xampp\\htdocs...', 131)
#1 C:\xampp\htdocs\Parodi\system\View\View.php(210): include('C:\\xampp\\htdocs...')
#2 C:\xampp\htdocs\Parodi\system\View\View.php(213): CodeIgniter\View\View->CodeIgniter\View\{closure}()
#3 C:\xampp\htdocs\Parodi\system\Common.php(1089): CodeIgniter\View\View->render('back/Admi/Admi', Array, true)
#4 C:\xampp\htdocs\Parodi\app\Controllers\panelControllers.php(20): view('back/Admi/Admi', Array)
#5 C:\xampp\htdocs\Parodi\system\CodeIgniter.php(832): App\Controllers\panelControllers->panelDeCotrol()
#6 C:\xampp\htdocs\Parodi\system\CodeIgniter.php(419): CodeIgniter\CodeIgniter->runController(Object(App\Controllers\panelControllers))
#7 C:\xampp\htdocs\Parodi\system\CodeIgniter.php(326): CodeIgniter\CodeIgniter->handleRequest(NULL, Object(Config\Cache), false)
#8 C:\xampp\htdocs\Parodi\index.php(37): CodeIgniter\CodeIgniter->run()
#9 {main}
CRITICAL - 2022-06-06 18:20:54 --> Undefined variable $validation
#0 C:\xampp\htdocs\Parodi\app\Views\back\Admi\Admi.php(131): CodeIgniter\Debug\Exceptions->errorHandler(2, 'Undefined varia...', 'C:\\xampp\\htdocs...', 131)
#1 C:\xampp\htdocs\Parodi\system\View\View.php(210): include('C:\\xampp\\htdocs...')
#2 C:\xampp\htdocs\Parodi\system\View\View.php(213): CodeIgniter\View\View->CodeIgniter\View\{closure}()
#3 C:\xampp\htdocs\Parodi\system\Common.php(1089): CodeIgniter\View\View->render('back/Admi/Admi', Array, true)
#4 C:\xampp\htdocs\Parodi\app\Controllers\panelControllers.php(20): view('back/Admi/Admi', Array)
#5 C:\xampp\htdocs\Parodi\system\CodeIgniter.php(832): App\Controllers\panelControllers->panelDeCotrol()
#6 C:\xampp\htdocs\Parodi\system\CodeIgniter.php(419): CodeIgniter\CodeIgniter->runController(Object(App\Controllers\panelControllers))
#7 C:\xampp\htdocs\Parodi\system\CodeIgniter.php(326): CodeIgniter\CodeIgniter->handleRequest(NULL, Object(Config\Cache), false)
#8 C:\xampp\htdocs\Parodi\index.php(37): CodeIgniter\CodeIgniter->run()
#9 {main}
CRITICAL - 2022-06-06 18:21:02 --> Undefined variable $validation
#0 C:\xampp\htdocs\Parodi\app\Views\back\Admi\Admi.php(131): CodeIgniter\Debug\Exceptions->errorHandler(2, 'Undefined varia...', 'C:\\xampp\\htdocs...', 131)
#1 C:\xampp\htdocs\Parodi\system\View\View.php(210): include('C:\\xampp\\htdocs...')
#2 C:\xampp\htdocs\Parodi\system\View\View.php(213): CodeIgniter\View\View->CodeIgniter\View\{closure}()
#3 C:\xampp\htdocs\Parodi\system\Common.php(1089): CodeIgniter\View\View->render('back/Admi/Admi', Array, true)
#4 C:\xampp\htdocs\Parodi\app\Controllers\panelControllers.php(20): view('back/Admi/Admi', Array)
#5 C:\xampp\htdocs\Parodi\system\CodeIgniter.php(832): App\Controllers\panelControllers->panelDeCotrol()
#6 C:\xampp\htdocs\Parodi\system\CodeIgniter.php(419): CodeIgniter\CodeIgniter->runController(Object(App\Controllers\panelControllers))
#7 C:\xampp\htdocs\Parodi\system\CodeIgniter.php(326): CodeIgniter\CodeIgniter->handleRequest(NULL, Object(Config\Cache), false)
#8 C:\xampp\htdocs\Parodi\index.php(37): CodeIgniter\CodeIgniter->run()
#9 {main}
CRITICAL - 2022-06-06 18:21:16 --> Undefined variable $validation
#0 C:\xampp\htdocs\Parodi\app\Views\back\Admi\Admi.php(131): CodeIgniter\Debug\Exceptions->errorHandler(2, 'Undefined varia...', 'C:\\xampp\\htdocs...', 131)
#1 C:\xampp\htdocs\Parodi\system\View\View.php(210): include('C:\\xampp\\htdocs...')
#2 C:\xampp\htdocs\Parodi\system\View\View.php(213): CodeIgniter\View\View->CodeIgniter\View\{closure}()
#3 C:\xampp\htdocs\Parodi\system\Common.php(1089): CodeIgniter\View\View->render('back/Admi/Admi', Array, true)
#4 C:\xampp\htdocs\Parodi\app\Controllers\panelControllers.php(20): view('back/Admi/Admi', Array)
#5 C:\xampp\htdocs\Parodi\system\CodeIgniter.php(832): App\Controllers\panelControllers->panelDeCotrol()
#6 C:\xampp\htdocs\Parodi\system\CodeIgniter.php(419): CodeIgniter\CodeIgniter->runController(Object(App\Controllers\panelControllers))
#7 C:\xampp\htdocs\Parodi\system\CodeIgniter.php(326): CodeIgniter\CodeIgniter->handleRequest(NULL, Object(Config\Cache), false)
#8 C:\xampp\htdocs\Parodi\index.php(37): CodeIgniter\CodeIgniter->run()
#9 {main}
CRITICAL - 2022-06-06 18:21:19 --> Undefined variable $validation
#0 C:\xampp\htdocs\Parodi\app\Views\back\Admi\Admi.php(131): CodeIgniter\Debug\Exceptions->errorHandler(2, 'Undefined varia...', 'C:\\xampp\\htdocs...', 131)
#1 C:\xampp\htdocs\Parodi\system\View\View.php(210): include('C:\\xampp\\htdocs...')
#2 C:\xampp\htdocs\Parodi\system\View\View.php(213): CodeIgniter\View\View->CodeIgniter\View\{closure}()
#3 C:\xampp\htdocs\Parodi\system\Common.php(1089): CodeIgniter\View\View->render('back/Admi/Admi', Array, true)
#4 C:\xampp\htdocs\Parodi\app\Controllers\panelControllers.php(20): view('back/Admi/Admi', Array)
#5 C:\xampp\htdocs\Parodi\system\CodeIgniter.php(832): App\Controllers\panelControllers->panelDeCotrol()
#6 C:\xampp\htdocs\Parodi\system\CodeIgniter.php(419): CodeIgniter\CodeIgniter->runController(Object(App\Controllers\panelControllers))
#7 C:\xampp\htdocs\Parodi\system\CodeIgniter.php(326): CodeIgniter\CodeIgniter->handleRequest(NULL, Object(Config\Cache), false)
#8 C:\xampp\htdocs\Parodi\index.php(37): CodeIgniter\CodeIgniter->run()
#9 {main}
CRITICAL - 2022-06-06 18:21:22 --> Undefined variable $validation
#0 C:\xampp\htdocs\Parodi\app\Views\back\Admi\Admi.php(131): CodeIgniter\Debug\Exceptions->errorHandler(2, 'Undefined varia...', 'C:\\xampp\\htdocs...', 131)
#1 C:\xampp\htdocs\Parodi\system\View\View.php(210): include('C:\\xampp\\htdocs...')
#2 C:\xampp\htdocs\Parodi\system\View\View.php(213): CodeIgniter\View\View->CodeIgniter\View\{closure}()
#3 C:\xampp\htdocs\Parodi\system\Common.php(1089): CodeIgniter\View\View->render('back/Admi/Admi', Array, true)
#4 C:\xampp\htdocs\Parodi\app\Controllers\panelControllers.php(20): view('back/Admi/Admi', Array)
#5 C:\xampp\htdocs\Parodi\system\CodeIgniter.php(832): App\Controllers\panelControllers->panelDeCotrol()
#6 C:\xampp\htdocs\Parodi\system\CodeIgniter.php(419): CodeIgniter\CodeIgniter->runController(Object(App\Controllers\panelControllers))
#7 C:\xampp\htdocs\Parodi\system\CodeIgniter.php(326): CodeIgniter\CodeIgniter->handleRequest(NULL, Object(Config\Cache), false)
#8 C:\xampp\htdocs\Parodi\index.php(37): CodeIgniter\CodeIgniter->run()
#9 {main}
CRITICAL - 2022-06-06 18:21:25 --> Undefined variable $validation
#0 C:\xampp\htdocs\Parodi\app\Views\back\Admi\Admi.php(131): CodeIgniter\Debug\Exceptions->errorHandler(2, 'Undefined varia...', 'C:\\xampp\\htdocs...', 131)
#1 C:\xampp\htdocs\Parodi\system\View\View.php(210): include('C:\\xampp\\htdocs...')
#2 C:\xampp\htdocs\Parodi\system\View\View.php(213): CodeIgniter\View\View->CodeIgniter\View\{closure}()
#3 C:\xampp\htdocs\Parodi\system\Common.php(1089): CodeIgniter\View\View->render('back/Admi/Admi', Array, true)
#4 C:\xampp\htdocs\Parodi\app\Controllers\panelControllers.php(20): view('back/Admi/Admi', Array)
#5 C:\xampp\htdocs\Parodi\system\CodeIgniter.php(832): App\Controllers\panelControllers->panelDeCotrol()
#6 C:\xampp\htdocs\Parodi\system\CodeIgniter.php(419): CodeIgniter\CodeIgniter->runController(Object(App\Controllers\panelControllers))
#7 C:\xampp\htdocs\Parodi\system\CodeIgniter.php(326): CodeIgniter\CodeIgniter->handleRequest(NULL, Object(Config\Cache), false)
#8 C:\xampp\htdocs\Parodi\index.php(37): CodeIgniter\CodeIgniter->run()
#9 {main}
CRITICAL - 2022-06-06 18:21:34 --> Undefined variable $validation
#0 C:\xampp\htdocs\Parodi\app\Views\back\Admi\Admi.php(131): CodeIgniter\Debug\Exceptions->errorHandler(2, 'Undefined varia...', 'C:\\xampp\\htdocs...', 131)
#1 C:\xampp\htdocs\Parodi\system\View\View.php(210): include('C:\\xampp\\htdocs...')
#2 C:\xampp\htdocs\Parodi\system\View\View.php(213): CodeIgniter\View\View->CodeIgniter\View\{closure}()
#3 C:\xampp\htdocs\Parodi\system\Common.php(1089): CodeIgniter\View\View->render('back/Admi/Admi', Array, true)
#4 C:\xampp\htdocs\Parodi\app\Controllers\panelControllers.php(20): view('back/Admi/Admi', Array)
#5 C:\xampp\htdocs\Parodi\system\CodeIgniter.php(832): App\Controllers\panelControllers->panelDeCotrol()
#6 C:\xampp\htdocs\Parodi\system\CodeIgniter.php(419): CodeIgniter\CodeIgniter->runController(Object(App\Controllers\panelControllers))
#7 C:\xampp\htdocs\Parodi\system\CodeIgniter.php(326): CodeIgniter\CodeIgniter->handleRequest(NULL, Object(Config\Cache), false)
#8 C:\xampp\htdocs\Parodi\index.php(37): CodeIgniter\CodeIgniter->run()
#9 {main}
CRITICAL - 2022-06-06 18:26:50 --> Archivo inválido: back/Admi/Admi.php
#0 C:\xampp\htdocs\Parodi\system\View\View.php(198): CodeIgniter\Exceptions\FrameworkException::forInvalidFile('back/Admi/Admi....')
#1 C:\xampp\htdocs\Parodi\system\Common.php(1089): CodeIgniter\View\View->render('back/Admi/Admi', Array, true)
#2 C:\xampp\htdocs\Parodi\app\Controllers\panelControllers.php(20): view('back/Admi/Admi', Array)
#3 C:\xampp\htdocs\Parodi\system\CodeIgniter.php(832): App\Controllers\panelControllers->panelDeCotrol()
#4 C:\xampp\htdocs\Parodi\system\CodeIgniter.php(419): CodeIgniter\CodeIgniter->runController(Object(App\Controllers\panelControllers))
#5 C:\xampp\htdocs\Parodi\system\CodeIgniter.php(326): CodeIgniter\CodeIgniter->handleRequest(NULL, Object(Config\Cache), false)
#6 C:\xampp\htdocs\Parodi\index.php(37): CodeIgniter\CodeIgniter->run()
#7 {main}
